[GAP] locator=II_II.q24.a12.reply3 reason=no_segment_match
[GAP] locator=II_II.q26.a10.reply3 reason=no_segment_match
[GAP] locator=I_II.q102.a6.reply10 reason=no_segment_match
[GAP] locator=III.q22.a2.reply3 reason=no_segment_match
[GAP] locator=III.q55.a6.arg5 reason=no_segment_match
[GAP] locator=III.q57.a4.arg5 reason=no_segment_match
[GAP] locator=III.q57.a4.reply5 reason=no_segment_match
[GAP] locator=III.q7.a9.reply3 reason=no_segment_match
COVERAGE: segments_with_czech=20673 total_body_segments=22621 pct=91.4%
MISSING_CZECH: locator=I.q1.a4.reply0
MISSING_CZECH: locator=I.q101.a1.arg1
MISSING_CZECH: locator=I.q101.a1.arg2
MISSING_CZECH: locator=I.q101.a1.reply1
MISSING_CZECH: locator=I.q101.a1.reply2
MISSING_CZECH: locator=I.q101.a1.respondeo
MISSING_CZECH: locator=I.q101.a1.sed_contra
MISSING_CZECH: locator=I.q101.a2.arg2
MISSING_CZECH: locator=I.q101.a2.reply1
MISSING_CZECH: locator=I.q101.a2.reply2
MISSING_CZECH: locator=I.q101.a2.respondeo
MISSING_CZECH: locator=I.q101.a2.sed_contra
MISSING_CZECH: locator=I.q102.a1.arg1
MISSING_CZECH: locator=I.q102.a1.arg2
MISSING_CZECH: locator=I.q102.a1.arg3
MISSING_CZECH: locator=I.q102.a1.arg4
MISSING_CZECH: locator=I.q102.a1.arg5
MISSING_CZECH: locator=I.q102.a1.reply2
MISSING_CZECH: locator=I.q102.a1.reply3
MISSING_CZECH: locator=I.q102.a1.reply4
MISSING_CZECH: locator=I.q102.a1.reply5
MISSING_CZECH: locator=I.q102.a1.respondeo
MISSING_CZECH: locator=I.q102.a2.arg1
MISSING_CZECH: locator=I.q102.a2.arg2
MISSING_CZECH: locator=I.q102.a2.arg3
MISSING_CZECH: locator=I.q102.a2.arg4
MISSING_CZECH: locator=I.q102.a2.reply1
MISSING_CZECH: locator=I.q102.a2.reply2
MISSING_CZECH: locator=I.q102.a2.reply3
MISSING_CZECH: locator=I.q102.a2.reply4
MISSING_CZECH: locator=I.q102.a2.respondeo
MISSING_CZECH: locator=I.q102.a3.arg2
MISSING_CZECH: locator=I.q102.a3.arg3
MISSING_CZECH: locator=I.q102.a3.reply0
MISSING_CZECH: locator=I.q102.a3.respondeo
MISSING_CZECH: locator=I.q102.a3.sed_contra
MISSING_CZECH: locator=I.q102.a4.arg2
MISSING_CZECH: locator=I.q102.a4.arg3
MISSING_CZECH: locator=I.q102.a4.reply1
MISSING_CZECH: locator=I.q102.a4.reply2
MISSING_CZECH: locator=I.q102.a4.reply3
MISSING_CZECH: locator=I.q102.a4.respondeo
MISSING_CZECH: locator=I.q102.a4.sed_contra
MISSING_CZECH: locator=I.q103.a1.arg1
MISSING_CZECH: locator=I.q103.a1.arg2
MISSING_CZECH: locator=I.q103.a1.arg3
MISSING_CZECH: locator=I.q103.a1.reply2
MISSING_CZECH: locator=I.q103.a1.reply3
MISSING_CZECH: locator=I.q103.a1.respondeo
MISSING_CZECH: locator=I.q103.a2.arg2
MISSING_CZECH: locator=I.q103.a2.arg3
MISSING_CZECH: locator=I.q103.a2.reply1
MISSING_CZECH: locator=I.q103.a2.reply2
MISSING_CZECH: locator=I.q103.a2.reply3
MISSING_CZECH: locator=I.q103.a2.respondeo
MISSING_CZECH: locator=I.q103.a2.sed_contra
MISSING_CZECH: locator=I.q103.a3.arg1
MISSING_CZECH: locator=I.q103.a3.arg2
MISSING_CZECH: locator=I.q103.a3.arg3
MISSING_CZECH: locator=I.q103.a3.reply1
MISSING_CZECH: locator=I.q103.a3.reply2
MISSING_CZECH: locator=I.q103.a3.reply3
MISSING_CZECH: locator=I.q103.a3.respondeo
MISSING_CZECH: locator=I.q103.a3.sed_contra
MISSING_CZECH: locator=I.q103.a4.arg1
MISSING_CZECH: locator=I.q103.a4.arg3
MISSING_CZECH: locator=I.q103.a4.reply1
MISSING_CZECH: locator=I.q103.a4.respondeo
MISSING_CZECH: locator=I.q103.a4.sed_contra
MISSING_CZECH: locator=I.q103.a5.arg1
MISSING_CZECH: locator=I.q103.a5.arg2
MISSING_CZECH: locator=I.q103.a5.reply1
MISSING_CZECH: locator=I.q103.a5.reply2
MISSING_CZECH: locator=I.q103.a5.reply3
MISSING_CZECH: locator=I.q103.a5.respondeo
MISSING_CZECH: locator=I.q103.a5.sed_contra
MISSING_CZECH: locator=I.q103.a6.arg1
MISSING_CZECH: locator=I.q103.a6.arg2
MISSING_CZECH: locator=I.q103.a6.arg3
MISSING_CZECH: locator=I.q103.a6.reply1
MISSING_CZECH: locator=I.q103.a6.reply2
MISSING_CZECH: locator=I.q103.a7.arg1
MISSING_CZECH: locator=I.q103.a7.arg2
MISSING_CZECH: locator=I.q103.a7.arg3
MISSING_CZECH: locator=I.q103.a7.reply1
MISSING_CZECH: locator=I.q103.a7.reply2
MISSING_CZECH: locator=I.q103.a7.reply3
MISSING_CZECH: locator=I.q103.a7.respondeo
MISSING_CZECH: locator=I.q103.a7.sed_contra
MISSING_CZECH: locator=I.q103.a8.arg1
MISSING_CZECH: locator=I.q103.a8.arg3
MISSING_CZECH: locator=I.q103.a8.reply1
MISSING_CZECH: locator=I.q103.a8.reply3
MISSING_CZECH: locator=I.q103.a8.sed_contra
MISSING_CZECH: locator=I.q104.a1.arg2
MISSING_CZECH: locator=I.q104.a1.arg3
MISSING_CZECH: locator=I.q104.a1.arg4
MISSING_CZECH: locator=I.q104.a1.respondeo
MISSING_CZECH: locator=I.q104.a1.sed_contra
MISSING_CZECH: locator=I.q104.a2.arg2
MISSING_CZECH: locator=I.q104.a2.reply1
MISSING_CZECH: locator=I.q104.a2.reply3
MISSING_CZECH: locator=I.q104.a2.sed_contra
MISSING_CZECH: locator=I.q104.a3.arg1
MISSING_CZECH: locator=I.q104.a3.arg2
MISSING_CZECH: locator=I.q104.a3.reply1
MISSING_CZECH: locator=I.q104.a3.reply2
MISSING_CZECH: locator=I.q104.a3.reply3
MISSING_CZECH: locator=I.q104.a3.respondeo
MISSING_CZECH: locator=I.q104.a3.sed_contra
MISSING_CZECH: locator=I.q104.a4.arg2
MISSING_CZECH: locator=I.q104.a4.arg3
MISSING_CZECH: locator=I.q104.a4.reply1
MISSING_CZECH: locator=I.q104.a4.reply2
MISSING_CZECH: locator=I.q104.a4.reply3
MISSING_CZECH: locator=I.q104.a4.respondeo
MISSING_CZECH: locator=I.q104.a4.sed_contra
MISSING_CZECH: locator=I.q105.a1.arg1
MISSING_CZECH: locator=I.q105.a1.arg2
MISSING_CZECH: locator=I.q105.a1.arg3
MISSING_CZECH: locator=I.q105.a1.reply2
MISSING_CZECH: locator=I.q105.a1.respondeo
MISSING_CZECH: locator=I.q105.a1.sed_contra
MISSING_CZECH: locator=I.q105.a2.arg1
MISSING_CZECH: locator=I.q105.a2.arg3
MISSING_CZECH: locator=I.q105.a2.reply3
MISSING_CZECH: locator=I.q105.a2.respondeo
MISSING_CZECH: locator=I.q105.a2.sed_contra
MISSING_CZECH: locator=I.q105.a3.arg1
MISSING_CZECH: locator=I.q105.a3.arg2
MISSING_CZECH: locator=I.q105.a3.reply3
MISSING_CZECH: locator=I.q105.a3.respondeo
MISSING_CZECH: locator=I.q105.a4.arg2
MISSING_CZECH: locator=I.q105.a4.arg3
MISSING_CZECH: locator=I.q105.a4.reply1
MISSING_CZECH: locator=I.q105.a4.reply2
MISSING_CZECH: locator=I.q105.a4.reply3
MISSING_CZECH: locator=I.q105.a4.respondeo
MISSING_CZECH: locator=I.q105.a4.sed_contra
MISSING_CZECH: locator=I.q105.a5.arg2
MISSING_CZECH: locator=I.q105.a5.arg3
MISSING_CZECH: locator=I.q105.a5.reply1
MISSING_CZECH: locator=I.q105.a5.reply2
MISSING_CZECH: locator=I.q105.a5.reply3
MISSING_CZECH: locator=I.q105.a5.respondeo
MISSING_CZECH: locator=I.q105.a5.sed_contra
MISSING_CZECH: locator=I.q105.a6.arg1
MISSING_CZECH: locator=I.q105.a6.arg2
MISSING_CZECH: locator=I.q105.a6.arg3
MISSING_CZECH: locator=I.q105.a6.reply2
MISSING_CZECH: locator=I.q105.a6.reply3
MISSING_CZECH: locator=I.q105.a6.respondeo
MISSING_CZECH: locator=I.q105.a7.arg1
MISSING_CZECH: locator=I.q105.a7.arg3
MISSING_CZECH: locator=I.q105.a7.sed_contra
MISSING_CZECH: locator=I.q105.a8.arg2
MISSING_CZECH: locator=I.q105.a8.reply0
MISSING_CZECH: locator=I.q105.a8.respondeo
MISSING_CZECH: locator=I.q106.a1.arg2
MISSING_CZECH: locator=I.q106.a1.arg3
MISSING_CZECH: locator=I.q106.a1.reply1
MISSING_CZECH: locator=I.q106.a1.reply2
MISSING_CZECH: locator=I.q106.a1.reply3
MISSING_CZECH: locator=I.q106.a1.respondeo
MISSING_CZECH: locator=I.q106.a1.sed_contra
MISSING_CZECH: locator=I.q106.a2.arg2
MISSING_CZECH: locator=I.q106.a2.arg3
MISSING_CZECH: locator=I.q106.a2.reply1
MISSING_CZECH: locator=I.q106.a2.reply2
MISSING_CZECH: locator=I.q106.a2.reply3
MISSING_CZECH: locator=I.q106.a2.respondeo
MISSING_CZECH: locator=I.q106.a2.sed_contra
MISSING_CZECH: locator=I.q106.a3.arg2
MISSING_CZECH: locator=I.q106.a3.arg3
MISSING_CZECH: locator=I.q106.a3.reply2
MISSING_CZECH: locator=I.q106.a3.respondeo
MISSING_CZECH: locator=I.q106.a4.arg2
MISSING_CZECH: locator=I.q106.a4.reply1
MISSING_CZECH: locator=I.q106.a4.reply3
MISSING_CZECH: locator=I.q106.a4.sed_contra
MISSING_CZECH: locator=I.q107.a1.arg1
MISSING_CZECH: locator=I.q107.a1.arg2
MISSING_CZECH: locator=I.q107.a1.arg3
MISSING_CZECH: locator=I.q107.a1.reply1
MISSING_CZECH: locator=I.q107.a1.reply2
MISSING_CZECH: locator=I.q107.a1.reply3
MISSING_CZECH: locator=I.q107.a1.respondeo
MISSING_CZECH: locator=I.q107.a1.sed_contra
MISSING_CZECH: locator=I.q107.a2.arg2
MISSING_CZECH: locator=I.q107.a2.arg3
MISSING_CZECH: locator=I.q107.a2.reply1
MISSING_CZECH: locator=I.q107.a2.reply3
MISSING_CZECH: locator=I.q107.a2.respondeo
MISSING_CZECH: locator=I.q107.a2.sed_contra
MISSING_CZECH: locator=I.q107.a3.arg2
MISSING_CZECH: locator=I.q107.a3.reply1
MISSING_CZECH: locator=I.q107.a3.reply2
MISSING_CZECH: locator=I.q107.a3.respondeo
MISSING_CZECH: locator=I.q107.a3.sed_contra
MISSING_CZECH: locator=I.q107.a4.arg1
MISSING_CZECH: locator=I.q107.a4.arg2
MISSING_CZECH: locator=I.q107.a4.reply1
MISSING_CZECH: locator=I.q107.a4.sed_contra
MISSING_CZECH: locator=I.q107.a5.arg2
MISSING_CZECH: locator=I.q107.a5.arg3
MISSING_CZECH: locator=I.q107.a5.reply1
MISSING_CZECH: locator=I.q107.a5.reply3
MISSING_CZECH: locator=I.q107.a5.respondeo
MISSING_CZECH: locator=I.q107.a5.sed_contra
MISSING_CZECH: locator=I.q108.a1.arg2
MISSING_CZECH: locator=I.q108.a1.arg3
MISSING_CZECH: locator=I.q108.a1.reply1
MISSING_CZECH: locator=I.q108.a1.reply2
MISSING_CZECH: locator=I.q108.a1.reply3
MISSING_CZECH: locator=I.q108.a1.respondeo
MISSING_CZECH: locator=I.q108.a1.sed_contra
MISSING_CZECH: locator=I.q108.a2.arg2
MISSING_CZECH: locator=I.q108.a2.arg3
MISSING_CZECH: locator=I.q108.a2.reply1
MISSING_CZECH: locator=I.q108.a2.reply2
MISSING_CZECH: locator=I.q108.a2.respondeo
MISSING_CZECH: locator=I.q108.a2.sed_contra
MISSING_CZECH: locator=I.q108.a3.arg2
MISSING_CZECH: locator=I.q108.a3.arg3
MISSING_CZECH: locator=I.q108.a3.reply1
MISSING_CZECH: locator=I.q108.a3.reply2
MISSING_CZECH: locator=I.q108.a3.reply3
MISSING_CZECH: locator=I.q108.a3.respondeo
MISSING_CZECH: locator=I.q108.a3.sed_contra
MISSING_CZECH: locator=I.q108.a4.arg2
MISSING_CZECH: locator=I.q108.a4.arg3
MISSING_CZECH: locator=I.q108.a4.reply0
MISSING_CZECH: locator=I.q108.a4.respondeo
MISSING_CZECH: locator=I.q108.a4.sed_contra
MISSING_CZECH: locator=I.q108.a5.arg1
MISSING_CZECH: locator=I.q108.a5.arg2
MISSING_CZECH: locator=I.q108.a5.arg4
MISSING_CZECH: locator=I.q108.a5.arg5
MISSING_CZECH: locator=I.q108.a5.arg6
MISSING_CZECH: locator=I.q108.a5.reply2
MISSING_CZECH: locator=I.q108.a5.reply3
MISSING_CZECH: locator=I.q108.a5.reply4
MISSING_CZECH: locator=I.q108.a5.reply5
MISSING_CZECH: locator=I.q108.a5.reply6
MISSING_CZECH: locator=I.q108.a5.respondeo
MISSING_CZECH: locator=I.q108.a5.sed_contra
MISSING_CZECH: locator=I.q108.a6.arg2
MISSING_CZECH: locator=I.q108.a6.arg3
MISSING_CZECH: locator=I.q108.a6.arg4
MISSING_CZECH: locator=I.q108.a6.reply1
MISSING_CZECH: locator=I.q108.a6.reply2
MISSING_CZECH: locator=I.q108.a6.reply3
MISSING_CZECH: locator=I.q108.a6.reply4
MISSING_CZECH: locator=I.q108.a6.respondeo
MISSING_CZECH: locator=I.q108.a6.sed_contra
MISSING_CZECH: locator=I.q108.a7.arg2
MISSING_CZECH: locator=I.q108.a7.arg3
MISSING_CZECH: locator=I.q108.a7.reply1
MISSING_CZECH: locator=I.q108.a7.reply2
MISSING_CZECH: locator=I.q108.a7.reply3
MISSING_CZECH: locator=I.q108.a7.respondeo
MISSING_CZECH: locator=I.q108.a7.sed_contra
MISSING_CZECH: locator=I.q108.a8.arg2
MISSING_CZECH: locator=I.q108.a8.arg3
MISSING_CZECH: locator=I.q108.a8.reply1
MISSING_CZECH: locator=I.q108.a8.reply2
MISSING_CZECH: locator=I.q108.a8.reply3
MISSING_CZECH: locator=I.q108.a8.respondeo
MISSING_CZECH: locator=I.q108.a8.sed_contra
MISSING_CZECH: locator=I.q109.a1.arg1
MISSING_CZECH: locator=I.q109.a1.arg2
MISSING_CZECH: locator=I.q109.a1.arg3
MISSING_CZECH: locator=I.q109.a1.reply1
MISSING_CZECH: locator=I.q109.a1.reply2
MISSING_CZECH: locator=I.q109.a1.reply3
MISSING_CZECH: locator=I.q109.a1.respondeo
MISSING_CZECH: locator=I.q109.a1.sed_contra
MISSING_CZECH: locator=I.q109.a2.arg1
MISSING_CZECH: locator=I.q109.a2.arg2
MISSING_CZECH: locator=I.q109.a2.arg3
MISSING_CZECH: locator=I.q109.a2.reply1
MISSING_CZECH: locator=I.q109.a2.reply2
MISSING_CZECH: locator=I.q109.a2.reply3
MISSING_CZECH: locator=I.q109.a2.respondeo
MISSING_CZECH: locator=I.q109.a2.sed_contra
MISSING_CZECH: locator=I.q109.a3.arg1
MISSING_CZECH: locator=I.q109.a3.arg2
MISSING_CZECH: locator=I.q109.a3.reply1
MISSING_CZECH: locator=I.q109.a3.reply2
MISSING_CZECH: locator=I.q109.a3.respondeo
MISSING_CZECH: locator=I.q109.a3.sed_contra
MISSING_CZECH: locator=I.q109.a4.arg2
MISSING_CZECH: locator=I.q109.a4.arg3
MISSING_CZECH: locator=I.q109.a4.reply1
MISSING_CZECH: locator=I.q109.a4.reply2
MISSING_CZECH: locator=I.q109.a4.reply3
MISSING_CZECH: locator=I.q109.a4.respondeo
MISSING_CZECH: locator=I.q109.a4.sed_contra
MISSING_CZECH: locator=I.q110.a1.arg1
MISSING_CZECH: locator=I.q110.a1.arg2
MISSING_CZECH: locator=I.q110.a1.reply1
MISSING_CZECH: locator=I.q110.a1.reply2
MISSING_CZECH: locator=I.q110.a1.reply3
MISSING_CZECH: locator=I.q110.a1.respondeo
MISSING_CZECH: locator=I.q110.a1.sed_contra
MISSING_CZECH: locator=I.q110.a2.arg2
MISSING_CZECH: locator=I.q110.a2.arg3
MISSING_CZECH: locator=I.q110.a2.reply1
MISSING_CZECH: locator=I.q110.a2.reply2
MISSING_CZECH: locator=I.q110.a2.reply3
MISSING_CZECH: locator=I.q110.a2.respondeo
MISSING_CZECH: locator=I.q110.a2.sed_contra
MISSING_CZECH: locator=I.q110.a3.arg1
MISSING_CZECH: locator=I.q110.a3.arg2
MISSING_CZECH: locator=I.q110.a3.arg3
MISSING_CZECH: locator=I.q110.a3.reply1
MISSING_CZECH: locator=I.q110.a3.reply2
MISSING_CZECH: locator=I.q110.a3.reply3
MISSING_CZECH: locator=I.q110.a3.respondeo
MISSING_CZECH: locator=I.q110.a3.sed_contra
MISSING_CZECH: locator=I.q110.a4.arg2
MISSING_CZECH: locator=I.q110.a4.arg3
MISSING_CZECH: locator=I.q110.a4.arg4
MISSING_CZECH: locator=I.q110.a4.reply1
MISSING_CZECH: locator=I.q110.a4.reply3
MISSING_CZECH: locator=I.q110.a4.reply4
MISSING_CZECH: locator=I.q110.a4.sed_contra
MISSING_CZECH: locator=I.q111.a1.arg1
MISSING_CZECH: locator=I.q111.a1.arg2
MISSING_CZECH: locator=I.q111.a1.arg3
MISSING_CZECH: locator=I.q111.a1.reply1
MISSING_CZECH: locator=I.q111.a1.reply2
MISSING_CZECH: locator=I.q111.a1.reply3
MISSING_CZECH: locator=I.q111.a1.respondeo
MISSING_CZECH: locator=I.q111.a2.arg2
MISSING_CZECH: locator=I.q111.a2.arg3
MISSING_CZECH: locator=I.q111.a2.reply1
MISSING_CZECH: locator=I.q111.a2.reply2
MISSING_CZECH: locator=I.q111.a2.respondeo
MISSING_CZECH: locator=I.q111.a2.sed_contra
MISSING_CZECH: locator=I.q111.a3.arg2
MISSING_CZECH: locator=I.q111.a3.arg3
MISSING_CZECH: locator=I.q111.a3.arg4
MISSING_CZECH: locator=I.q111.a3.reply1
MISSING_CZECH: locator=I.q111.a3.reply2
MISSING_CZECH: locator=I.q111.a3.reply3
MISSING_CZECH: locator=I.q111.a3.reply4
MISSING_CZECH: locator=I.q111.a3.respondeo
MISSING_CZECH: locator=I.q111.a3.sed_contra
MISSING_CZECH: locator=I.q111.a4.arg1
MISSING_CZECH: locator=I.q111.a4.arg3
MISSING_CZECH: locator=I.q111.a4.reply1
MISSING_CZECH: locator=I.q111.a4.reply2
MISSING_CZECH: locator=I.q111.a4.respondeo
MISSING_CZECH: locator=I.q112.a1.arg2
MISSING_CZECH: locator=I.q112.a1.arg3
MISSING_CZECH: locator=I.q112.a1.arg4
MISSING_CZECH: locator=I.q112.a1.reply2
MISSING_CZECH: locator=I.q112.a1.reply4
MISSING_CZECH: locator=I.q112.a1.respondeo
MISSING_CZECH: locator=I.q112.a1.sed_contra
MISSING_CZECH: locator=I.q112.a2.arg2
MISSING_CZECH: locator=I.q112.a2.arg3
MISSING_CZECH: locator=I.q112.a2.arg4
MISSING_CZECH: locator=I.q112.a2.reply2
MISSING_CZECH: locator=I.q112.a2.reply4
MISSING_CZECH: locator=I.q112.a2.respondeo
MISSING_CZECH: locator=I.q112.a2.sed_contra
MISSING_CZECH: locator=I.q112.a3.arg1
MISSING_CZECH: locator=I.q112.a3.arg2
MISSING_CZECH: locator=I.q112.a3.arg3
MISSING_CZECH: locator=I.q112.a3.arg4
MISSING_CZECH: locator=I.q112.a3.reply1
MISSING_CZECH: locator=I.q112.a3.reply3
MISSING_CZECH: locator=I.q112.a3.sed_contra
MISSING_CZECH: locator=I.q112.a4.arg1
MISSING_CZECH: locator=I.q112.a4.arg2
MISSING_CZECH: locator=I.q112.a4.reply2
MISSING_CZECH: locator=I.q112.a4.respondeo
MISSING_CZECH: locator=I.q112.a4.sed_contra
MISSING_CZECH: locator=I.q113.a1.arg1
MISSING_CZECH: locator=I.q113.a1.arg2
MISSING_CZECH: locator=I.q113.a1.arg3
MISSING_CZECH: locator=I.q113.a1.reply1
MISSING_CZECH: locator=I.q113.a1.reply2
MISSING_CZECH: locator=I.q113.a1.reply3
MISSING_CZECH: locator=I.q113.a1.respondeo
MISSING_CZECH: locator=I.q113.a1.sed_contra
MISSING_CZECH: locator=I.q113.a2.arg1
MISSING_CZECH: locator=I.q113.a2.arg2
MISSING_CZECH: locator=I.q113.a2.arg3
MISSING_CZECH: locator=I.q113.a2.reply1
MISSING_CZECH: locator=I.q113.a2.reply2
MISSING_CZECH: locator=I.q113.a2.reply3
MISSING_CZECH: locator=I.q113.a2.respondeo
MISSING_CZECH: locator=I.q113.a2.sed_contra
MISSING_CZECH: locator=I.q113.a3.arg1
MISSING_CZECH: locator=I.q113.a3.arg2
MISSING_CZECH: locator=I.q113.a3.arg3
MISSING_CZECH: locator=I.q113.a3.reply1
MISSING_CZECH: locator=I.q113.a3.reply2
MISSING_CZECH: locator=I.q113.a3.reply3
MISSING_CZECH: locator=I.q113.a3.respondeo
MISSING_CZECH: locator=I.q113.a3.sed_contra
MISSING_CZECH: locator=I.q113.a4.arg1
MISSING_CZECH: locator=I.q113.a4.arg2
MISSING_CZECH: locator=I.q113.a4.arg3
MISSING_CZECH: locator=I.q113.a4.reply1
MISSING_CZECH: locator=I.q113.a4.reply2
MISSING_CZECH: locator=I.q113.a4.reply3
MISSING_CZECH: locator=I.q113.a4.respondeo
MISSING_CZECH: locator=I.q113.a4.sed_contra
MISSING_CZECH: locator=I.q113.a5.arg1
MISSING_CZECH: locator=I.q113.a5.arg2
MISSING_CZECH: locator=I.q113.a5.arg3
MISSING_CZECH: locator=I.q113.a5.reply1
MISSING_CZECH: locator=I.q113.a5.reply2
MISSING_CZECH: locator=I.q113.a5.respondeo
MISSING_CZECH: locator=I.q113.a5.sed_contra
MISSING_CZECH: locator=I.q113.a6.arg1
MISSING_CZECH: locator=I.q113.a6.arg2
MISSING_CZECH: locator=I.q113.a6.arg3
MISSING_CZECH: locator=I.q113.a6.reply1
MISSING_CZECH: locator=I.q113.a6.reply3
MISSING_CZECH: locator=I.q113.a6.respondeo
MISSING_CZECH: locator=I.q113.a7.arg1
MISSING_CZECH: locator=I.q113.a7.arg2
MISSING_CZECH: locator=I.q113.a7.arg3
MISSING_CZECH: locator=I.q113.a7.arg4
MISSING_CZECH: locator=I.q113.a7.reply1
MISSING_CZECH: locator=I.q113.a7.reply2
MISSING_CZECH: locator=I.q113.a7.reply3
MISSING_CZECH: locator=I.q113.a7.reply4
MISSING_CZECH: locator=I.q113.a7.respondeo
MISSING_CZECH: locator=I.q113.a7.sed_contra
MISSING_CZECH: locator=I.q113.a8.arg2
MISSING_CZECH: locator=I.q113.a8.reply0
MISSING_CZECH: locator=I.q113.a8.sed_contra
MISSING_CZECH: locator=I.q114.a1.arg1
MISSING_CZECH: locator=I.q114.a1.arg2
MISSING_CZECH: locator=I.q114.a1.arg3
MISSING_CZECH: locator=I.q114.a1.reply2
MISSING_CZECH: locator=I.q114.a1.reply3
MISSING_CZECH: locator=I.q114.a1.respondeo
MISSING_CZECH: locator=I.q114.a1.sed_contra
MISSING_CZECH: locator=I.q114.a2.arg1
MISSING_CZECH: locator=I.q114.a2.arg3
MISSING_CZECH: locator=I.q114.a2.reply1
MISSING_CZECH: locator=I.q114.a2.reply2
MISSING_CZECH: locator=I.q114.a2.reply3
MISSING_CZECH: locator=I.q114.a2.respondeo
MISSING_CZECH: locator=I.q114.a2.sed_contra
MISSING_CZECH: locator=I.q114.a3.arg2
MISSING_CZECH: locator=I.q114.a3.arg3
MISSING_CZECH: locator=I.q114.a3.reply1
MISSING_CZECH: locator=I.q114.a3.reply2
MISSING_CZECH: locator=I.q114.a3.reply3
MISSING_CZECH: locator=I.q114.a3.respondeo
MISSING_CZECH: locator=I.q114.a3.sed_contra
MISSING_CZECH: locator=I.q114.a4.arg2
MISSING_CZECH: locator=I.q114.a4.arg3
MISSING_CZECH: locator=I.q114.a4.reply1
MISSING_CZECH: locator=I.q114.a4.reply2
MISSING_CZECH: locator=I.q114.a4.reply3
MISSING_CZECH: locator=I.q114.a4.respondeo
MISSING_CZECH: locator=I.q114.a4.sed_contra
MISSING_CZECH: locator=I.q114.a5.arg2
MISSING_CZECH: locator=I.q114.a5.reply0
MISSING_CZECH: locator=I.q114.a5.respondeo
MISSING_CZECH: locator=I.q114.a5.sed_contra
MISSING_CZECH: locator=I.q115.a1.arg1
MISSING_CZECH: locator=I.q115.a1.arg2
MISSING_CZECH: locator=I.q115.a1.arg3
MISSING_CZECH: locator=I.q115.a1.arg4
MISSING_CZECH: locator=I.q115.a1.arg5
MISSING_CZECH: locator=I.q115.a1.reply1
MISSING_CZECH: locator=I.q115.a1.reply2
MISSING_CZECH: locator=I.q115.a1.reply3
MISSING_CZECH: locator=I.q115.a1.reply4
MISSING_CZECH: locator=I.q115.a1.sed_contra
MISSING_CZECH: locator=I.q115.a2.arg2
MISSING_CZECH: locator=I.q115.a2.arg3
MISSING_CZECH: locator=I.q115.a2.arg4
MISSING_CZECH: locator=I.q115.a2.reply1
MISSING_CZECH: locator=I.q115.a2.reply2
MISSING_CZECH: locator=I.q115.a2.reply3
MISSING_CZECH: locator=I.q115.a2.reply4
MISSING_CZECH: locator=I.q115.a2.respondeo
MISSING_CZECH: locator=I.q115.a2.sed_contra
MISSING_CZECH: locator=I.q115.a3.arg2
MISSING_CZECH: locator=I.q115.a3.arg3
MISSING_CZECH: locator=I.q115.a3.arg4
MISSING_CZECH: locator=I.q115.a3.reply1
MISSING_CZECH: locator=I.q115.a3.reply2
MISSING_CZECH: locator=I.q115.a3.reply3
MISSING_CZECH: locator=I.q115.a3.reply4
MISSING_CZECH: locator=I.q115.a3.respondeo
MISSING_CZECH: locator=I.q115.a3.sed_contra
MISSING_CZECH: locator=I.q115.a4.arg2
MISSING_CZECH: locator=I.q115.a4.arg3
MISSING_CZECH: locator=I.q115.a4.reply1
MISSING_CZECH: locator=I.q115.a4.reply2
MISSING_CZECH: locator=I.q115.a4.reply3
MISSING_CZECH: locator=I.q115.a4.respondeo
MISSING_CZECH: locator=I.q115.a4.sed_contra
MISSING_CZECH: locator=I.q115.a5.arg2
MISSING_CZECH: locator=I.q115.a5.arg3
MISSING_CZECH: locator=I.q115.a5.reply1
MISSING_CZECH: locator=I.q115.a5.reply3
MISSING_CZECH: locator=I.q115.a5.respondeo
MISSING_CZECH: locator=I.q115.a5.sed_contra
MISSING_CZECH: locator=I.q115.a6.arg2
MISSING_CZECH: locator=I.q115.a6.arg3
MISSING_CZECH: locator=I.q115.a6.reply1
MISSING_CZECH: locator=I.q115.a6.reply2
MISSING_CZECH: locator=I.q115.a6.reply3
MISSING_CZECH: locator=I.q115.a6.respondeo
MISSING_CZECH: locator=I.q115.a6.sed_contra
MISSING_CZECH: locator=I.q116.a1.arg1
MISSING_CZECH: locator=I.q116.a1.arg2
MISSING_CZECH: locator=I.q116.a1.reply1
MISSING_CZECH: locator=I.q116.a1.reply2
MISSING_CZECH: locator=I.q116.a1.respondeo
MISSING_CZECH: locator=I.q116.a2.arg1
MISSING_CZECH: locator=I.q116.a2.arg2
MISSING_CZECH: locator=I.q116.a2.arg3
MISSING_CZECH: locator=I.q116.a2.reply1
MISSING_CZECH: locator=I.q116.a2.reply2
MISSING_CZECH: locator=I.q116.a2.reply3
MISSING_CZECH: locator=I.q116.a2.respondeo
MISSING_CZECH: locator=I.q116.a2.sed_contra
MISSING_CZECH: locator=I.q116.a3.arg2
MISSING_CZECH: locator=I.q116.a3.arg3
MISSING_CZECH: locator=I.q116.a3.reply0
MISSING_CZECH: locator=I.q116.a3.respondeo
MISSING_CZECH: locator=I.q116.a3.sed_contra
MISSING_CZECH: locator=I.q116.a4.arg2
MISSING_CZECH: locator=I.q116.a4.arg3
MISSING_CZECH: locator=I.q116.a4.reply1
MISSING_CZECH: locator=I.q116.a4.reply2
MISSING_CZECH: locator=I.q116.a4.reply3
MISSING_CZECH: locator=I.q116.a4.respondeo
MISSING_CZECH: locator=I.q116.a4.sed_contra
MISSING_CZECH: locator=I.q117.a1.arg1
MISSING_CZECH: locator=I.q117.a1.arg2
MISSING_CZECH: locator=I.q117.a1.arg4
MISSING_CZECH: locator=I.q117.a1.reply1
MISSING_CZECH: locator=I.q117.a1.reply2
MISSING_CZECH: locator=I.q117.a1.reply4
MISSING_CZECH: locator=I.q117.a1.respondeo
MISSING_CZECH: locator=I.q117.a2.arg2
MISSING_CZECH: locator=I.q117.a2.arg3
MISSING_CZECH: locator=I.q117.a2.reply1
MISSING_CZECH: locator=I.q117.a2.reply2
MISSING_CZECH: locator=I.q117.a2.respondeo
MISSING_CZECH: locator=I.q117.a2.sed_contra
MISSING_CZECH: locator=I.q117.a3.arg2
MISSING_CZECH: locator=I.q117.a3.arg3
MISSING_CZECH: locator=I.q117.a3.reply1
MISSING_CZECH: locator=I.q117.a3.reply2
MISSING_CZECH: locator=I.q117.a3.reply3
MISSING_CZECH: locator=I.q117.a3.respondeo
MISSING_CZECH: locator=I.q117.a3.sed_contra
MISSING_CZECH: locator=I.q117.a4.arg2
MISSING_CZECH: locator=I.q117.a4.reply1
MISSING_CZECH: locator=I.q117.a4.reply2
MISSING_CZECH: locator=I.q117.a4.respondeo
MISSING_CZECH: locator=I.q117.a4.sed_contra
MISSING_CZECH: locator=I.q118.a1.arg1
MISSING_CZECH: locator=I.q118.a1.arg2
MISSING_CZECH: locator=I.q118.a1.arg3
MISSING_CZECH: locator=I.q118.a1.arg4
MISSING_CZECH: locator=I.q118.a1.reply1
MISSING_CZECH: locator=I.q118.a1.reply2
MISSING_CZECH: locator=I.q118.a1.reply3
MISSING_CZECH: locator=I.q118.a1.reply4
MISSING_CZECH: locator=I.q118.a1.respondeo
MISSING_CZECH: locator=I.q118.a2.arg1
MISSING_CZECH: locator=I.q118.a2.arg2
MISSING_CZECH: locator=I.q118.a2.arg3
MISSING_CZECH: locator=I.q118.a2.arg4
MISSING_CZECH: locator=I.q118.a2.arg5
MISSING_CZECH: locator=I.q118.a2.reply1
MISSING_CZECH: locator=I.q118.a2.reply2
MISSING_CZECH: locator=I.q118.a2.reply3
MISSING_CZECH: locator=I.q118.a2.reply4
MISSING_CZECH: locator=I.q118.a2.reply5
MISSING_CZECH: locator=I.q118.a2.sed_contra
MISSING_CZECH: locator=I.q118.a3.arg2
MISSING_CZECH: locator=I.q118.a3.arg3
MISSING_CZECH: locator=I.q118.a3.reply1
MISSING_CZECH: locator=I.q118.a3.reply2
MISSING_CZECH: locator=I.q118.a3.reply3
MISSING_CZECH: locator=I.q118.a3.respondeo
MISSING_CZECH: locator=I.q118.a3.sed_contra
MISSING_CZECH: locator=I.q119.a1.arg2
MISSING_CZECH: locator=I.q119.a1.arg4
MISSING_CZECH: locator=I.q119.a1.reply1
MISSING_CZECH: locator=I.q119.a1.reply3
MISSING_CZECH: locator=I.q119.a1.reply5
MISSING_CZECH: locator=I.q119.a1.sed_contra
MISSING_CZECH: locator=I.q119.a2.arg2
MISSING_CZECH: locator=I.q119.a2.arg3
MISSING_CZECH: locator=I.q119.a2.arg4
MISSING_CZECH: locator=I.q119.a2.reply1
MISSING_CZECH: locator=I.q119.a2.reply2
MISSING_CZECH: locator=I.q119.a2.reply3
MISSING_CZECH: locator=I.q119.a2.respondeo
MISSING_CZECH: locator=I.q119.a2.sed_contra
MISSING_CZECH: locator=I.q16.a2.reply0
MISSING_CZECH: locator=I.q32.a4.reply0
MISSING_CZECH: locator=I.q43.a8.reply0
MISSING_CZECH: locator=I.q52.a1.reply0
MISSING_CZECH: locator=I.q52.a2.reply1
MISSING_CZECH: locator=I.q57.a3.arg1
MISSING_CZECH: locator=I.q57.a3.arg2
MISSING_CZECH: locator=I.q57.a3.arg3
MISSING_CZECH: locator=I.q57.a3.arg4
MISSING_CZECH: locator=I.q57.a3.reply1
MISSING_CZECH: locator=I.q57.a3.reply2
MISSING_CZECH: locator=I.q57.a3.reply3
MISSING_CZECH: locator=I.q57.a3.reply4
MISSING_CZECH: locator=I.q57.a3.respondeo
MISSING_CZECH: locator=I.q57.a3.sed_contra
MISSING_CZECH: locator=I.q6.a4.reply0
MISSING_CZECH: locator=I.q63.a3.reply0
MISSING_CZECH: locator=I.q67.a1.reply0
MISSING_CZECH: locator=I.q84.a5.reply0
MISSING_CZECH: locator=I.q86.a3.reply0
MISSING_CZECH: locator=I.q96.a2.reply0
MISSING_CZECH: locator=I.q96.a4.reply0
MISSING_CZECH: locator=III.q1.a1.sed_contra
MISSING_CZECH: locator=III.q1.a2.sed_contra
MISSING_CZECH: locator=III.q1.a3.sed_contra
MISSING_CZECH: locator=III.q1.a4.sed_contra
MISSING_CZECH: locator=III.q1.a5.sed_contra
MISSING_CZECH: locator=III.q1.a6.sed_contra
MISSING_CZECH: locator=III.q10.a1.sed_contra
MISSING_CZECH: locator=III.q10.a2.sed_contra
MISSING_CZECH: locator=III.q10.a3.sed_contra
MISSING_CZECH: locator=III.q10.a4.sed_contra
MISSING_CZECH: locator=III.q11.a1.sed_contra
MISSING_CZECH: locator=III.q11.a2.sed_contra
MISSING_CZECH: locator=III.q11.a3.sed_contra
MISSING_CZECH: locator=III.q11.a4.reply0
MISSING_CZECH: locator=III.q11.a4.sed_contra
MISSING_CZECH: locator=III.q11.a5.sed_contra
MISSING_CZECH: locator=III.q11.a6.sed_contra
MISSING_CZECH: locator=III.q12.a1.sed_contra
MISSING_CZECH: locator=III.q12.a2.sed_contra
MISSING_CZECH: locator=III.q12.a3.sed_contra
MISSING_CZECH: locator=III.q12.a4.sed_contra
MISSING_CZECH: locator=III.q13.a1.sed_contra
MISSING_CZECH: locator=III.q13.a2.sed_contra
MISSING_CZECH: locator=III.q13.a3.sed_contra
MISSING_CZECH: locator=III.q13.a4.arg1
MISSING_CZECH: locator=III.q13.a4.arg2
MISSING_CZECH: locator=III.q13.a4.arg3
MISSING_CZECH: locator=III.q13.a4.reply1
MISSING_CZECH: locator=III.q13.a4.reply2
MISSING_CZECH: locator=III.q13.a4.reply3
MISSING_CZECH: locator=III.q13.a4.respondeo
MISSING_CZECH: locator=III.q13.a4.sed_contra
MISSING_CZECH: locator=III.q14.a1.sed_contra
MISSING_CZECH: locator=III.q14.a2.sed_contra
MISSING_CZECH: locator=III.q14.a3.sed_contra
MISSING_CZECH: locator=III.q14.a4.sed_contra
MISSING_CZECH: locator=III.q15.a1.sed_contra
MISSING_CZECH: locator=III.q15.a10.sed_contra
MISSING_CZECH: locator=III.q15.a2.sed_contra
MISSING_CZECH: locator=III.q15.a3.sed_contra
MISSING_CZECH: locator=III.q15.a4.sed_contra
MISSING_CZECH: locator=III.q15.a5.sed_contra
MISSING_CZECH: locator=III.q15.a6.sed_contra
MISSING_CZECH: locator=III.q15.a7.sed_contra
MISSING_CZECH: locator=III.q15.a8.sed_contra
MISSING_CZECH: locator=III.q15.a9.sed_contra
MISSING_CZECH: locator=III.q16.a1.sed_contra
MISSING_CZECH: locator=III.q16.a10.sed_contra
MISSING_CZECH: locator=III.q16.a11.sed_contra
MISSING_CZECH: locator=III.q16.a12.sed_contra
MISSING_CZECH: locator=III.q16.a2.sed_contra
MISSING_CZECH: locator=III.q16.a3.sed_contra
MISSING_CZECH: locator=III.q16.a4.sed_contra
MISSING_CZECH: locator=III.q16.a5.sed_contra
MISSING_CZECH: locator=III.q16.a6.sed_contra
MISSING_CZECH: locator=III.q16.a7.sed_contra
MISSING_CZECH: locator=III.q16.a8.sed_contra
MISSING_CZECH: locator=III.q16.a9.sed_contra
MISSING_CZECH: locator=III.q17.a1.sed_contra
MISSING_CZECH: locator=III.q17.a2.sed_contra
MISSING_CZECH: locator=III.q18.a1.sed_contra
MISSING_CZECH: locator=III.q18.a2.sed_contra
MISSING_CZECH: locator=III.q18.a3.sed_contra
MISSING_CZECH: locator=III.q18.a4.sed_contra
MISSING_CZECH: locator=III.q18.a5.sed_contra
MISSING_CZECH: locator=III.q18.a6.sed_contra
MISSING_CZECH: locator=III.q19.a1.sed_contra
MISSING_CZECH: locator=III.q19.a2.sed_contra
MISSING_CZECH: locator=III.q19.a3.sed_contra
MISSING_CZECH: locator=III.q19.a4.sed_contra
MISSING_CZECH: locator=III.q2.a1.sed_contra
MISSING_CZECH: locator=III.q2.a10.sed_contra
MISSING_CZECH: locator=III.q2.a11.sed_contra
MISSING_CZECH: locator=III.q2.a12.sed_contra
MISSING_CZECH: locator=III.q2.a2.sed_contra
MISSING_CZECH: locator=III.q2.a3.sed_contra
MISSING_CZECH: locator=III.q2.a4.sed_contra
MISSING_CZECH: locator=III.q2.a5.sed_contra
MISSING_CZECH: locator=III.q2.a6.sed_contra
MISSING_CZECH: locator=III.q2.a7.sed_contra
MISSING_CZECH: locator=III.q2.a8.sed_contra
MISSING_CZECH: locator=III.q2.a9.sed_contra
MISSING_CZECH: locator=III.q20.a1.sed_contra
MISSING_CZECH: locator=III.q20.a2.sed_contra
MISSING_CZECH: locator=III.q21.a1.sed_contra
MISSING_CZECH: locator=III.q21.a2.sed_contra
MISSING_CZECH: locator=III.q21.a3.sed_contra
MISSING_CZECH: locator=III.q21.a4.sed_contra
MISSING_CZECH: locator=III.q22.a1.sed_contra
MISSING_CZECH: locator=III.q22.a2.sed_contra
MISSING_CZECH: locator=III.q22.a3.sed_contra
MISSING_CZECH: locator=III.q22.a4.sed_contra
MISSING_CZECH: locator=III.q22.a5.sed_contra
MISSING_CZECH: locator=III.q22.a6.sed_contra
MISSING_CZECH: locator=III.q23.a1.sed_contra
MISSING_CZECH: locator=III.q23.a2.sed_contra
MISSING_CZECH: locator=III.q23.a3.sed_contra
MISSING_CZECH: locator=III.q23.a4.sed_contra
MISSING_CZECH: locator=III.q24.a1.sed_contra
MISSING_CZECH: locator=III.q24.a2.sed_contra
MISSING_CZECH: locator=III.q24.a3.sed_contra
MISSING_CZECH: locator=III.q24.a4.sed_contra
MISSING_CZECH: locator=III.q25.a1.sed_contra
MISSING_CZECH: locator=III.q25.a2.sed_contra
MISSING_CZECH: locator=III.q25.a3.sed_contra
MISSING_CZECH: locator=III.q25.a4.sed_contra
MISSING_CZECH: locator=III.q25.a5.sed_contra
MISSING_CZECH: locator=III.q25.a6.sed_contra
MISSING_CZECH: locator=III.q26.a1.sed_contra
MISSING_CZECH: locator=III.q26.a2.sed_contra
MISSING_CZECH: locator=III.q27.a1.sed_contra
MISSING_CZECH: locator=III.q27.a2.sed_contra
MISSING_CZECH: locator=III.q27.a3.sed_contra
MISSING_CZECH: locator=III.q27.a4.sed_contra
MISSING_CZECH: locator=III.q27.a5.sed_contra
MISSING_CZECH: locator=III.q27.a6.sed_contra
MISSING_CZECH: locator=III.q28.a1.sed_contra
MISSING_CZECH: locator=III.q28.a2.sed_contra
MISSING_CZECH: locator=III.q28.a3.sed_contra
MISSING_CZECH: locator=III.q28.a4.sed_contra
MISSING_CZECH: locator=III.q29.a1.sed_contra
MISSING_CZECH: locator=III.q29.a2.sed_contra
MISSING_CZECH: locator=III.q3.a1.sed_contra
MISSING_CZECH: locator=III.q3.a2.sed_contra
MISSING_CZECH: locator=III.q3.a3.sed_contra
MISSING_CZECH: locator=III.q3.a4.sed_contra
MISSING_CZECH: locator=III.q3.a5.sed_contra
MISSING_CZECH: locator=III.q3.a6.sed_contra
MISSING_CZECH: locator=III.q3.a7.sed_contra
MISSING_CZECH: locator=III.q3.a8.sed_contra
MISSING_CZECH: locator=III.q30.a1.sed_contra
MISSING_CZECH: locator=III.q30.a2.sed_contra
MISSING_CZECH: locator=III.q30.a3.sed_contra
MISSING_CZECH: locator=III.q30.a4.sed_contra
MISSING_CZECH: locator=III.q31.a1.sed_contra
MISSING_CZECH: locator=III.q31.a2.sed_contra
MISSING_CZECH: locator=III.q31.a3.sed_contra
MISSING_CZECH: locator=III.q31.a4.sed_contra
MISSING_CZECH: locator=III.q31.a5.sed_contra
MISSING_CZECH: locator=III.q31.a6.sed_contra
MISSING_CZECH: locator=III.q31.a7.sed_contra
MISSING_CZECH: locator=III.q31.a8.sed_contra
MISSING_CZECH: locator=III.q32.a1.sed_contra
MISSING_CZECH: locator=III.q32.a2.sed_contra
MISSING_CZECH: locator=III.q32.a3.sed_contra
MISSING_CZECH: locator=III.q32.a4.arg1
MISSING_CZECH: locator=III.q32.a4.arg2
MISSING_CZECH: locator=III.q32.a4.arg3
MISSING_CZECH: locator=III.q32.a4.reply1
MISSING_CZECH: locator=III.q32.a4.reply2
MISSING_CZECH: locator=III.q32.a4.reply3
MISSING_CZECH: locator=III.q32.a4.respondeo
MISSING_CZECH: locator=III.q32.a4.sed_contra
MISSING_CZECH: locator=III.q33.a1.sed_contra
MISSING_CZECH: locator=III.q33.a2.sed_contra
MISSING_CZECH: locator=III.q33.a3.sed_contra
MISSING_CZECH: locator=III.q33.a4.sed_contra
MISSING_CZECH: locator=III.q34.a1.sed_contra
MISSING_CZECH: locator=III.q34.a2.sed_contra
MISSING_CZECH: locator=III.q34.a3.sed_contra
MISSING_CZECH: locator=III.q34.a4.sed_contra
MISSING_CZECH: locator=III.q35.a1.sed_contra
MISSING_CZECH: locator=III.q35.a2.sed_contra
MISSING_CZECH: locator=III.q35.a3.sed_contra
MISSING_CZECH: locator=III.q35.a4.sed_contra
MISSING_CZECH: locator=III.q35.a5.sed_contra
MISSING_CZECH: locator=III.q35.a6.sed_contra
MISSING_CZECH: locator=III.q35.a7.sed_contra
MISSING_CZECH: locator=III.q35.a8.sed_contra
MISSING_CZECH: locator=III.q36.a1.sed_contra
MISSING_CZECH: locator=III.q36.a2.sed_contra
MISSING_CZECH: locator=III.q36.a3.sed_contra
MISSING_CZECH: locator=III.q36.a4.sed_contra
MISSING_CZECH: locator=III.q36.a5.sed_contra
MISSING_CZECH: locator=III.q36.a6.sed_contra
MISSING_CZECH: locator=III.q36.a7.sed_contra
MISSING_CZECH: locator=III.q36.a8.sed_contra
MISSING_CZECH: locator=III.q37.a1.sed_contra
MISSING_CZECH: locator=III.q37.a2.sed_contra
MISSING_CZECH: locator=III.q37.a3.sed_contra
MISSING_CZECH: locator=III.q37.a4.sed_contra
MISSING_CZECH: locator=III.q38.a1.sed_contra
MISSING_CZECH: locator=III.q38.a2.sed_contra
MISSING_CZECH: locator=III.q38.a3.sed_contra
MISSING_CZECH: locator=III.q38.a4.sed_contra
MISSING_CZECH: locator=III.q38.a5.sed_contra
MISSING_CZECH: locator=III.q38.a6.sed_contra
MISSING_CZECH: locator=III.q39.a1.sed_contra
MISSING_CZECH: locator=III.q39.a2.sed_contra
MISSING_CZECH: locator=III.q39.a3.sed_contra
MISSING_CZECH: locator=III.q39.a4.sed_contra
MISSING_CZECH: locator=III.q39.a5.sed_contra
MISSING_CZECH: locator=III.q39.a6.sed_contra
MISSING_CZECH: locator=III.q39.a7.sed_contra
MISSING_CZECH: locator=III.q39.a8.sed_contra
MISSING_CZECH: locator=III.q4.a1.sed_contra
MISSING_CZECH: locator=III.q4.a2.sed_contra
MISSING_CZECH: locator=III.q4.a3.sed_contra
MISSING_CZECH: locator=III.q4.a4.sed_contra
MISSING_CZECH: locator=III.q4.a5.sed_contra
MISSING_CZECH: locator=III.q4.a6.sed_contra
MISSING_CZECH: locator=III.q40.a1.sed_contra
MISSING_CZECH: locator=III.q40.a2.sed_contra
MISSING_CZECH: locator=III.q40.a3.sed_contra
MISSING_CZECH: locator=III.q40.a4.sed_contra
MISSING_CZECH: locator=III.q41.a1.sed_contra
MISSING_CZECH: locator=III.q41.a2.sed_contra
MISSING_CZECH: locator=III.q41.a3.sed_contra
MISSING_CZECH: locator=III.q41.a4.sed_contra
MISSING_CZECH: locator=III.q42.a1.sed_contra
MISSING_CZECH: locator=III.q42.a2.sed_contra
MISSING_CZECH: locator=III.q42.a3.sed_contra
MISSING_CZECH: locator=III.q42.a4.sed_contra
MISSING_CZECH: locator=III.q43.a1.sed_contra
MISSING_CZECH: locator=III.q43.a2.sed_contra
MISSING_CZECH: locator=III.q43.a3.sed_contra
MISSING_CZECH: locator=III.q43.a4.sed_contra
MISSING_CZECH: locator=III.q44.a1.sed_contra
MISSING_CZECH: locator=III.q44.a2.sed_contra
MISSING_CZECH: locator=III.q44.a3.sed_contra
MISSING_CZECH: locator=III.q44.a4.sed_contra
MISSING_CZECH: locator=III.q45.a1.sed_contra
MISSING_CZECH: locator=III.q45.a2.sed_contra
MISSING_CZECH: locator=III.q45.a3.sed_contra
MISSING_CZECH: locator=III.q45.a4.sed_contra
MISSING_CZECH: locator=III.q46.a1.sed_contra
MISSING_CZECH: locator=III.q46.a10.sed_contra
MISSING_CZECH: locator=III.q46.a11.sed_contra
MISSING_CZECH: locator=III.q46.a12.sed_contra
MISSING_CZECH: locator=III.q46.a2.sed_contra
MISSING_CZECH: locator=III.q46.a3.sed_contra
MISSING_CZECH: locator=III.q46.a4.sed_contra
MISSING_CZECH: locator=III.q46.a5.sed_contra
MISSING_CZECH: locator=III.q46.a6.sed_contra
MISSING_CZECH: locator=III.q46.a7.sed_contra
MISSING_CZECH: locator=III.q46.a8.sed_contra
MISSING_CZECH: locator=III.q46.a9.sed_contra
MISSING_CZECH: locator=III.q47.a1.sed_contra
MISSING_CZECH: locator=III.q47.a2.sed_contra
MISSING_CZECH: locator=III.q47.a3.sed_contra
MISSING_CZECH: locator=III.q47.a4.sed_contra
MISSING_CZECH: locator=III.q47.a5.sed_contra
MISSING_CZECH: locator=III.q47.a6.sed_contra
MISSING_CZECH: locator=III.q48.a1.sed_contra
MISSING_CZECH: locator=III.q48.a2.sed_contra
MISSING_CZECH: locator=III.q48.a3.sed_contra
MISSING_CZECH: locator=III.q48.a4.sed_contra
MISSING_CZECH: locator=III.q48.a5.sed_contra
MISSING_CZECH: locator=III.q48.a6.sed_contra
MISSING_CZECH: locator=III.q49.a1.sed_contra
MISSING_CZECH: locator=III.q49.a2.sed_contra
MISSING_CZECH: locator=III.q49.a3.sed_contra
MISSING_CZECH: locator=III.q49.a4.sed_contra
MISSING_CZECH: locator=III.q49.a5.sed_contra
MISSING_CZECH: locator=III.q49.a6.sed_contra
MISSING_CZECH: locator=III.q5.a1.sed_contra
MISSING_CZECH: locator=III.q5.a2.sed_contra
MISSING_CZECH: locator=III.q5.a3.sed_contra
MISSING_CZECH: locator=III.q5.a4.sed_contra
MISSING_CZECH: locator=III.q50.a1.sed_contra
MISSING_CZECH: locator=III.q50.a2.sed_contra
MISSING_CZECH: locator=III.q50.a3.sed_contra
MISSING_CZECH: locator=III.q50.a4.sed_contra
MISSING_CZECH: locator=III.q50.a5.sed_contra
MISSING_CZECH: locator=III.q50.a6.sed_contra
MISSING_CZECH: locator=III.q51.a1.sed_contra
MISSING_CZECH: locator=III.q51.a2.sed_contra
MISSING_CZECH: locator=III.q51.a3.sed_contra
MISSING_CZECH: locator=III.q51.a4.sed_contra
MISSING_CZECH: locator=III.q52.a1.sed_contra
MISSING_CZECH: locator=III.q52.a2.sed_contra
MISSING_CZECH: locator=III.q52.a3.sed_contra
MISSING_CZECH: locator=III.q52.a4.sed_contra
MISSING_CZECH: locator=III.q52.a5.sed_contra
MISSING_CZECH: locator=III.q52.a6.sed_contra
MISSING_CZECH: locator=III.q52.a7.sed_contra
MISSING_CZECH: locator=III.q52.a8.sed_contra
MISSING_CZECH: locator=III.q53.a1.sed_contra
MISSING_CZECH: locator=III.q53.a2.sed_contra
MISSING_CZECH: locator=III.q53.a3.sed_contra
MISSING_CZECH: locator=III.q53.a4.sed_contra
MISSING_CZECH: locator=III.q54.a1.sed_contra
MISSING_CZECH: locator=III.q54.a2.sed_contra
MISSING_CZECH: locator=III.q54.a3.sed_contra
MISSING_CZECH: locator=III.q54.a4.sed_contra
MISSING_CZECH: locator=III.q55.a1.sed_contra
MISSING_CZECH: locator=III.q55.a2.sed_contra
MISSING_CZECH: locator=III.q55.a3.sed_contra
MISSING_CZECH: locator=III.q55.a4.sed_contra
MISSING_CZECH: locator=III.q55.a5.sed_contra
MISSING_CZECH: locator=III.q55.a6.sed_contra
MISSING_CZECH: locator=III.q56.a1.sed_contra
MISSING_CZECH: locator=III.q56.a2.sed_contra
MISSING_CZECH: locator=III.q57.a1.sed_contra
MISSING_CZECH: locator=III.q57.a2.sed_contra
MISSING_CZECH: locator=III.q57.a3.sed_contra
MISSING_CZECH: locator=III.q57.a4.sed_contra
MISSING_CZECH: locator=III.q57.a5.sed_contra
MISSING_CZECH: locator=III.q57.a6.sed_contra
MISSING_CZECH: locator=III.q58.a1.sed_contra
MISSING_CZECH: locator=III.q58.a2.sed_contra
MISSING_CZECH: locator=III.q58.a3.sed_contra
MISSING_CZECH: locator=III.q58.a4.sed_contra
MISSING_CZECH: locator=III.q59.a1.sed_contra
MISSING_CZECH: locator=III.q59.a2.sed_contra
MISSING_CZECH: locator=III.q59.a3.sed_contra
MISSING_CZECH: locator=III.q59.a4.sed_contra
MISSING_CZECH: locator=III.q59.a5.sed_contra
MISSING_CZECH: locator=III.q59.a6.sed_contra
MISSING_CZECH: locator=III.q6.a1.sed_contra
MISSING_CZECH: locator=III.q6.a2.sed_contra
MISSING_CZECH: locator=III.q6.a3.sed_contra
MISSING_CZECH: locator=III.q6.a4.sed_contra
MISSING_CZECH: locator=III.q6.a5.sed_contra
MISSING_CZECH: locator=III.q6.a6.sed_contra
MISSING_CZECH: locator=III.q60.a1.sed_contra
MISSING_CZECH: locator=III.q60.a2.sed_contra
MISSING_CZECH: locator=III.q60.a3.sed_contra
MISSING_CZECH: locator=III.q60.a4.sed_contra
MISSING_CZECH: locator=III.q60.a5.sed_contra
MISSING_CZECH: locator=III.q60.a6.sed_contra
MISSING_CZECH: locator=III.q60.a7.sed_contra
MISSING_CZECH: locator=III.q60.a8.sed_contra
MISSING_CZECH: locator=III.q61.a1.sed_contra
MISSING_CZECH: locator=III.q61.a2.sed_contra
MISSING_CZECH: locator=III.q61.a3.sed_contra
MISSING_CZECH: locator=III.q61.a4.sed_contra
MISSING_CZECH: locator=III.q62.a1.sed_contra
MISSING_CZECH: locator=III.q62.a2.sed_contra
MISSING_CZECH: locator=III.q62.a3.sed_contra
MISSING_CZECH: locator=III.q62.a4.sed_contra
MISSING_CZECH: locator=III.q62.a5.sed_contra
MISSING_CZECH: locator=III.q62.a6.sed_contra
MISSING_CZECH: locator=III.q63.a1.sed_contra
MISSING_CZECH: locator=III.q63.a2.sed_contra
MISSING_CZECH: locator=III.q63.a3.sed_contra
MISSING_CZECH: locator=III.q63.a4.sed_contra
MISSING_CZECH: locator=III.q63.a5.sed_contra
MISSING_CZECH: locator=III.q63.a6.sed_contra
MISSING_CZECH: locator=III.q64.a1.sed_contra
MISSING_CZECH: locator=III.q64.a10.sed_contra
MISSING_CZECH: locator=III.q64.a2.sed_contra
MISSING_CZECH: locator=III.q64.a3.sed_contra
MISSING_CZECH: locator=III.q64.a4.sed_contra
MISSING_CZECH: locator=III.q64.a5.sed_contra
MISSING_CZECH: locator=III.q64.a6.sed_contra
MISSING_CZECH: locator=III.q64.a7.sed_contra
MISSING_CZECH: locator=III.q64.a8.sed_contra
MISSING_CZECH: locator=III.q64.a9.sed_contra
MISSING_CZECH: locator=III.q65.a1.sed_contra
MISSING_CZECH: locator=III.q65.a2.sed_contra
MISSING_CZECH: locator=III.q65.a3.sed_contra
MISSING_CZECH: locator=III.q65.a4.sed_contra
MISSING_CZECH: locator=III.q66.a1.sed_contra
MISSING_CZECH: locator=III.q66.a10.sed_contra
MISSING_CZECH: locator=III.q66.a11.sed_contra
MISSING_CZECH: locator=III.q66.a12.sed_contra
MISSING_CZECH: locator=III.q66.a2.sed_contra
MISSING_CZECH: locator=III.q66.a3.sed_contra
MISSING_CZECH: locator=III.q66.a4.sed_contra
MISSING_CZECH: locator=III.q66.a5.sed_contra
MISSING_CZECH: locator=III.q66.a6.sed_contra
MISSING_CZECH: locator=III.q66.a7.sed_contra
MISSING_CZECH: locator=III.q66.a8.sed_contra
MISSING_CZECH: locator=III.q66.a9.sed_contra
MISSING_CZECH: locator=III.q67.a1.respondeo
MISSING_CZECH: locator=III.q67.a1.sed_contra
MISSING_CZECH: locator=III.q67.a2.sed_contra
MISSING_CZECH: locator=III.q67.a3.sed_contra
MISSING_CZECH: locator=III.q67.a4.sed_contra
MISSING_CZECH: locator=III.q67.a5.sed_contra
MISSING_CZECH: locator=III.q67.a6.sed_contra
MISSING_CZECH: locator=III.q67.a7.sed_contra
MISSING_CZECH: locator=III.q67.a8.sed_contra
MISSING_CZECH: locator=III.q68.a1.sed_contra
MISSING_CZECH: locator=III.q68.a10.sed_contra
MISSING_CZECH: locator=III.q68.a11.sed_contra
MISSING_CZECH: locator=III.q68.a12.sed_contra
MISSING_CZECH: locator=III.q68.a2.sed_contra
MISSING_CZECH: locator=III.q68.a3.sed_contra
MISSING_CZECH: locator=III.q68.a4.sed_contra
MISSING_CZECH: locator=III.q68.a5.sed_contra
MISSING_CZECH: locator=III.q68.a6.sed_contra
MISSING_CZECH: locator=III.q68.a7.sed_contra
MISSING_CZECH: locator=III.q68.a8.sed_contra
MISSING_CZECH: locator=III.q68.a9.sed_contra
MISSING_CZECH: locator=III.q69.a1.sed_contra
MISSING_CZECH: locator=III.q69.a10.sed_contra
MISSING_CZECH: locator=III.q69.a2.sed_contra
MISSING_CZECH: locator=III.q69.a3.sed_contra
MISSING_CZECH: locator=III.q69.a4.sed_contra
MISSING_CZECH: locator=III.q69.a5.sed_contra
MISSING_CZECH: locator=III.q69.a6.sed_contra
MISSING_CZECH: locator=III.q69.a7.sed_contra
MISSING_CZECH: locator=III.q69.a8.sed_contra
MISSING_CZECH: locator=III.q69.a9.sed_contra
MISSING_CZECH: locator=III.q7.a1.sed_contra
MISSING_CZECH: locator=III.q7.a10.sed_contra
MISSING_CZECH: locator=III.q7.a11.sed_contra
MISSING_CZECH: locator=III.q7.a12.sed_contra
MISSING_CZECH: locator=III.q7.a13.sed_contra
MISSING_CZECH: locator=III.q7.a2.sed_contra
MISSING_CZECH: locator=III.q7.a3.sed_contra
MISSING_CZECH: locator=III.q7.a4.sed_contra
MISSING_CZECH: locator=III.q7.a5.sed_contra
MISSING_CZECH: locator=III.q7.a6.sed_contra
MISSING_CZECH: locator=III.q7.a7.sed_contra
MISSING_CZECH: locator=III.q7.a8.sed_contra
MISSING_CZECH: locator=III.q7.a9.sed_contra
MISSING_CZECH: locator=III.q70.a1.sed_contra
MISSING_CZECH: locator=III.q70.a2.sed_contra
MISSING_CZECH: locator=III.q70.a3.sed_contra
MISSING_CZECH: locator=III.q70.a4.sed_contra
MISSING_CZECH: locator=III.q71.a1.sed_contra
MISSING_CZECH: locator=III.q71.a2.sed_contra
MISSING_CZECH: locator=III.q71.a3.sed_contra
MISSING_CZECH: locator=III.q71.a4.sed_contra
MISSING_CZECH: locator=III.q72.a1.sed_contra
MISSING_CZECH: locator=III.q72.a10.sed_contra
MISSING_CZECH: locator=III.q72.a11.sed_contra
MISSING_CZECH: locator=III.q72.a12.sed_contra
MISSING_CZECH: locator=III.q72.a2.sed_contra
MISSING_CZECH: locator=III.q72.a3.sed_contra
MISSING_CZECH: locator=III.q72.a4.sed_contra
MISSING_CZECH: locator=III.q72.a5.sed_contra
MISSING_CZECH: locator=III.q72.a6.sed_contra
MISSING_CZECH: locator=III.q72.a7.sed_contra
MISSING_CZECH: locator=III.q72.a8.sed_contra
MISSING_CZECH: locator=III.q72.a9.sed_contra
MISSING_CZECH: locator=III.q73.a1.sed_contra
MISSING_CZECH: locator=III.q73.a2.sed_contra
MISSING_CZECH: locator=III.q73.a3.sed_contra
MISSING_CZECH: locator=III.q73.a4.sed_contra
MISSING_CZECH: locator=III.q73.a5.sed_contra
MISSING_CZECH: locator=III.q73.a6.reply0
MISSING_CZECH: locator=III.q73.a6.sed_contra
MISSING_CZECH: locator=III.q74.a1.sed_contra
MISSING_CZECH: locator=III.q74.a2.sed_contra
MISSING_CZECH: locator=III.q74.a3.sed_contra
MISSING_CZECH: locator=III.q74.a4.sed_contra
MISSING_CZECH: locator=III.q74.a5.sed_contra
MISSING_CZECH: locator=III.q74.a6.sed_contra
MISSING_CZECH: locator=III.q74.a7.sed_contra
MISSING_CZECH: locator=III.q74.a8.sed_contra
MISSING_CZECH: locator=III.q75.a1.sed_contra
MISSING_CZECH: locator=III.q75.a2.sed_contra
MISSING_CZECH: locator=III.q75.a3.sed_contra
MISSING_CZECH: locator=III.q75.a4.sed_contra
MISSING_CZECH: locator=III.q75.a5.sed_contra
MISSING_CZECH: locator=III.q75.a6.sed_contra
MISSING_CZECH: locator=III.q75.a7.sed_contra
MISSING_CZECH: locator=III.q75.a8.sed_contra
MISSING_CZECH: locator=III.q76.a1.sed_contra
MISSING_CZECH: locator=III.q76.a2.sed_contra
MISSING_CZECH: locator=III.q76.a3.sed_contra
MISSING_CZECH: locator=III.q76.a4.sed_contra
MISSING_CZECH: locator=III.q76.a5.sed_contra
MISSING_CZECH: locator=III.q76.a6.sed_contra
MISSING_CZECH: locator=III.q76.a7.sed_contra
MISSING_CZECH: locator=III.q76.a8.sed_contra
MISSING_CZECH: locator=III.q77.a1.sed_contra
MISSING_CZECH: locator=III.q77.a2.sed_contra
MISSING_CZECH: locator=III.q77.a3.sed_contra
MISSING_CZECH: locator=III.q77.a4.sed_contra
MISSING_CZECH: locator=III.q77.a5.sed_contra
MISSING_CZECH: locator=III.q77.a6.sed_contra
MISSING_CZECH: locator=III.q77.a7.sed_contra
MISSING_CZECH: locator=III.q77.a8.sed_contra
MISSING_CZECH: locator=III.q78.a1.sed_contra
MISSING_CZECH: locator=III.q78.a2.sed_contra
MISSING_CZECH: locator=III.q78.a3.sed_contra
MISSING_CZECH: locator=III.q78.a4.sed_contra
MISSING_CZECH: locator=III.q78.a5.sed_contra
MISSING_CZECH: locator=III.q78.a6.sed_contra
MISSING_CZECH: locator=III.q79.a1.sed_contra
MISSING_CZECH: locator=III.q79.a2.sed_contra
MISSING_CZECH: locator=III.q79.a3.sed_contra
MISSING_CZECH: locator=III.q79.a4.sed_contra
MISSING_CZECH: locator=III.q79.a5.sed_contra
MISSING_CZECH: locator=III.q79.a6.sed_contra
MISSING_CZECH: locator=III.q79.a7.sed_contra
MISSING_CZECH: locator=III.q79.a8.sed_contra
MISSING_CZECH: locator=III.q8.a1.sed_contra
MISSING_CZECH: locator=III.q8.a2.sed_contra
MISSING_CZECH: locator=III.q8.a3.sed_contra
MISSING_CZECH: locator=III.q8.a4.sed_contra
MISSING_CZECH: locator=III.q8.a5.sed_contra
MISSING_CZECH: locator=III.q8.a6.sed_contra
MISSING_CZECH: locator=III.q8.a7.sed_contra
MISSING_CZECH: locator=III.q8.a8.sed_contra
MISSING_CZECH: locator=III.q80.a1.sed_contra
MISSING_CZECH: locator=III.q80.a10.sed_contra
MISSING_CZECH: locator=III.q80.a11.sed_contra
MISSING_CZECH: locator=III.q80.a12.sed_contra
MISSING_CZECH: locator=III.q80.a2.sed_contra
MISSING_CZECH: locator=III.q80.a3.sed_contra
MISSING_CZECH: locator=III.q80.a4.sed_contra
MISSING_CZECH: locator=III.q80.a5.sed_contra
MISSING_CZECH: locator=III.q80.a6.sed_contra
MISSING_CZECH: locator=III.q80.a7.sed_contra
MISSING_CZECH: locator=III.q80.a8.sed_contra
MISSING_CZECH: locator=III.q80.a9.sed_contra
MISSING_CZECH: locator=III.q81.a1.sed_contra
MISSING_CZECH: locator=III.q81.a2.sed_contra
MISSING_CZECH: locator=III.q81.a3.sed_contra
MISSING_CZECH: locator=III.q81.a4.sed_contra
MISSING_CZECH: locator=III.q82.a1.sed_contra
MISSING_CZECH: locator=III.q82.a10.sed_contra
MISSING_CZECH: locator=III.q82.a2.sed_contra
MISSING_CZECH: locator=III.q82.a3.sed_contra
MISSING_CZECH: locator=III.q82.a4.sed_contra
MISSING_CZECH: locator=III.q82.a5.sed_contra
MISSING_CZECH: locator=III.q82.a6.sed_contra
MISSING_CZECH: locator=III.q82.a7.sed_contra
MISSING_CZECH: locator=III.q82.a8.sed_contra
MISSING_CZECH: locator=III.q82.a9.sed_contra
MISSING_CZECH: locator=III.q83.a1.sed_contra
MISSING_CZECH: locator=III.q83.a2.sed_contra
MISSING_CZECH: locator=III.q83.a3.sed_contra
MISSING_CZECH: locator=III.q83.a4.sed_contra
MISSING_CZECH: locator=III.q83.a5.sed_contra
MISSING_CZECH: locator=III.q83.a6.sed_contra
MISSING_CZECH: locator=III.q84.a1.sed_contra
MISSING_CZECH: locator=III.q84.a10.sed_contra
MISSING_CZECH: locator=III.q84.a2.sed_contra
MISSING_CZECH: locator=III.q84.a3.sed_contra
MISSING_CZECH: locator=III.q84.a4.sed_contra
MISSING_CZECH: locator=III.q84.a5.sed_contra
MISSING_CZECH: locator=III.q84.a6.sed_contra
MISSING_CZECH: locator=III.q84.a7.sed_contra
MISSING_CZECH: locator=III.q84.a8.sed_contra
MISSING_CZECH: locator=III.q84.a9.sed_contra
MISSING_CZECH: locator=III.q85.a1.sed_contra
MISSING_CZECH: locator=III.q85.a2.sed_contra
MISSING_CZECH: locator=III.q85.a3.sed_contra
MISSING_CZECH: locator=III.q85.a4.sed_contra
MISSING_CZECH: locator=III.q85.a5.sed_contra
MISSING_CZECH: locator=III.q85.a6.sed_contra
MISSING_CZECH: locator=III.q86.a1.sed_contra
MISSING_CZECH: locator=III.q86.a2.sed_contra
MISSING_CZECH: locator=III.q86.a3.sed_contra
MISSING_CZECH: locator=III.q86.a4.sed_contra
MISSING_CZECH: locator=III.q86.a5.sed_contra
MISSING_CZECH: locator=III.q86.a6.sed_contra
MISSING_CZECH: locator=III.q87.a1.sed_contra
MISSING_CZECH: locator=III.q87.a2.sed_contra
MISSING_CZECH: locator=III.q87.a3.sed_contra
MISSING_CZECH: locator=III.q87.a4.sed_contra
MISSING_CZECH: locator=III.q88.a1.sed_contra
MISSING_CZECH: locator=III.q88.a2.sed_contra
MISSING_CZECH: locator=III.q88.a3.sed_contra
MISSING_CZECH: locator=III.q88.a4.sed_contra
MISSING_CZECH: locator=III.q89.a1.sed_contra
MISSING_CZECH: locator=III.q89.a2.sed_contra
MISSING_CZECH: locator=III.q89.a3.sed_contra
MISSING_CZECH: locator=III.q89.a4.sed_contra
MISSING_CZECH: locator=III.q89.a5.sed_contra
MISSING_CZECH: locator=III.q89.a6.sed_contra
MISSING_CZECH: locator=III.q9.a1.sed_contra
MISSING_CZECH: locator=III.q9.a2.sed_contra
MISSING_CZECH: locator=III.q9.a3.sed_contra
MISSING_CZECH: locator=III.q9.a4.sed_contra
MISSING_CZECH: locator=III.q90.a1.sed_contra
MISSING_CZECH: locator=III.q90.a2.sed_contra
MISSING_CZECH: locator=III.q90.a3.sed_contra
MISSING_CZECH: locator=III.q90.a4.sed_contra
MISSING_CZECH: locator=II_II.q1.a4.arg1
MISSING_CZECH: locator=II_II.q1.a4.arg2
MISSING_CZECH: locator=II_II.q1.a4.arg3
MISSING_CZECH: locator=II_II.q1.a4.arg4
MISSING_CZECH: locator=II_II.q1.a4.reply1
MISSING_CZECH: locator=II_II.q1.a4.reply2
MISSING_CZECH: locator=II_II.q1.a4.reply3
MISSING_CZECH: locator=II_II.q1.a4.reply4
MISSING_CZECH: locator=II_II.q1.a4.respondeo
MISSING_CZECH: locator=II_II.q1.a4.sed_contra
MISSING_CZECH: locator=II_II.q10.a11.reply0
MISSING_CZECH: locator=II_II.q10.a6.reply0
MISSING_CZECH: locator=II_II.q106.a2.reply0
MISSING_CZECH: locator=II_II.q109.a4.reply0
MISSING_CZECH: locator=II_II.q110.a2.reply0
MISSING_CZECH: locator=II_II.q111.a4.reply0
MISSING_CZECH: locator=II_II.q123.a9.reply0
MISSING_CZECH: locator=II_II.q149.a4.reply0
MISSING_CZECH: locator=II_II.q15.a2.reply0
MISSING_CZECH: locator=II_II.q17.a3.reply0
MISSING_CZECH: locator=II_II.q17.a4.reply0
MISSING_CZECH: locator=II_II.q171.a5.reply0
MISSING_CZECH: locator=II_II.q173.a4.reply0
MISSING_CZECH: locator=II_II.q182.a3.reply0
MISSING_CZECH: locator=II_II.q19.a7.arg1
MISSING_CZECH: locator=II_II.q19.a7.arg2
MISSING_CZECH: locator=II_II.q19.a7.arg3
MISSING_CZECH: locator=II_II.q19.a7.reply1
MISSING_CZECH: locator=II_II.q19.a7.reply2
MISSING_CZECH: locator=II_II.q19.a7.reply3
MISSING_CZECH: locator=II_II.q19.a7.respondeo
MISSING_CZECH: locator=II_II.q19.a7.sed_contra
MISSING_CZECH: locator=II_II.q20.a3.reply0
MISSING_CZECH: locator=II_II.q21.a4.reply0
MISSING_CZECH: locator=II_II.q25.a9.reply0
MISSING_CZECH: locator=II_II.q27.a6.arg1
MISSING_CZECH: locator=II_II.q27.a6.arg2
MISSING_CZECH: locator=II_II.q27.a6.arg3
MISSING_CZECH: locator=II_II.q27.a6.reply1
MISSING_CZECH: locator=II_II.q27.a6.reply2
MISSING_CZECH: locator=II_II.q27.a6.reply3
MISSING_CZECH: locator=II_II.q27.a6.respondeo
MISSING_CZECH: locator=II_II.q27.a6.sed_contra
MISSING_CZECH: locator=II_II.q32.a6.reply0
MISSING_CZECH: locator=II_II.q33.a5.reply0
MISSING_CZECH: locator=II_II.q34.a4.reply0
MISSING_CZECH: locator=II_II.q35.a2.reply0
MISSING_CZECH: locator=II_II.q39.a3.reply0
MISSING_CZECH: locator=II_II.q40.a3.reply0
MISSING_CZECH: locator=II_II.q40.a4.reply0
MISSING_CZECH: locator=II_II.q43.a4.reply0
MISSING_CZECH: locator=II_II.q44.a5.reply0
MISSING_CZECH: locator=II_II.q44.a7.reply0
MISSING_CZECH: locator=II_II.q60.a5.reply3
MISSING_CZECH: locator=II_II.q61.a3.reply0
MISSING_CZECH: locator=II_II.q63.a3.reply0
MISSING_CZECH: locator=II_II.q70.a1.arg1
MISSING_CZECH: locator=II_II.q70.a1.arg2
MISSING_CZECH: locator=II_II.q70.a1.arg3
MISSING_CZECH: locator=II_II.q70.a1.reply1
MISSING_CZECH: locator=II_II.q70.a1.reply2
MISSING_CZECH: locator=II_II.q70.a1.reply3
MISSING_CZECH: locator=II_II.q70.a1.respondeo
MISSING_CZECH: locator=II_II.q70.a1.sed_contra
MISSING_CZECH: locator=II_II.q76.a2.reply0
MISSING_CZECH: locator=II_II.q76.a3.reply0
MISSING_CZECH: locator=II_II.q90.a3.reply0
MISSING_CZECH: locator=II_II.q95.a6.reply0
MISSING_CZECH: locator=I_II.q1.a1.sed_contra
MISSING_CZECH: locator=I_II.q1.a2.sed_contra
MISSING_CZECH: locator=I_II.q1.a3.sed_contra
MISSING_CZECH: locator=I_II.q1.a4.sed_contra
MISSING_CZECH: locator=I_II.q1.a5.sed_contra
MISSING_CZECH: locator=I_II.q1.a6.sed_contra
MISSING_CZECH: locator=I_II.q1.a7.sed_contra
MISSING_CZECH: locator=I_II.q1.a8.reply0
MISSING_CZECH: locator=I_II.q1.a8.sed_contra
MISSING_CZECH: locator=I_II.q10.a1.sed_contra
MISSING_CZECH: locator=I_II.q10.a2.sed_contra
MISSING_CZECH: locator=I_II.q10.a3.sed_contra
MISSING_CZECH: locator=I_II.q10.a4.sed_contra
MISSING_CZECH: locator=I_II.q100.a1.reply0
MISSING_CZECH: locator=I_II.q100.a1.sed_contra
MISSING_CZECH: locator=I_II.q100.a10.sed_contra
MISSING_CZECH: locator=I_II.q100.a11.sed_contra
MISSING_CZECH: locator=I_II.q100.a12.sed_contra
MISSING_CZECH: locator=I_II.q100.a2.sed_contra
MISSING_CZECH: locator=I_II.q100.a3.sed_contra
MISSING_CZECH: locator=I_II.q100.a4.sed_contra
MISSING_CZECH: locator=I_II.q100.a5.sed_contra
MISSING_CZECH: locator=I_II.q100.a6.sed_contra
MISSING_CZECH: locator=I_II.q100.a7.sed_contra
MISSING_CZECH: locator=I_II.q100.a8.sed_contra
MISSING_CZECH: locator=I_II.q100.a9.sed_contra
MISSING_CZECH: locator=I_II.q101.a1.sed_contra
MISSING_CZECH: locator=I_II.q101.a2.sed_contra
MISSING_CZECH: locator=I_II.q101.a3.sed_contra
MISSING_CZECH: locator=I_II.q101.a4.sed_contra
MISSING_CZECH: locator=I_II.q102.a1.sed_contra
MISSING_CZECH: locator=I_II.q102.a2.sed_contra
MISSING_CZECH: locator=I_II.q102.a3.sed_contra
MISSING_CZECH: locator=I_II.q102.a4.sed_contra
MISSING_CZECH: locator=I_II.q102.a5.sed_contra
MISSING_CZECH: locator=I_II.q102.a6.sed_contra
MISSING_CZECH: locator=I_II.q103.a1.sed_contra
MISSING_CZECH: locator=I_II.q103.a2.sed_contra
MISSING_CZECH: locator=I_II.q103.a3.sed_contra
MISSING_CZECH: locator=I_II.q103.a4.sed_contra
MISSING_CZECH: locator=I_II.q104.a1.sed_contra
MISSING_CZECH: locator=I_II.q104.a2.sed_contra
MISSING_CZECH: locator=I_II.q104.a3.sed_contra
MISSING_CZECH: locator=I_II.q104.a4.sed_contra
MISSING_CZECH: locator=I_II.q105.a1.sed_contra
MISSING_CZECH: locator=I_II.q105.a2.sed_contra
MISSING_CZECH: locator=I_II.q105.a3.sed_contra
MISSING_CZECH: locator=I_II.q105.a4.sed_contra
MISSING_CZECH: locator=I_II.q106.a1.sed_contra
MISSING_CZECH: locator=I_II.q106.a2.sed_contra
MISSING_CZECH: locator=I_II.q106.a3.sed_contra
MISSING_CZECH: locator=I_II.q106.a4.sed_contra
MISSING_CZECH: locator=I_II.q107.a1.sed_contra
MISSING_CZECH: locator=I_II.q107.a2.sed_contra
MISSING_CZECH: locator=I_II.q107.a3.sed_contra
MISSING_CZECH: locator=I_II.q107.a4.sed_contra
MISSING_CZECH: locator=I_II.q108.a1.sed_contra
MISSING_CZECH: locator=I_II.q108.a2.sed_contra
MISSING_CZECH: locator=I_II.q108.a3.sed_contra
MISSING_CZECH: locator=I_II.q108.a4.sed_contra
MISSING_CZECH: locator=I_II.q109.a1.sed_contra
MISSING_CZECH: locator=I_II.q109.a10.sed_contra
MISSING_CZECH: locator=I_II.q109.a2.sed_contra
MISSING_CZECH: locator=I_II.q109.a3.sed_contra
MISSING_CZECH: locator=I_II.q109.a4.sed_contra
MISSING_CZECH: locator=I_II.q109.a5.sed_contra
MISSING_CZECH: locator=I_II.q109.a6.sed_contra
MISSING_CZECH: locator=I_II.q109.a7.sed_contra
MISSING_CZECH: locator=I_II.q109.a8.sed_contra
MISSING_CZECH: locator=I_II.q109.a9.sed_contra
MISSING_CZECH: locator=I_II.q11.a1.sed_contra
MISSING_CZECH: locator=I_II.q11.a2.arg1
MISSING_CZECH: locator=I_II.q11.a2.arg2
MISSING_CZECH: locator=I_II.q11.a2.arg3
MISSING_CZECH: locator=I_II.q11.a2.reply1
MISSING_CZECH: locator=I_II.q11.a2.reply2
MISSING_CZECH: locator=I_II.q11.a2.reply3
MISSING_CZECH: locator=I_II.q11.a2.reply4
MISSING_CZECH: locator=I_II.q11.a2.respondeo
MISSING_CZECH: locator=I_II.q11.a2.sed_contra
MISSING_CZECH: locator=I_II.q11.a3.sed_contra
MISSING_CZECH: locator=I_II.q11.a4.sed_contra
MISSING_CZECH: locator=I_II.q110.a1.sed_contra
MISSING_CZECH: locator=I_II.q110.a2.sed_contra
MISSING_CZECH: locator=I_II.q110.a3.sed_contra
MISSING_CZECH: locator=I_II.q110.a4.sed_contra
MISSING_CZECH: locator=I_II.q111.a1.arg1
MISSING_CZECH: locator=I_II.q111.a1.arg2
MISSING_CZECH: locator=I_II.q111.a1.arg3
MISSING_CZECH: locator=I_II.q111.a1.reply1
MISSING_CZECH: locator=I_II.q111.a1.reply2
MISSING_CZECH: locator=I_II.q111.a1.reply3
MISSING_CZECH: locator=I_II.q111.a1.respondeo
MISSING_CZECH: locator=I_II.q111.a1.sed_contra
MISSING_CZECH: locator=I_II.q111.a2.sed_contra
MISSING_CZECH: locator=I_II.q111.a3.sed_contra
MISSING_CZECH: locator=I_II.q111.a4.sed_contra
MISSING_CZECH: locator=I_II.q111.a5.sed_contra
MISSING_CZECH: locator=I_II.q112.a1.sed_contra
MISSING_CZECH: locator=I_II.q112.a2.sed_contra
MISSING_CZECH: locator=I_II.q112.a3.sed_contra
MISSING_CZECH: locator=I_II.q112.a4.sed_contra
MISSING_CZECH: locator=I_II.q112.a5.sed_contra
MISSING_CZECH: locator=I_II.q113.a1.sed_contra
MISSING_CZECH: locator=I_II.q113.a10.sed_contra
MISSING_CZECH: locator=I_II.q113.a2.sed_contra
MISSING_CZECH: locator=I_II.q113.a3.sed_contra
MISSING_CZECH: locator=I_II.q113.a4.sed_contra
MISSING_CZECH: locator=I_II.q113.a5.sed_contra
MISSING_CZECH: locator=I_II.q113.a6.sed_contra
MISSING_CZECH: locator=I_II.q113.a7.sed_contra
MISSING_CZECH: locator=I_II.q113.a8.sed_contra
MISSING_CZECH: locator=I_II.q113.a9.sed_contra
MISSING_CZECH: locator=I_II.q114.a1.sed_contra
MISSING_CZECH: locator=I_II.q114.a10.sed_contra
MISSING_CZECH: locator=I_II.q114.a2.sed_contra
MISSING_CZECH: locator=I_II.q114.a3.sed_contra
MISSING_CZECH: locator=I_II.q114.a4.sed_contra
MISSING_CZECH: locator=I_II.q114.a5.sed_contra
MISSING_CZECH: locator=I_II.q114.a6.sed_contra
MISSING_CZECH: locator=I_II.q114.a7.sed_contra
MISSING_CZECH: locator=I_II.q114.a8.sed_contra
MISSING_CZECH: locator=I_II.q114.a9.sed_contra
MISSING_CZECH: locator=I_II.q12.a1.sed_contra
MISSING_CZECH: locator=I_II.q12.a2.sed_contra
MISSING_CZECH: locator=I_II.q12.a3.sed_contra
MISSING_CZECH: locator=I_II.q12.a4.sed_contra
MISSING_CZECH: locator=I_II.q12.a5.sed_contra
MISSING_CZECH: locator=I_II.q13.a1.sed_contra
MISSING_CZECH: locator=I_II.q13.a2.sed_contra
MISSING_CZECH: locator=I_II.q13.a3.sed_contra
MISSING_CZECH: locator=I_II.q13.a4.sed_contra
MISSING_CZECH: locator=I_II.q13.a5.sed_contra
MISSING_CZECH: locator=I_II.q13.a6.sed_contra
MISSING_CZECH: locator=I_II.q14.a1.sed_contra
MISSING_CZECH: locator=I_II.q14.a2.sed_contra
MISSING_CZECH: locator=I_II.q14.a3.sed_contra
MISSING_CZECH: locator=I_II.q14.a4.sed_contra
MISSING_CZECH: locator=I_II.q14.a5.arg1
MISSING_CZECH: locator=I_II.q14.a5.arg2
MISSING_CZECH: locator=I_II.q14.a5.arg3
MISSING_CZECH: locator=I_II.q14.a5.reply1
MISSING_CZECH: locator=I_II.q14.a5.reply2
MISSING_CZECH: locator=I_II.q14.a5.reply3
MISSING_CZECH: locator=I_II.q14.a5.respondeo
MISSING_CZECH: locator=I_II.q14.a5.sed_contra
MISSING_CZECH: locator=I_II.q14.a6.sed_contra
MISSING_CZECH: locator=I_II.q15.a1.sed_contra
MISSING_CZECH: locator=I_II.q15.a2.sed_contra
MISSING_CZECH: locator=I_II.q15.a3.sed_contra
MISSING_CZECH: locator=I_II.q15.a4.sed_contra
MISSING_CZECH: locator=I_II.q16.a1.sed_contra
MISSING_CZECH: locator=I_II.q16.a2.sed_contra
MISSING_CZECH: locator=I_II.q16.a3.sed_contra
MISSING_CZECH: locator=I_II.q16.a4.sed_contra
MISSING_CZECH: locator=I_II.q17.a1.sed_contra
MISSING_CZECH: locator=I_II.q17.a2.sed_contra
MISSING_CZECH: locator=I_II.q17.a3.sed_contra
MISSING_CZECH: locator=I_II.q17.a4.sed_contra
MISSING_CZECH: locator=I_II.q17.a5.sed_contra
MISSING_CZECH: locator=I_II.q17.a6.sed_contra
MISSING_CZECH: locator=I_II.q17.a7.sed_contra
MISSING_CZECH: locator=I_II.q17.a8.sed_contra
MISSING_CZECH: locator=I_II.q17.a9.sed_contra
MISSING_CZECH: locator=I_II.q18.a1.sed_contra
MISSING_CZECH: locator=I_II.q18.a10.sed_contra
MISSING_CZECH: locator=I_II.q18.a11.sed_contra
MISSING_CZECH: locator=I_II.q18.a2.sed_contra
MISSING_CZECH: locator=I_II.q18.a3.sed_contra
MISSING_CZECH: locator=I_II.q18.a4.sed_contra
MISSING_CZECH: locator=I_II.q18.a5.sed_contra
MISSING_CZECH: locator=I_II.q18.a6.sed_contra
MISSING_CZECH: locator=I_II.q18.a7.sed_contra
MISSING_CZECH: locator=I_II.q18.a8.sed_contra
MISSING_CZECH: locator=I_II.q18.a9.sed_contra
MISSING_CZECH: locator=I_II.q19.a1.sed_contra
MISSING_CZECH: locator=I_II.q19.a10.sed_contra
MISSING_CZECH: locator=I_II.q19.a2.sed_contra
MISSING_CZECH: locator=I_II.q19.a3.sed_contra
MISSING_CZECH: locator=I_II.q19.a4.sed_contra
MISSING_CZECH: locator=I_II.q19.a5.sed_contra
MISSING_CZECH: locator=I_II.q19.a6.sed_contra
MISSING_CZECH: locator=I_II.q19.a7.sed_contra
MISSING_CZECH: locator=I_II.q19.a8.sed_contra
MISSING_CZECH: locator=I_II.q19.a9.sed_contra
MISSING_CZECH: locator=I_II.q2.a1.sed_contra
MISSING_CZECH: locator=I_II.q2.a2.sed_contra
MISSING_CZECH: locator=I_II.q2.a3.sed_contra
MISSING_CZECH: locator=I_II.q2.a4.sed_contra
MISSING_CZECH: locator=I_II.q2.a5.sed_contra
MISSING_CZECH: locator=I_II.q2.a6.sed_contra
MISSING_CZECH: locator=I_II.q2.a7.sed_contra
MISSING_CZECH: locator=I_II.q2.a8.sed_contra
MISSING_CZECH: locator=I_II.q20.a1.sed_contra
MISSING_CZECH: locator=I_II.q20.a2.sed_contra
MISSING_CZECH: locator=I_II.q20.a3.sed_contra
MISSING_CZECH: locator=I_II.q20.a4.sed_contra
MISSING_CZECH: locator=I_II.q20.a5.sed_contra
MISSING_CZECH: locator=I_II.q20.a6.sed_contra
MISSING_CZECH: locator=I_II.q21.a1.sed_contra
MISSING_CZECH: locator=I_II.q21.a2.sed_contra
MISSING_CZECH: locator=I_II.q21.a3.sed_contra
MISSING_CZECH: locator=I_II.q21.a4.sed_contra
MISSING_CZECH: locator=I_II.q22.a1.sed_contra
MISSING_CZECH: locator=I_II.q22.a2.sed_contra
MISSING_CZECH: locator=I_II.q22.a3.sed_contra
MISSING_CZECH: locator=I_II.q23.a1.sed_contra
MISSING_CZECH: locator=I_II.q23.a2.reply0
MISSING_CZECH: locator=I_II.q23.a2.sed_contra
MISSING_CZECH: locator=I_II.q23.a3.reply0
MISSING_CZECH: locator=I_II.q23.a3.sed_contra
MISSING_CZECH: locator=I_II.q23.a4.reply0
MISSING_CZECH: locator=I_II.q23.a4.sed_contra
MISSING_CZECH: locator=I_II.q24.a1.sed_contra
MISSING_CZECH: locator=I_II.q24.a2.sed_contra
MISSING_CZECH: locator=I_II.q24.a3.sed_contra
MISSING_CZECH: locator=I_II.q24.a4.sed_contra
MISSING_CZECH: locator=I_II.q25.a1.sed_contra
MISSING_CZECH: locator=I_II.q25.a2.sed_contra
MISSING_CZECH: locator=I_II.q25.a3.sed_contra
MISSING_CZECH: locator=I_II.q25.a4.sed_contra
MISSING_CZECH: locator=I_II.q26.a1.sed_contra
MISSING_CZECH: locator=I_II.q26.a2.sed_contra
MISSING_CZECH: locator=I_II.q26.a3.sed_contra
MISSING_CZECH: locator=I_II.q26.a4.sed_contra
MISSING_CZECH: locator=I_II.q27.a1.sed_contra
MISSING_CZECH: locator=I_II.q27.a2.sed_contra
MISSING_CZECH: locator=I_II.q27.a3.sed_contra
MISSING_CZECH: locator=I_II.q27.a4.sed_contra
MISSING_CZECH: locator=I_II.q28.a1.sed_contra
MISSING_CZECH: locator=I_II.q28.a2.sed_contra
MISSING_CZECH: locator=I_II.q28.a3.sed_contra
MISSING_CZECH: locator=I_II.q28.a4.sed_contra
MISSING_CZECH: locator=I_II.q28.a5.sed_contra
MISSING_CZECH: locator=I_II.q28.a6.sed_contra
MISSING_CZECH: locator=I_II.q29.a1.sed_contra
MISSING_CZECH: locator=I_II.q29.a2.sed_contra
MISSING_CZECH: locator=I_II.q29.a3.sed_contra
MISSING_CZECH: locator=I_II.q29.a4.sed_contra
MISSING_CZECH: locator=I_II.q29.a5.sed_contra
MISSING_CZECH: locator=I_II.q29.a6.sed_contra
MISSING_CZECH: locator=I_II.q3.a1.sed_contra
MISSING_CZECH: locator=I_II.q3.a2.sed_contra
MISSING_CZECH: locator=I_II.q3.a3.sed_contra
MISSING_CZECH: locator=I_II.q3.a4.sed_contra
MISSING_CZECH: locator=I_II.q3.a5.sed_contra
MISSING_CZECH: locator=I_II.q3.a6.sed_contra
MISSING_CZECH: locator=I_II.q3.a7.sed_contra
MISSING_CZECH: locator=I_II.q3.a8.sed_contra
MISSING_CZECH: locator=I_II.q30.a1.sed_contra
MISSING_CZECH: locator=I_II.q30.a2.sed_contra
MISSING_CZECH: locator=I_II.q30.a3.sed_contra
MISSING_CZECH: locator=I_II.q30.a4.sed_contra
MISSING_CZECH: locator=I_II.q31.a1.sed_contra
MISSING_CZECH: locator=I_II.q31.a2.sed_contra
MISSING_CZECH: locator=I_II.q31.a3.sed_contra
MISSING_CZECH: locator=I_II.q31.a4.sed_contra
MISSING_CZECH: locator=I_II.q31.a5.sed_contra
MISSING_CZECH: locator=I_II.q31.a6.sed_contra
MISSING_CZECH: locator=I_II.q31.a7.reply0
MISSING_CZECH: locator=I_II.q31.a7.sed_contra
MISSING_CZECH: locator=I_II.q31.a8.sed_contra
MISSING_CZECH: locator=I_II.q32.a1.sed_contra
MISSING_CZECH: locator=I_II.q32.a2.sed_contra
MISSING_CZECH: locator=I_II.q32.a3.sed_contra
MISSING_CZECH: locator=I_II.q32.a4.sed_contra
MISSING_CZECH: locator=I_II.q32.a5.sed_contra
MISSING_CZECH: locator=I_II.q32.a6.sed_contra
MISSING_CZECH: locator=I_II.q32.a7.sed_contra
MISSING_CZECH: locator=I_II.q32.a8.sed_contra
MISSING_CZECH: locator=I_II.q33.a1.sed_contra
MISSING_CZECH: locator=I_II.q33.a2.sed_contra
MISSING_CZECH: locator=I_II.q33.a3.sed_contra
MISSING_CZECH: locator=I_II.q33.a4.sed_contra
MISSING_CZECH: locator=I_II.q34.a1.sed_contra
MISSING_CZECH: locator=I_II.q34.a2.sed_contra
MISSING_CZECH: locator=I_II.q34.a3.sed_contra
MISSING_CZECH: locator=I_II.q34.a4.sed_contra
MISSING_CZECH: locator=I_II.q35.a1.sed_contra
MISSING_CZECH: locator=I_II.q35.a2.sed_contra
MISSING_CZECH: locator=I_II.q35.a3.sed_contra
MISSING_CZECH: locator=I_II.q35.a4.sed_contra
MISSING_CZECH: locator=I_II.q35.a5.sed_contra
MISSING_CZECH: locator=I_II.q35.a6.sed_contra
MISSING_CZECH: locator=I_II.q35.a7.sed_contra
MISSING_CZECH: locator=I_II.q35.a8.sed_contra
MISSING_CZECH: locator=I_II.q36.a1.sed_contra
MISSING_CZECH: locator=I_II.q36.a2.sed_contra
MISSING_CZECH: locator=I_II.q36.a3.sed_contra
MISSING_CZECH: locator=I_II.q36.a4.sed_contra
MISSING_CZECH: locator=I_II.q37.a1.sed_contra
MISSING_CZECH: locator=I_II.q37.a2.sed_contra
MISSING_CZECH: locator=I_II.q37.a3.reply0
MISSING_CZECH: locator=I_II.q37.a3.sed_contra
MISSING_CZECH: locator=I_II.q37.a4.sed_contra
MISSING_CZECH: locator=I_II.q38.a1.sed_contra
MISSING_CZECH: locator=I_II.q38.a2.sed_contra
MISSING_CZECH: locator=I_II.q38.a3.sed_contra
MISSING_CZECH: locator=I_II.q38.a4.sed_contra
MISSING_CZECH: locator=I_II.q38.a5.sed_contra
MISSING_CZECH: locator=I_II.q39.a1.sed_contra
MISSING_CZECH: locator=I_II.q39.a2.sed_contra
MISSING_CZECH: locator=I_II.q39.a3.sed_contra
MISSING_CZECH: locator=I_II.q39.a4.sed_contra
MISSING_CZECH: locator=I_II.q4.a1.sed_contra
MISSING_CZECH: locator=I_II.q4.a2.sed_contra
MISSING_CZECH: locator=I_II.q4.a3.sed_contra
MISSING_CZECH: locator=I_II.q4.a4.sed_contra
MISSING_CZECH: locator=I_II.q4.a5.sed_contra
MISSING_CZECH: locator=I_II.q4.a6.sed_contra
MISSING_CZECH: locator=I_II.q4.a7.sed_contra
MISSING_CZECH: locator=I_II.q4.a8.sed_contra
MISSING_CZECH: locator=I_II.q40.a1.sed_contra
MISSING_CZECH: locator=I_II.q40.a2.sed_contra
MISSING_CZECH: locator=I_II.q40.a3.sed_contra
MISSING_CZECH: locator=I_II.q40.a4.sed_contra
MISSING_CZECH: locator=I_II.q40.a5.sed_contra
MISSING_CZECH: locator=I_II.q40.a6.sed_contra
MISSING_CZECH: locator=I_II.q40.a7.reply0
MISSING_CZECH: locator=I_II.q40.a7.sed_contra
MISSING_CZECH: locator=I_II.q40.a8.sed_contra
MISSING_CZECH: locator=I_II.q41.a1.sed_contra
MISSING_CZECH: locator=I_II.q41.a2.sed_contra
MISSING_CZECH: locator=I_II.q41.a3.reply0
MISSING_CZECH: locator=I_II.q41.a3.sed_contra
MISSING_CZECH: locator=I_II.q41.a4.sed_contra
MISSING_CZECH: locator=I_II.q42.a1.reply0
MISSING_CZECH: locator=I_II.q42.a1.sed_contra
MISSING_CZECH: locator=I_II.q42.a2.sed_contra
MISSING_CZECH: locator=I_II.q42.a3.sed_contra
MISSING_CZECH: locator=I_II.q42.a4.sed_contra
MISSING_CZECH: locator=I_II.q42.a5.sed_contra
MISSING_CZECH: locator=I_II.q42.a6.sed_contra
MISSING_CZECH: locator=I_II.q43.a1.sed_contra
MISSING_CZECH: locator=I_II.q43.a2.sed_contra
MISSING_CZECH: locator=I_II.q44.a1.sed_contra
MISSING_CZECH: locator=I_II.q44.a2.sed_contra
MISSING_CZECH: locator=I_II.q44.a3.sed_contra
MISSING_CZECH: locator=I_II.q44.a4.sed_contra
MISSING_CZECH: locator=I_II.q45.a1.sed_contra
MISSING_CZECH: locator=I_II.q45.a2.sed_contra
MISSING_CZECH: locator=I_II.q45.a3.sed_contra
MISSING_CZECH: locator=I_II.q45.a4.sed_contra
MISSING_CZECH: locator=I_II.q46.a1.sed_contra
MISSING_CZECH: locator=I_II.q46.a2.reply0
MISSING_CZECH: locator=I_II.q46.a2.sed_contra
MISSING_CZECH: locator=I_II.q46.a3.sed_contra
MISSING_CZECH: locator=I_II.q46.a4.sed_contra
MISSING_CZECH: locator=I_II.q46.a5.sed_contra
MISSING_CZECH: locator=I_II.q46.a6.sed_contra
MISSING_CZECH: locator=I_II.q46.a7.sed_contra
MISSING_CZECH: locator=I_II.q46.a8.sed_contra
MISSING_CZECH: locator=I_II.q47.a1.sed_contra
MISSING_CZECH: locator=I_II.q47.a2.sed_contra
MISSING_CZECH: locator=I_II.q47.a3.sed_contra
MISSING_CZECH: locator=I_II.q47.a4.sed_contra
MISSING_CZECH: locator=I_II.q48.a1.sed_contra
MISSING_CZECH: locator=I_II.q48.a2.sed_contra
MISSING_CZECH: locator=I_II.q48.a3.sed_contra
MISSING_CZECH: locator=I_II.q48.a4.sed_contra
MISSING_CZECH: locator=I_II.q49.a1.reply1
MISSING_CZECH: locator=I_II.q49.a1.reply2
MISSING_CZECH: locator=I_II.q49.a1.reply3
MISSING_CZECH: locator=I_II.q49.a1.respondeo
MISSING_CZECH: locator=I_II.q49.a1.sed_contra
MISSING_CZECH: locator=I_II.q49.a2.sed_contra
MISSING_CZECH: locator=I_II.q49.a3.sed_contra
MISSING_CZECH: locator=I_II.q49.a4.sed_contra
MISSING_CZECH: locator=I_II.q5.a1.sed_contra
MISSING_CZECH: locator=I_II.q5.a2.sed_contra
MISSING_CZECH: locator=I_II.q5.a3.sed_contra
MISSING_CZECH: locator=I_II.q5.a4.sed_contra
MISSING_CZECH: locator=I_II.q5.a5.sed_contra
MISSING_CZECH: locator=I_II.q5.a6.sed_contra
MISSING_CZECH: locator=I_II.q5.a7.sed_contra
MISSING_CZECH: locator=I_II.q5.a8.sed_contra
MISSING_CZECH: locator=I_II.q50.a1.sed_contra
MISSING_CZECH: locator=I_II.q50.a2.sed_contra
MISSING_CZECH: locator=I_II.q50.a3.sed_contra
MISSING_CZECH: locator=I_II.q50.a4.sed_contra
MISSING_CZECH: locator=I_II.q50.a5.sed_contra
MISSING_CZECH: locator=I_II.q50.a6.sed_contra
MISSING_CZECH: locator=I_II.q51.a1.sed_contra
MISSING_CZECH: locator=I_II.q51.a2.sed_contra
MISSING_CZECH: locator=I_II.q51.a3.reply0
MISSING_CZECH: locator=I_II.q51.a3.sed_contra
MISSING_CZECH: locator=I_II.q51.a4.sed_contra
MISSING_CZECH: locator=I_II.q52.a1.sed_contra
MISSING_CZECH: locator=I_II.q52.a2.sed_contra
MISSING_CZECH: locator=I_II.q52.a3.reply0
MISSING_CZECH: locator=I_II.q52.a3.sed_contra
MISSING_CZECH: locator=I_II.q53.a1.sed_contra
MISSING_CZECH: locator=I_II.q53.a2.sed_contra
MISSING_CZECH: locator=I_II.q53.a3.sed_contra
MISSING_CZECH: locator=I_II.q54.a1.sed_contra
MISSING_CZECH: locator=I_II.q54.a2.sed_contra
MISSING_CZECH: locator=I_II.q54.a3.sed_contra
MISSING_CZECH: locator=I_II.q54.a4.sed_contra
MISSING_CZECH: locator=I_II.q55.a1.sed_contra
MISSING_CZECH: locator=I_II.q55.a2.sed_contra
MISSING_CZECH: locator=I_II.q55.a3.sed_contra
MISSING_CZECH: locator=I_II.q55.a4.sed_contra
MISSING_CZECH: locator=I_II.q56.a1.sed_contra
MISSING_CZECH: locator=I_II.q56.a2.sed_contra
MISSING_CZECH: locator=I_II.q56.a3.sed_contra
MISSING_CZECH: locator=I_II.q56.a4.sed_contra
MISSING_CZECH: locator=I_II.q56.a5.sed_contra
MISSING_CZECH: locator=I_II.q56.a6.sed_contra
MISSING_CZECH: locator=I_II.q57.a1.sed_contra
MISSING_CZECH: locator=I_II.q57.a2.sed_contra
MISSING_CZECH: locator=I_II.q57.a3.sed_contra
MISSING_CZECH: locator=I_II.q57.a4.sed_contra
MISSING_CZECH: locator=I_II.q57.a5.sed_contra
MISSING_CZECH: locator=I_II.q57.a6.sed_contra
MISSING_CZECH: locator=I_II.q58.a1.sed_contra
MISSING_CZECH: locator=I_II.q58.a2.sed_contra
MISSING_CZECH: locator=I_II.q58.a3.sed_contra
MISSING_CZECH: locator=I_II.q58.a4.arg1
MISSING_CZECH: locator=I_II.q58.a4.arg2
MISSING_CZECH: locator=I_II.q58.a4.arg3
MISSING_CZECH: locator=I_II.q58.a4.reply1
MISSING_CZECH: locator=I_II.q58.a4.reply2
MISSING_CZECH: locator=I_II.q58.a4.reply3
MISSING_CZECH: locator=I_II.q58.a4.respondeo
MISSING_CZECH: locator=I_II.q58.a4.sed_contra
MISSING_CZECH: locator=I_II.q58.a5.sed_contra
MISSING_CZECH: locator=I_II.q59.a1.sed_contra
MISSING_CZECH: locator=I_II.q59.a2.sed_contra
MISSING_CZECH: locator=I_II.q59.a3.sed_contra
MISSING_CZECH: locator=I_II.q59.a4.sed_contra
MISSING_CZECH: locator=I_II.q59.a5.sed_contra
MISSING_CZECH: locator=I_II.q6.a1.sed_contra
MISSING_CZECH: locator=I_II.q6.a2.sed_contra
MISSING_CZECH: locator=I_II.q6.a3.sed_contra
MISSING_CZECH: locator=I_II.q6.a4.sed_contra
MISSING_CZECH: locator=I_II.q6.a5.sed_contra
MISSING_CZECH: locator=I_II.q6.a6.sed_contra
MISSING_CZECH: locator=I_II.q6.a7.sed_contra
MISSING_CZECH: locator=I_II.q6.a8.sed_contra
MISSING_CZECH: locator=I_II.q60.a1.sed_contra
MISSING_CZECH: locator=I_II.q60.a2.sed_contra
MISSING_CZECH: locator=I_II.q60.a3.sed_contra
MISSING_CZECH: locator=I_II.q60.a4.sed_contra
MISSING_CZECH: locator=I_II.q60.a5.sed_contra
MISSING_CZECH: locator=I_II.q61.a1.sed_contra
MISSING_CZECH: locator=I_II.q61.a2.sed_contra
MISSING_CZECH: locator=I_II.q61.a3.sed_contra
MISSING_CZECH: locator=I_II.q61.a4.sed_contra
MISSING_CZECH: locator=I_II.q61.a5.sed_contra
MISSING_CZECH: locator=I_II.q62.a1.sed_contra
MISSING_CZECH: locator=I_II.q62.a2.sed_contra
MISSING_CZECH: locator=I_II.q62.a3.sed_contra
MISSING_CZECH: locator=I_II.q62.a4.sed_contra
MISSING_CZECH: locator=I_II.q63.a1.sed_contra
MISSING_CZECH: locator=I_II.q63.a2.sed_contra
MISSING_CZECH: locator=I_II.q63.a3.sed_contra
MISSING_CZECH: locator=I_II.q63.a4.sed_contra
MISSING_CZECH: locator=I_II.q64.a1.sed_contra
MISSING_CZECH: locator=I_II.q64.a2.sed_contra
MISSING_CZECH: locator=I_II.q64.a3.sed_contra
MISSING_CZECH: locator=I_II.q64.a4.sed_contra
MISSING_CZECH: locator=I_II.q65.a1.sed_contra
MISSING_CZECH: locator=I_II.q65.a2.sed_contra
MISSING_CZECH: locator=I_II.q65.a3.sed_contra
MISSING_CZECH: locator=I_II.q65.a4.sed_contra
MISSING_CZECH: locator=I_II.q65.a5.sed_contra
MISSING_CZECH: locator=I_II.q66.a1.sed_contra
MISSING_CZECH: locator=I_II.q66.a2.sed_contra
MISSING_CZECH: locator=I_II.q66.a3.sed_contra
MISSING_CZECH: locator=I_II.q66.a4.sed_contra
MISSING_CZECH: locator=I_II.q66.a5.sed_contra
MISSING_CZECH: locator=I_II.q66.a6.sed_contra
MISSING_CZECH: locator=I_II.q67.a1.sed_contra
MISSING_CZECH: locator=I_II.q67.a2.sed_contra
MISSING_CZECH: locator=I_II.q67.a3.sed_contra
MISSING_CZECH: locator=I_II.q67.a4.sed_contra
MISSING_CZECH: locator=I_II.q67.a5.sed_contra
MISSING_CZECH: locator=I_II.q67.a6.sed_contra
MISSING_CZECH: locator=I_II.q68.a1.sed_contra
MISSING_CZECH: locator=I_II.q68.a2.sed_contra
MISSING_CZECH: locator=I_II.q68.a3.sed_contra
MISSING_CZECH: locator=I_II.q68.a4.sed_contra
MISSING_CZECH: locator=I_II.q68.a5.sed_contra
MISSING_CZECH: locator=I_II.q68.a6.sed_contra
MISSING_CZECH: locator=I_II.q68.a7.sed_contra
MISSING_CZECH: locator=I_II.q68.a8.sed_contra
MISSING_CZECH: locator=I_II.q69.a1.sed_contra
MISSING_CZECH: locator=I_II.q69.a2.sed_contra
MISSING_CZECH: locator=I_II.q69.a3.sed_contra
MISSING_CZECH: locator=I_II.q69.a4.sed_contra
MISSING_CZECH: locator=I_II.q7.a1.sed_contra
MISSING_CZECH: locator=I_II.q7.a2.sed_contra
MISSING_CZECH: locator=I_II.q7.a3.sed_contra
MISSING_CZECH: locator=I_II.q7.a4.sed_contra
MISSING_CZECH: locator=I_II.q70.a1.sed_contra
MISSING_CZECH: locator=I_II.q70.a2.sed_contra
MISSING_CZECH: locator=I_II.q70.a3.sed_contra
MISSING_CZECH: locator=I_II.q70.a4.sed_contra
MISSING_CZECH: locator=I_II.q71.a1.sed_contra
MISSING_CZECH: locator=I_II.q71.a2.sed_contra
MISSING_CZECH: locator=I_II.q71.a3.sed_contra
MISSING_CZECH: locator=I_II.q71.a4.sed_contra
MISSING_CZECH: locator=I_II.q71.a5.sed_contra
MISSING_CZECH: locator=I_II.q71.a6.sed_contra
MISSING_CZECH: locator=I_II.q72.a1.sed_contra
MISSING_CZECH: locator=I_II.q72.a2.sed_contra
MISSING_CZECH: locator=I_II.q72.a3.sed_contra
MISSING_CZECH: locator=I_II.q72.a4.sed_contra
MISSING_CZECH: locator=I_II.q72.a5.sed_contra
MISSING_CZECH: locator=I_II.q72.a6.sed_contra
MISSING_CZECH: locator=I_II.q72.a7.sed_contra
MISSING_CZECH: locator=I_II.q72.a8.sed_contra
MISSING_CZECH: locator=I_II.q72.a9.sed_contra
MISSING_CZECH: locator=I_II.q73.a1.sed_contra
MISSING_CZECH: locator=I_II.q73.a10.sed_contra
MISSING_CZECH: locator=I_II.q73.a2.sed_contra
MISSING_CZECH: locator=I_II.q73.a3.sed_contra
MISSING_CZECH: locator=I_II.q73.a4.sed_contra
MISSING_CZECH: locator=I_II.q73.a5.sed_contra
MISSING_CZECH: locator=I_II.q73.a6.sed_contra
MISSING_CZECH: locator=I_II.q73.a7.sed_contra
MISSING_CZECH: locator=I_II.q73.a8.sed_contra
MISSING_CZECH: locator=I_II.q73.a9.sed_contra
MISSING_CZECH: locator=I_II.q74.a1.sed_contra
MISSING_CZECH: locator=I_II.q74.a10.sed_contra
MISSING_CZECH: locator=I_II.q74.a2.sed_contra
MISSING_CZECH: locator=I_II.q74.a3.sed_contra
MISSING_CZECH: locator=I_II.q74.a4.sed_contra
MISSING_CZECH: locator=I_II.q74.a5.sed_contra
MISSING_CZECH: locator=I_II.q74.a6.sed_contra
MISSING_CZECH: locator=I_II.q74.a7.sed_contra
MISSING_CZECH: locator=I_II.q74.a8.sed_contra
MISSING_CZECH: locator=I_II.q74.a9.sed_contra
MISSING_CZECH: locator=I_II.q75.a1.sed_contra
MISSING_CZECH: locator=I_II.q75.a2.sed_contra
MISSING_CZECH: locator=I_II.q75.a3.sed_contra
MISSING_CZECH: locator=I_II.q75.a4.sed_contra
MISSING_CZECH: locator=I_II.q76.a1.sed_contra
MISSING_CZECH: locator=I_II.q76.a2.sed_contra
MISSING_CZECH: locator=I_II.q76.a3.sed_contra
MISSING_CZECH: locator=I_II.q76.a4.sed_contra
MISSING_CZECH: locator=I_II.q77.a1.sed_contra
MISSING_CZECH: locator=I_II.q77.a2.sed_contra
MISSING_CZECH: locator=I_II.q77.a3.sed_contra
MISSING_CZECH: locator=I_II.q77.a4.sed_contra
MISSING_CZECH: locator=I_II.q77.a5.sed_contra
MISSING_CZECH: locator=I_II.q77.a6.sed_contra
MISSING_CZECH: locator=I_II.q77.a7.sed_contra
MISSING_CZECH: locator=I_II.q77.a8.sed_contra
MISSING_CZECH: locator=I_II.q78.a1.sed_contra
MISSING_CZECH: locator=I_II.q78.a2.sed_contra
MISSING_CZECH: locator=I_II.q78.a3.sed_contra
MISSING_CZECH: locator=I_II.q78.a4.sed_contra
MISSING_CZECH: locator=I_II.q79.a1.sed_contra
MISSING_CZECH: locator=I_II.q79.a2.sed_contra
MISSING_CZECH: locator=I_II.q79.a3.sed_contra
MISSING_CZECH: locator=I_II.q79.a4.sed_contra
MISSING_CZECH: locator=I_II.q8.a1.sed_contra
MISSING_CZECH: locator=I_II.q8.a2.sed_contra
MISSING_CZECH: locator=I_II.q8.a3.sed_contra
MISSING_CZECH: locator=I_II.q80.a1.sed_contra
MISSING_CZECH: locator=I_II.q80.a2.sed_contra
MISSING_CZECH: locator=I_II.q80.a3.sed_contra
MISSING_CZECH: locator=I_II.q80.a4.sed_contra
MISSING_CZECH: locator=I_II.q81.a1.sed_contra
MISSING_CZECH: locator=I_II.q81.a2.sed_contra
MISSING_CZECH: locator=I_II.q81.a3.sed_contra
MISSING_CZECH: locator=I_II.q81.a4.sed_contra
MISSING_CZECH: locator=I_II.q81.a5.sed_contra
MISSING_CZECH: locator=I_II.q82.a1.sed_contra
MISSING_CZECH: locator=I_II.q82.a2.sed_contra
MISSING_CZECH: locator=I_II.q82.a3.sed_contra
MISSING_CZECH: locator=I_II.q82.a4.sed_contra
MISSING_CZECH: locator=I_II.q83.a1.sed_contra
MISSING_CZECH: locator=I_II.q83.a2.sed_contra
MISSING_CZECH: locator=I_II.q83.a3.sed_contra
MISSING_CZECH: locator=I_II.q83.a4.sed_contra
MISSING_CZECH: locator=I_II.q84.a1.sed_contra
MISSING_CZECH: locator=I_II.q84.a2.sed_contra
MISSING_CZECH: locator=I_II.q84.a3.sed_contra
MISSING_CZECH: locator=I_II.q84.a4.sed_contra
MISSING_CZECH: locator=I_II.q85.a1.sed_contra
MISSING_CZECH: locator=I_II.q85.a2.sed_contra
MISSING_CZECH: locator=I_II.q85.a3.sed_contra
MISSING_CZECH: locator=I_II.q85.a4.sed_contra
MISSING_CZECH: locator=I_II.q85.a5.sed_contra
MISSING_CZECH: locator=I_II.q85.a6.reply0
MISSING_CZECH: locator=I_II.q85.a6.sed_contra
MISSING_CZECH: locator=I_II.q86.a1.sed_contra
MISSING_CZECH: locator=I_II.q86.a2.sed_contra
MISSING_CZECH: locator=I_II.q87.a1.sed_contra
MISSING_CZECH: locator=I_II.q87.a2.sed_contra
MISSING_CZECH: locator=I_II.q87.a3.arg1
MISSING_CZECH: locator=I_II.q87.a3.arg2
MISSING_CZECH: locator=I_II.q87.a3.arg3
MISSING_CZECH: locator=I_II.q87.a3.arg4
MISSING_CZECH: locator=I_II.q87.a3.reply1
MISSING_CZECH: locator=I_II.q87.a3.reply2
MISSING_CZECH: locator=I_II.q87.a3.reply3
MISSING_CZECH: locator=I_II.q87.a3.reply4
MISSING_CZECH: locator=I_II.q87.a3.respondeo
MISSING_CZECH: locator=I_II.q87.a3.sed_contra
MISSING_CZECH: locator=I_II.q87.a4.sed_contra
MISSING_CZECH: locator=I_II.q87.a5.sed_contra
MISSING_CZECH: locator=I_II.q87.a6.sed_contra
MISSING_CZECH: locator=I_II.q87.a7.sed_contra
MISSING_CZECH: locator=I_II.q87.a8.sed_contra
MISSING_CZECH: locator=I_II.q88.a1.sed_contra
MISSING_CZECH: locator=I_II.q88.a2.sed_contra
MISSING_CZECH: locator=I_II.q88.a3.sed_contra
MISSING_CZECH: locator=I_II.q88.a4.sed_contra
MISSING_CZECH: locator=I_II.q88.a5.sed_contra
MISSING_CZECH: locator=I_II.q88.a6.sed_contra
MISSING_CZECH: locator=I_II.q89.a1.sed_contra
MISSING_CZECH: locator=I_II.q89.a2.sed_contra
MISSING_CZECH: locator=I_II.q89.a3.sed_contra
MISSING_CZECH: locator=I_II.q89.a4.sed_contra
MISSING_CZECH: locator=I_II.q89.a5.sed_contra
MISSING_CZECH: locator=I_II.q89.a6.sed_contra
MISSING_CZECH: locator=I_II.q9.a1.sed_contra
MISSING_CZECH: locator=I_II.q9.a2.sed_contra
MISSING_CZECH: locator=I_II.q9.a3.sed_contra
MISSING_CZECH: locator=I_II.q9.a4.sed_contra
MISSING_CZECH: locator=I_II.q9.a5.sed_contra
MISSING_CZECH: locator=I_II.q9.a6.sed_contra
MISSING_CZECH: locator=I_II.q90.a1.sed_contra
MISSING_CZECH: locator=I_II.q90.a2.sed_contra
MISSING_CZECH: locator=I_II.q90.a3.sed_contra
MISSING_CZECH: locator=I_II.q90.a4.sed_contra
MISSING_CZECH: locator=I_II.q91.a1.sed_contra
MISSING_CZECH: locator=I_II.q91.a2.sed_contra
MISSING_CZECH: locator=I_II.q91.a3.sed_contra
MISSING_CZECH: locator=I_II.q91.a4.sed_contra
MISSING_CZECH: locator=I_II.q91.a5.sed_contra
MISSING_CZECH: locator=I_II.q91.a6.sed_contra
MISSING_CZECH: locator=I_II.q92.a1.sed_contra
MISSING_CZECH: locator=I_II.q92.a2.sed_contra
MISSING_CZECH: locator=I_II.q93.a1.sed_contra
MISSING_CZECH: locator=I_II.q93.a2.sed_contra
MISSING_CZECH: locator=I_II.q93.a3.sed_contra
MISSING_CZECH: locator=I_II.q93.a4.sed_contra
MISSING_CZECH: locator=I_II.q93.a5.sed_contra
MISSING_CZECH: locator=I_II.q93.a6.arg1
MISSING_CZECH: locator=I_II.q93.a6.arg2
MISSING_CZECH: locator=I_II.q93.a6.arg3
MISSING_CZECH: locator=I_II.q93.a6.reply1
MISSING_CZECH: locator=I_II.q93.a6.reply2
MISSING_CZECH: locator=I_II.q93.a6.reply3
MISSING_CZECH: locator=I_II.q93.a6.respondeo
MISSING_CZECH: locator=I_II.q93.a6.sed_contra
MISSING_CZECH: locator=I_II.q94.a1.sed_contra
MISSING_CZECH: locator=I_II.q94.a2.sed_contra
MISSING_CZECH: locator=I_II.q94.a3.sed_contra
MISSING_CZECH: locator=I_II.q94.a4.sed_contra
MISSING_CZECH: locator=I_II.q94.a5.sed_contra
MISSING_CZECH: locator=I_II.q94.a6.sed_contra
MISSING_CZECH: locator=I_II.q95.a1.sed_contra
MISSING_CZECH: locator=I_II.q95.a2.sed_contra
MISSING_CZECH: locator=I_II.q95.a3.reply0
MISSING_CZECH: locator=I_II.q95.a3.sed_contra
MISSING_CZECH: locator=I_II.q95.a4.sed_contra
MISSING_CZECH: locator=I_II.q96.a1.sed_contra
MISSING_CZECH: locator=I_II.q96.a2.sed_contra
MISSING_CZECH: locator=I_II.q96.a3.sed_contra
MISSING_CZECH: locator=I_II.q96.a4.sed_contra
MISSING_CZECH: locator=I_II.q96.a5.sed_contra
MISSING_CZECH: locator=I_II.q96.a6.sed_contra
MISSING_CZECH: locator=I_II.q97.a1.sed_contra
MISSING_CZECH: locator=I_II.q97.a2.sed_contra
MISSING_CZECH: locator=I_II.q97.a3.sed_contra
MISSING_CZECH: locator=I_II.q97.a4.sed_contra
MISSING_CZECH: locator=I_II.q98.a1.sed_contra
MISSING_CZECH: locator=I_II.q98.a2.sed_contra
MISSING_CZECH: locator=I_II.q98.a3.sed_contra
MISSING_CZECH: locator=I_II.q98.a4.sed_contra
MISSING_CZECH: locator=I_II.q98.a5.sed_contra
MISSING_CZECH: locator=I_II.q98.a6.sed_contra
MISSING_CZECH: locator=I_II.q99.a1.sed_contra
MISSING_CZECH: locator=I_II.q99.a2.sed_contra
MISSING_CZECH: locator=I_II.q99.a3.sed_contra
MISSING_CZECH: locator=I_II.q99.a4.sed_contra
MISSING_CZECH: locator=I_II.q99.a5.sed_contra
MISSING_CZECH: locator=I_II.q99.a6.sed_contra
