17:42:57.163 | INFO    | prefect - Starting temporary server on http://127.0.0.1:8246
See https://docs.prefect.io/v3/concepts/server#how-to-guides for more information on running a dedicated Prefect server.
17:42:58.800 | INFO    | Flow run 'curly-sawfish' - Beginning flow run 'curly-sawfish' for flow 'translate-corpus'
[PRECHECK] terminology FAIL: missing components ['intelekt'] for 'intelekt' (intellego)
[PRECHECK] terminology FAIL: missing components ['intelekt'] for 'intelekt' (intellego)
17:43:30.783 | WARNING | translate.loop - segment_id=11502 flagged needs_human after 3 iterations
17:44:52.601 | INFO    | Task run 'translate-article-99e' - Finished in state Completed()
17:45:06.584 | INFO    | Task run 'translate-article-07d' - Finished in state Completed()
17:45:24.162 | INFO    | Task run 'translate-article-835' - Finished in state Completed()
17:45:36.066 | INFO    | Task run 'translate-article-239' - Finished in state Completed()
[PRECHECK] terminology FAIL: missing components ['intencionálny'] for 'intencionálny obraz' (species)
17:45:55.134 | INFO    | Task run 'translate-article-185' - Finished in state Completed()
[PRECHECK] terminology FAIL: missing components ['rozum'] for 'rozum' (ratio)
17:46:37.680 | INFO    | Task run 'translate-article-191' - Finished in state Completed()
17:46:53.557 | WARNING | translate.loop - segment_id=11559 flagged needs_human after 3 iterations
17:46:54.591 | INFO    | Task run 'translate-article-930' - Finished in state Completed()
17:46:58.096 | INFO    | Task run 'translate-article-354' - Finished in state Completed()
17:47:10.861 | INFO    | Task run 'translate-article-cfa' - Finished in state Completed()
17:47:11.219 | INFO    | Task run 'translate-article-882' - Finished in state Completed()
[PRECHECK] terminology FAIL: missing components ['dar'] for 'dar' (oblatio)
[PRECHECK] terminology FAIL: missing components ['dar'] for 'dar' (oblatio)
[PRECHECK] terminology FAIL: missing components ['dar'] for 'dar' (oblatio)
17:47:17.863 | WARNING | translate.loop - segment_id=11628 flagged needs_human after 3 iterations
[PRECHECK] terminology FAIL: missing components ['rozum'] for 'rozum' (ratio)
17:47:30.510 | INFO    | Task run 'translate-article-24e' - Finished in state Completed()
[PRECHECK] terminology FAIL: missing components ['druh'] for 'druh' (species)
17:47:58.293 | INFO    | Task run 'translate-article-9fd' - Finished in state Completed()
17:48:00.659 | INFO    | Task run 'translate-article-d44' - Finished in state Completed()
[PRECHECK] terminology FAIL: missing components ['druh'] for 'druh' (species)
[PRECHECK] terminology FAIL: missing components ['intelekt'] for 'intelekt' (intellego)
[PRECHECK] terminology FAIL: missing components ['rozum'] for 'rozum' (ratio)
17:48:58.379 | INFO    | Task run 'translate-article-fc7' - Finished in state Completed()
[PRECHECK] terminology FAIL: missing components ['intelekt'] for 'intelekt' (intellego)
17:48:59.356 | INFO    | Task run 'translate-article-7ee' - Finished in state Completed()
17:49:21.273 | INFO    | Task run 'translate-article-b76' - Finished in state Completed()
17:49:22.561 | INFO    | Task run 'translate-article-d93' - Finished in state Completed()
17:49:26.227 | INFO    | Task run 'translate-article-fd7' - Finished in state Completed()
17:49:41.487 | INFO    | Task run 'translate-article-61b' - Finished in state Completed()
17:49:45.193 | INFO    | Task run 'translate-article-8de' - Finished in state Completed()
[PRECHECK] terminology FAIL: missing components ['intelekt'] for 'intelekt' (intellego)
17:49:56.243 | WARNING | translate.loop - segment_id=11625 flagged needs_human after 3 iterations
17:50:09.575 | INFO    | Task run 'translate-article-199' - Finished in state Completed()
17:50:40.098 | INFO    | Task run 'translate-article-20c' - Finished in state Completed()
[PRECHECK] terminology FAIL: missing components ['milosť'] for 'milosť' (gratia)
20:20:05.999 | ERROR   | prefect.server.services.telemetry - Failed to send telemetry: 
