23:53:35 INFO     Full pilot: 126 pending segments across ['I.q1', 'I.q2', 'I.q3', 'I.q4', 'I.q5', 'I.q6']. Prompt log → /Users/agalad/Workspace/python/aquinas-pipeline/reports/debug_1780869215.jsonl
23:53:35 INFO     Workers: 8
[PRECHECK] WARNING: no approved formula for 'respondeo' — skipping check
[PRECHECK] WARNING: no approved formula for 'sed_contra' — skipping check
[PRECHECK] WARNING: no approved formula for 'praeterea' — skipping check
[PRECHECK] WARNING: no approved formula for 'respondeo' — skipping check
[PRECHECK] WARNING: no approved formula for 'sed_contra' — skipping check
[PRECHECK] WARNING: no approved formula for 'praeterea' — skipping check
[PRECHECK] WARNING: no approved formula for 'respondeo' — skipping check
[PRECHECK] WARNING: no approved formula for 'sed_contra' — skipping check
[PRECHECK] WARNING: no approved formula for 'praeterea' — skipping check
[PRECHECK] WARNING: no approved formula for 'respondeo' — skipping check
[PRECHECK] WARNING: no approved formula for 'sed_contra' — skipping check
[PRECHECK] WARNING: no approved formula for 'praeterea' — skipping check
[PRECHECK] WARNING: no approved formula for 'respondeo' — skipping check
[PRECHECK] WARNING: no approved formula for 'sed_contra' — skipping check
[PRECHECK] WARNING: no approved formula for 'praeterea' — skipping check
[PRECHECK] WARNING: no approved formula for 'respondeo' — skipping check
[PRECHECK] WARNING: no approved formula for 'sed_contra' — skipping check
[PRECHECK] WARNING: no approved formula for 'praeterea' — skipping check
23:53:43 INFO     segment_id=2410 translated in 1 iteration(s)
23:53:43 INFO     [1/126] segment_id=2410  I.q3.a7.reply2 → translated (iter=1, cost=$0.0009, running needs_human=0.0%)
[PRECHECK] WARNING: no approved formula for 'respondeo' — skipping check
[PRECHECK] WARNING: no approved formula for 'sed_contra' — skipping check
[PRECHECK] WARNING: no approved formula for 'praeterea' — skipping check
[PRECHECK] terminology FAIL: lemma 'o sebe' (for per se) not found in draft
[PRECHECK] WARNING: no approved formula for 'respondeo' — skipping check
[PRECHECK] WARNING: no approved formula for 'sed_contra' — skipping check
[PRECHECK] WARNING: no approved formula for 'praeterea' — skipping check
[PRECHECK] WARNING: no approved formula for 'respondeo' — skipping check
[PRECHECK] WARNING: no approved formula for 'sed_contra' — skipping check
[PRECHECK] WARNING: no approved formula for 'praeterea' — skipping check
[PRECHECK] terminology FAIL: lemma 'rozum' (for ratio) not found in draft
[PRECHECK] WARNING: no approved formula for 'respondeo' — skipping check
[PRECHECK] WARNING: no approved formula for 'sed_contra' — skipping check
[PRECHECK] WARNING: no approved formula for 'praeterea' — skipping check
[PRECHECK] terminology FAIL: lemma 'o sebe' (for per se) not found in draft
23:53:48 INFO     segment_id=2405 translated in 1 iteration(s)
23:53:48 INFO     [2/126] segment_id=2405  I.q3.a7.arg1 → translated (iter=1, cost=$0.0012, running needs_human=0.0%)
[PRECHECK] WARNING: no approved formula for 'respondeo' — skipping check
[PRECHECK] WARNING: no approved formula for 'sed_contra' — skipping check
[PRECHECK] WARNING: no approved formula for 'praeterea' — skipping check
[PRECHECK] WARNING: no approved formula for 'respondeo' — skipping check
[PRECHECK] WARNING: no approved formula for 'sed_contra' — skipping check
[PRECHECK] WARNING: no approved formula for 'praeterea' — skipping check
[PRECHECK] terminology FAIL: lemma 'o sebe' (for per se) not found in draft
23:53:51 WARNING  segment_id=2401 flagged needs_human after 3 iterations
23:53:51 INFO     [3/126] segment_id=2401  I.q3.a6.respondeo → needs_human (iter=3, cost=$0.0007, running needs_human=33.3%)
[PRECHECK] WARNING: no approved formula for 'respondeo' — skipping check
[PRECHECK] WARNING: no approved formula for 'sed_contra' — skipping check
[PRECHECK] WARNING: no approved formula for 'praeterea' — skipping check
23:53:53 INFO     segment_id=2409 translated in 1 iteration(s)
23:53:53 INFO     [4/126] segment_id=2409  I.q3.a7.reply1 → translated (iter=1, cost=$0.0013, running needs_human=25.0%)
23:53:54 INFO     segment_id=2400 translated in 1 iteration(s)
23:53:54 INFO     [5/126] segment_id=2400  I.q3.a6.sed_contra → translated (iter=1, cost=$0.0015, running needs_human=20.0%)
[PRECHECK] WARNING: no approved formula for 'respondeo' — skipping check
[PRECHECK] WARNING: no approved formula for 'sed_contra' — skipping check
[PRECHECK] WARNING: no approved formula for 'praeterea' — skipping check
23:53:55 INFO     segment_id=2406 translated in 1 iteration(s)
23:53:55 INFO     [6/126] segment_id=2406  I.q3.a7.arg2 → translated (iter=1, cost=$0.0018, running needs_human=16.7%)
[PRECHECK] WARNING: no approved formula for 'respondeo' — skipping check
[PRECHECK] WARNING: no approved formula for 'sed_contra' — skipping check
[PRECHECK] WARNING: no approved formula for 'praeterea' — skipping check
23:53:56 INFO     segment_id=2407 translated in 1 iteration(s)
23:53:56 INFO     [7/126] segment_id=2407  I.q3.a7.sed_contra → translated (iter=1, cost=$0.0010, running needs_human=14.3%)
[PRECHECK] WARNING: no approved formula for 'respondeo' — skipping check
[PRECHECK] WARNING: no approved formula for 'sed_contra' — skipping check
[PRECHECK] WARNING: no approved formula for 'praeterea' — skipping check
[PRECHECK] WARNING: no approved formula for 'respondeo' — skipping check
[PRECHECK] WARNING: no approved formula for 'sed_contra' — skipping check
[PRECHECK] WARNING: no approved formula for 'praeterea' — skipping check
[PRECHECK] WARNING: no approved formula for 'respondeo' — skipping check
[PRECHECK] WARNING: no approved formula for 'sed_contra' — skipping check
[PRECHECK] WARNING: no approved formula for 'praeterea' — skipping check
[PRECHECK] WARNING: no approved formula for 'respondeo' — skipping check
[PRECHECK] WARNING: no approved formula for 'sed_contra' — skipping check
[PRECHECK] WARNING: no approved formula for 'praeterea' — skipping check
23:54:02 INFO     segment_id=2413 translated in 1 iteration(s)
23:54:02 INFO     [8/126] segment_id=2413  I.q3.a8.arg2 → translated (iter=1, cost=$0.0010, running needs_human=12.5%)
23:54:02 INFO     segment_id=2418 translated in 1 iteration(s)
23:54:02 INFO     [9/126] segment_id=2418  I.q3.a8.reply2 → translated (iter=1, cost=$0.0006, running needs_human=11.1%)
23:54:03 INFO     segment_id=2417 translated in 1 iteration(s)
23:54:03 INFO     [10/126] segment_id=2417  I.q3.a8.reply1 → translated (iter=1, cost=$0.0009, running needs_human=10.0%)
23:54:03 INFO     segment_id=2412 translated in 1 iteration(s)
23:54:03 INFO     [11/126] segment_id=2412  I.q3.a8.arg1 → translated (iter=1, cost=$0.0015, running needs_human=9.1%)
[PRECHECK] WARNING: no approved formula for 'respondeo' — skipping check
[PRECHECK] WARNING: no approved formula for 'sed_contra' — skipping check
[PRECHECK] WARNING: no approved formula for 'praeterea' — skipping check
[PRECHECK] WARNING: no approved formula for 'respondeo' — skipping check
[PRECHECK] WARNING: no approved formula for 'sed_contra' — skipping check
[PRECHECK] WARNING: no approved formula for 'praeterea' — skipping check
[PRECHECK] WARNING: no approved formula for 'respondeo' — skipping check
[PRECHECK] WARNING: no approved formula for 'sed_contra' — skipping check
[PRECHECK] WARNING: no approved formula for 'praeterea' — skipping check
[PRECHECK] WARNING: no approved formula for 'respondeo' — skipping check
[PRECHECK] WARNING: no approved formula for 'sed_contra' — skipping check
[PRECHECK] WARNING: no approved formula for 'praeterea' — skipping check
[PRECHECK] terminology FAIL: lemma 'o sebe' (for per se) not found in draft
[PRECHECK] terminology FAIL: lemma 'intencionálny obraz' (for species) not found in draft
23:54:10 INFO     segment_id=2414 translated in 1 iteration(s)
23:54:10 INFO     [12/126] segment_id=2414  I.q3.a8.arg3 → translated (iter=1, cost=$0.0016, running needs_human=8.3%)
[PRECHECK] WARNING: no approved formula for 'respondeo' — skipping check
[PRECHECK] WARNING: no approved formula for 'sed_contra' — skipping check
[PRECHECK] WARNING: no approved formula for 'praeterea' — skipping check
23:54:13 INFO     segment_id=2824 translated in 1 iteration(s)
23:54:13 INFO     [13/126] segment_id=2824  I.q4.a1.arg2 → translated (iter=1, cost=$0.0009, running needs_human=7.7%)
23:54:15 INFO     segment_id=2403 translated in 2 iteration(s)
23:54:15 INFO     [14/126] segment_id=2403  I.q3.a6.reply2 → translated (iter=2, cost=$0.0033, running needs_human=7.1%)
[PRECHECK] WARNING: no approved formula for 'respondeo' — skipping check
[PRECHECK] WARNING: no approved formula for 'sed_contra' — skipping check
[PRECHECK] WARNING: no approved formula for 'praeterea' — skipping check
[PRECHECK] terminology FAIL: lemma 'o sebe' (for per se) not found in draft
[PRECHECK] terminology FAIL: lemma 'intencionálny obraz' (for species) not found in draft
23:54:15 INFO     segment_id=2823 translated in 1 iteration(s)
23:54:15 INFO     [15/126] segment_id=2823  I.q4.a1.arg1 → translated (iter=1, cost=$0.0011, running needs_human=6.7%)
[PRECHECK] WARNING: no approved formula for 'respondeo' — skipping check
[PRECHECK] WARNING: no approved formula for 'sed_contra' — skipping check
[PRECHECK] WARNING: no approved formula for 'praeterea' — skipping check
[PRECHECK] WARNING: no approved formula for 'respondeo' — skipping check
[PRECHECK] WARNING: no approved formula for 'sed_contra' — skipping check
[PRECHECK] WARNING: no approved formula for 'praeterea' — skipping check
[PRECHECK] WARNING: no approved formula for 'respondeo' — skipping check
[PRECHECK] WARNING: no approved formula for 'sed_contra' — skipping check
[PRECHECK] WARNING: no approved formula for 'praeterea' — skipping check
23:54:18 INFO     segment_id=2419 translated in 1 iteration(s)
23:54:18 INFO     [16/126] segment_id=2419  I.q3.a8.reply3 → translated (iter=1, cost=$0.0022, running needs_human=6.2%)
[PRECHECK] WARNING: no approved formula for 'respondeo' — skipping check
[PRECHECK] WARNING: no approved formula for 'sed_contra' — skipping check
[PRECHECK] WARNING: no approved formula for 'praeterea' — skipping check
[PRECHECK] terminology FAIL: lemma 'o sebe' (for per se) not found in draft
[PRECHECK] terminology FAIL: lemma 'intencionálny obraz' (for species) not found in draft
23:54:21 WARNING  segment_id=2416 flagged needs_human after 3 iterations
23:54:21 INFO     [17/126] segment_id=2416  I.q3.a8.respondeo → needs_human (iter=3, cost=$0.0011, running needs_human=11.8%)
[PRECHECK] WARNING: no approved formula for 'respondeo' — skipping check
[PRECHECK] WARNING: no approved formula for 'sed_contra' — skipping check
[PRECHECK] WARNING: no approved formula for 'praeterea' — skipping check
[PRECHECK] terminology FAIL: lemma 'rozum' (for ratio) not found in draft
[PRECHECK] WARNING: no approved formula for 'respondeo' — skipping check
[PRECHECK] WARNING: no approved formula for 'sed_contra' — skipping check
[PRECHECK] WARNING: no approved formula for 'praeterea' — skipping check
[PRECHECK] WARNING: no approved formula for 'respondeo' — skipping check
[PRECHECK] WARNING: no approved formula for 'sed_contra' — skipping check
[PRECHECK] WARNING: no approved formula for 'praeterea' — skipping check
[PRECHECK] WARNING: no approved formula for 'respondeo' — skipping check
[PRECHECK] WARNING: no approved formula for 'sed_contra' — skipping check
[PRECHECK] WARNING: no approved formula for 'praeterea' — skipping check
23:54:29 INFO     segment_id=2415 translated in 1 iteration(s)
23:54:29 INFO     segment_id=2829 translated in 1 iteration(s)
23:54:29 INFO     [18/126] segment_id=2415  I.q3.a8.sed_contra → translated (iter=1, cost=$0.0024, running needs_human=11.1%)
23:54:29 INFO     [19/126] segment_id=2829  I.q4.a1.reply2 → translated (iter=1, cost=$0.0013, running needs_human=10.5%)
[PRECHECK] WARNING: no approved formula for 'respondeo' — skipping check
[PRECHECK] WARNING: no approved formula for 'sed_contra' — skipping check
[PRECHECK] WARNING: no approved formula for 'praeterea' — skipping check
[PRECHECK] WARNING: no approved formula for 'respondeo' — skipping check
[PRECHECK] WARNING: no approved formula for 'sed_contra' — skipping check
[PRECHECK] WARNING: no approved formula for 'praeterea' — skipping check
[PRECHECK] terminology FAIL: lemma 'intencionálny obraz' (for species) not found in draft
23:54:33 INFO     segment_id=2826 translated in 1 iteration(s)
23:54:33 INFO     segment_id=2825 translated in 2 iteration(s)
23:54:33 INFO     [20/126] segment_id=2826  I.q4.a1.sed_contra → translated (iter=1, cost=$0.0009, running needs_human=10.0%)
23:54:33 INFO     [21/126] segment_id=2825  I.q4.a1.arg3 → translated (iter=1, cost=$0.0020, running needs_human=9.5%)
23:54:33 INFO     segment_id=2828 translated in 1 iteration(s)
23:54:33 INFO     [22/126] segment_id=2828  I.q4.a1.reply1 → translated (iter=1, cost=$0.0019, running needs_human=9.1%)
[PRECHECK] WARNING: no approved formula for 'respondeo' — skipping check
[PRECHECK] WARNING: no approved formula for 'sed_contra' — skipping check
[PRECHECK] WARNING: no approved formula for 'praeterea' — skipping check
[PRECHECK] terminology FAIL: lemma 'intencionálny obraz' (for species) not found in draft
[PRECHECK] WARNING: no approved formula for 'respondeo' — skipping check
[PRECHECK] WARNING: no approved formula for 'sed_contra' — skipping check
[PRECHECK] WARNING: no approved formula for 'praeterea' — skipping check
[PRECHECK] WARNING: no approved formula for 'respondeo' — skipping check
[PRECHECK] WARNING: no approved formula for 'sed_contra' — skipping check
[PRECHECK] WARNING: no approved formula for 'praeterea' — skipping check
[PRECHECK] WARNING: no approved formula for 'respondeo' — skipping check
[PRECHECK] WARNING: no approved formula for 'sed_contra' — skipping check
[PRECHECK] WARNING: no approved formula for 'praeterea' — skipping check
[PRECHECK] WARNING: no approved formula for 'respondeo' — skipping check
[PRECHECK] WARNING: no approved formula for 'sed_contra' — skipping check
[PRECHECK] WARNING: no approved formula for 'praeterea' — skipping check
[PRECHECK] terminology FAIL: lemma 'intencionálny obraz' (for species) not found in draft
23:54:36 WARNING  segment_id=2833 flagged needs_human after 3 iterations
23:54:36 INFO     [23/126] segment_id=2833  I.q4.a2.arg2 → needs_human (iter=3, cost=$0.0004, running needs_human=13.0%)
23:54:39 INFO     segment_id=2830 translated in 1 iteration(s)
23:54:39 INFO     [24/126] segment_id=2830  I.q4.a1.reply3 → translated (iter=1, cost=$0.0023, running needs_human=12.5%)
[PRECHECK] WARNING: no approved formula for 'respondeo' — skipping check
[PRECHECK] WARNING: no approved formula for 'sed_contra' — skipping check
[PRECHECK] WARNING: no approved formula for 'praeterea' — skipping check
23:54:40 INFO     segment_id=2832 translated in 1 iteration(s)
23:54:40 INFO     [25/126] segment_id=2832  I.q4.a2.arg1 → translated (iter=1, cost=$0.0011, running needs_human=12.0%)
[PRECHECK] WARNING: no approved formula for 'respondeo' — skipping check
[PRECHECK] WARNING: no approved formula for 'sed_contra' — skipping check
[PRECHECK] WARNING: no approved formula for 'praeterea' — skipping check
23:54:42 INFO     segment_id=2827 translated in 2 iteration(s)
23:54:42 INFO     [26/126] segment_id=2827  I.q4.a1.respondeo → translated (iter=1, cost=$0.0026, running needs_human=11.5%)
[PRECHECK] WARNING: no approved formula for 'respondeo' — skipping check
[PRECHECK] WARNING: no approved formula for 'sed_contra' — skipping check
[PRECHECK] WARNING: no approved formula for 'praeterea' — skipping check
[PRECHECK] WARNING: no approved formula for 'respondeo' — skipping check
[PRECHECK] WARNING: no approved formula for 'sed_contra' — skipping check
[PRECHECK] WARNING: no approved formula for 'praeterea' — skipping check
[PRECHECK] WARNING: no approved formula for 'respondeo' — skipping check
[PRECHECK] WARNING: no approved formula for 'sed_contra' — skipping check
[PRECHECK] WARNING: no approved formula for 'praeterea' — skipping check
[PRECHECK] terminology FAIL: lemma 'o sebe' (for per se) not found in draft
[PRECHECK] WARNING: no approved formula for 'respondeo' — skipping check
[PRECHECK] WARNING: no approved formula for 'sed_contra' — skipping check
[PRECHECK] WARNING: no approved formula for 'praeterea' — skipping check
23:54:52 INFO     segment_id=2834 translated in 1 iteration(s)
23:54:52 INFO     [27/126] segment_id=2834  I.q4.a2.arg3 → translated (iter=1, cost=$0.0019, running needs_human=11.1%)
[PRECHECK] WARNING: no approved formula for 'respondeo' — skipping check
[PRECHECK] WARNING: no approved formula for 'sed_contra' — skipping check
[PRECHECK] WARNING: no approved formula for 'praeterea' — skipping check
[PRECHECK] terminology FAIL: lemma 'o sebe' (for per se) not found in draft
23:54:54 INFO     segment_id=2838 translated in 2 iteration(s)
23:54:54 INFO     [28/126] segment_id=2838  I.q4.a2.reply2 → translated (iter=1, cost=$0.0017, running needs_human=10.7%)
[PRECHECK] WARNING: no approved formula for 'respondeo' — skipping check
[PRECHECK] WARNING: no approved formula for 'sed_contra' — skipping check
[PRECHECK] WARNING: no approved formula for 'praeterea' — skipping check
[PRECHECK] WARNING: no approved formula for 'respondeo' — skipping check
[PRECHECK] WARNING: no approved formula for 'sed_contra' — skipping check
[PRECHECK] WARNING: no approved formula for 'praeterea' — skipping check
23:54:57 INFO     segment_id=2841 translated in 1 iteration(s)
23:54:57 INFO     [29/126] segment_id=2841  I.q4.a3.arg1 → translated (iter=1, cost=$0.0014, running needs_human=10.3%)
[PRECHECK] WARNING: no approved formula for 'respondeo' — skipping check
[PRECHECK] WARNING: no approved formula for 'sed_contra' — skipping check
[PRECHECK] WARNING: no approved formula for 'praeterea' — skipping check
[PRECHECK] terminology FAIL: lemma 'o sebe' (for per se) not found in draft
23:54:59 WARNING  segment_id=2836 flagged needs_human after 3 iterations
23:54:59 INFO     [30/126] segment_id=2836  I.q4.a2.respondeo → needs_human (iter=3, cost=$0.0012, running needs_human=13.3%)
[PRECHECK] WARNING: no approved formula for 'respondeo' — skipping check
[PRECHECK] WARNING: no approved formula for 'sed_contra' — skipping check
[PRECHECK] WARNING: no approved formula for 'praeterea' — skipping check
[PRECHECK] WARNING: no approved formula for 'respondeo' — skipping check
[PRECHECK] WARNING: no approved formula for 'sed_contra' — skipping check
[PRECHECK] WARNING: no approved formula for 'praeterea' — skipping check
[PRECHECK] WARNING: no approved formula for 'respondeo' — skipping check
[PRECHECK] WARNING: no approved formula for 'sed_contra' — skipping check
[PRECHECK] WARNING: no approved formula for 'praeterea' — skipping check
[PRECHECK] terminology FAIL: lemma 'intencionálny obraz' (for species) not found in draft
23:55:04 INFO     segment_id=2842 translated in 1 iteration(s)
23:55:04 INFO     [31/126] segment_id=2842  I.q4.a3.arg2 → translated (iter=1, cost=$0.0012, running needs_human=12.9%)
[PRECHECK] WARNING: no approved formula for 'respondeo' — skipping check
[PRECHECK] WARNING: no approved formula for 'sed_contra' — skipping check
[PRECHECK] WARNING: no approved formula for 'praeterea' — skipping check
[PRECHECK] WARNING: no approved formula for 'respondeo' — skipping check
[PRECHECK] WARNING: no approved formula for 'sed_contra' — skipping check
[PRECHECK] WARNING: no approved formula for 'praeterea' — skipping check
[PRECHECK] terminology FAIL: lemma 'intencionálny obraz' (for species) not found in draft
[PRECHECK] WARNING: no approved formula for 'respondeo' — skipping check
[PRECHECK] WARNING: no approved formula for 'sed_contra' — skipping check
[PRECHECK] WARNING: no approved formula for 'praeterea' — skipping check
23:55:06 INFO     segment_id=2843 translated in 1 iteration(s)
23:55:06 INFO     [32/126] segment_id=2843  I.q4.a3.arg3 → translated (iter=1, cost=$0.0011, running needs_human=12.5%)
[PRECHECK] WARNING: no approved formula for 'respondeo' — skipping check
[PRECHECK] WARNING: no approved formula for 'sed_contra' — skipping check
[PRECHECK] WARNING: no approved formula for 'praeterea' — skipping check
[PRECHECK] terminology FAIL: lemma 'intencionálny obraz' (for species) not found in draft
23:55:07 WARNING  segment_id=2847 flagged needs_human after 3 iterations
23:55:07 INFO     [33/126] segment_id=2847  I.q4.a3.reply1 → needs_human (iter=3, cost=$0.0004, running needs_human=15.2%)
23:55:08 INFO     segment_id=2835 translated in 2 iteration(s)
23:55:08 INFO     [34/126] segment_id=2835  I.q4.a2.sed_contra → translated (iter=1, cost=$0.0023, running needs_human=14.7%)
[PRECHECK] WARNING: no approved formula for 'respondeo' — skipping check
[PRECHECK] WARNING: no approved formula for 'sed_contra' — skipping check
[PRECHECK] WARNING: no approved formula for 'praeterea' — skipping check
[PRECHECK] terminology FAIL: lemma 'intencionálny obraz' (for species) not found in draft
[PRECHECK] WARNING: no approved formula for 'respondeo' — skipping check
[PRECHECK] WARNING: no approved formula for 'sed_contra' — skipping check
[PRECHECK] WARNING: no approved formula for 'praeterea' — skipping check
[PRECHECK] terminology FAIL: lemma 'intencionálny obraz' (for species) not found in draft
[PRECHECK] WARNING: no approved formula for 'respondeo' — skipping check
[PRECHECK] WARNING: no approved formula for 'sed_contra' — skipping check
[PRECHECK] WARNING: no approved formula for 'praeterea' — skipping check
23:55:11 INFO     segment_id=2844 translated in 1 iteration(s)
23:55:11 INFO     [35/126] segment_id=2844  I.q4.a3.arg4 → translated (iter=1, cost=$0.0013, running needs_human=14.3%)
[PRECHECK] WARNING: no approved formula for 'respondeo' — skipping check
[PRECHECK] WARNING: no approved formula for 'sed_contra' — skipping check
[PRECHECK] WARNING: no approved formula for 'praeterea' — skipping check
[PRECHECK] terminology FAIL: lemma 'intencionálny obraz' (for species) not found in draft
23:55:12 WARNING  segment_id=2849 flagged needs_human after 3 iterations
23:55:12 INFO     [36/126] segment_id=2849  I.q4.a3.reply3 → needs_human (iter=3, cost=$0.0003, running needs_human=16.7%)
[PRECHECK] WARNING: no approved formula for 'respondeo' — skipping check
[PRECHECK] WARNING: no approved formula for 'sed_contra' — skipping check
[PRECHECK] WARNING: no approved formula for 'praeterea' — skipping check
[PRECHECK] WARNING: no approved formula for 'respondeo' — skipping check
[PRECHECK] WARNING: no approved formula for 'sed_contra' — skipping check
[PRECHECK] WARNING: no approved formula for 'praeterea' — skipping check
[PRECHECK] WARNING: no approved formula for 'respondeo' — skipping check
[PRECHECK] WARNING: no approved formula for 'sed_contra' — skipping check
[PRECHECK] WARNING: no approved formula for 'praeterea' — skipping check
[PRECHECK] WARNING: no approved formula for 'respondeo' — skipping check
[PRECHECK] WARNING: no approved formula for 'sed_contra' — skipping check
[PRECHECK] WARNING: no approved formula for 'praeterea' — skipping check
[PRECHECK] terminology FAIL: lemma 'intencionálny obraz' (for species) not found in draft
23:55:16 INFO     segment_id=2848 translated in 1 iteration(s)
23:55:16 INFO     [37/126] segment_id=2848  I.q4.a3.reply2 → translated (iter=1, cost=$0.0010, running needs_human=16.2%)
[PRECHECK] WARNING: no approved formula for 'respondeo' — skipping check
[PRECHECK] WARNING: no approved formula for 'sed_contra' — skipping check
[PRECHECK] WARNING: no approved formula for 'praeterea' — skipping check
23:55:20 INFO     segment_id=3391 translated in 1 iteration(s)
23:55:20 INFO     [38/126] segment_id=3391  I.q5.a1.arg1 → translated (iter=1, cost=$0.0007, running needs_human=15.8%)
23:55:20 INFO     segment_id=2837 translated in 2 iteration(s)
23:55:20 INFO     [39/126] segment_id=2837  I.q4.a2.reply1 → translated (iter=1, cost=$0.0047, running needs_human=15.4%)
[PRECHECK] WARNING: no approved formula for 'respondeo' — skipping check
[PRECHECK] WARNING: no approved formula for 'sed_contra' — skipping check
[PRECHECK] WARNING: no approved formula for 'praeterea' — skipping check
[PRECHECK] terminology FAIL: lemma 'intencionálny obraz' (for species) not found in draft
[PRECHECK] WARNING: no approved formula for 'respondeo' — skipping check
[PRECHECK] WARNING: no approved formula for 'sed_contra' — skipping check
[PRECHECK] WARNING: no approved formula for 'praeterea' — skipping check
23:55:21 INFO     segment_id=2850 translated in 1 iteration(s)
23:55:21 INFO     [40/126] segment_id=2850  I.q4.a3.reply4 → translated (iter=1, cost=$0.0015, running needs_human=15.0%)
23:55:22 INFO     segment_id=2845 translated in 1 iteration(s)
23:55:22 INFO     [41/126] segment_id=2845  I.q4.a3.sed_contra → translated (iter=1, cost=$0.0010, running needs_human=14.6%)
[PRECHECK] WARNING: no approved formula for 'respondeo' — skipping check
[PRECHECK] WARNING: no approved formula for 'sed_contra' — skipping check
[PRECHECK] WARNING: no approved formula for 'praeterea' — skipping check
[PRECHECK] WARNING: no approved formula for 'respondeo' — skipping check
[PRECHECK] WARNING: no approved formula for 'sed_contra' — skipping check
[PRECHECK] WARNING: no approved formula for 'praeterea' — skipping check
23:55:24 INFO     segment_id=2408 translated in 3 iteration(s)
23:55:24 INFO     [42/126] segment_id=2408  I.q3.a7.respondeo → translated (iter=3, cost=$0.0120, running needs_human=14.3%)
[PRECHECK] WARNING: no approved formula for 'respondeo' — skipping check
[PRECHECK] WARNING: no approved formula for 'sed_contra' — skipping check
[PRECHECK] WARNING: no approved formula for 'praeterea' — skipping check
[PRECHECK] WARNING: no approved formula for 'respondeo' — skipping check
[PRECHECK] WARNING: no approved formula for 'sed_contra' — skipping check
[PRECHECK] WARNING: no approved formula for 'praeterea' — skipping check
[PRECHECK] terminology FAIL: lemma 'intencionálny obraz' (for species) not found in draft
23:55:27 WARNING  segment_id=2846 flagged needs_human after 3 iterations
23:55:27 INFO     [43/126] segment_id=2846  I.q4.a3.respondeo → needs_human (iter=3, cost=$0.0016, running needs_human=16.3%)
[PRECHECK] WARNING: no approved formula for 'respondeo' — skipping check
[PRECHECK] WARNING: no approved formula for 'sed_contra' — skipping check
[PRECHECK] WARNING: no approved formula for 'praeterea' — skipping check
[PRECHECK] WARNING: no approved formula for 'respondeo' — skipping check
[PRECHECK] WARNING: no approved formula for 'sed_contra' — skipping check
[PRECHECK] WARNING: no approved formula for 'praeterea' — skipping check
23:55:29 INFO     segment_id=3393 translated in 1 iteration(s)
23:55:29 INFO     [44/126] segment_id=3393  I.q5.a1.arg3 → translated (iter=1, cost=$0.0009, running needs_human=15.9%)
23:55:30 INFO     segment_id=2839 translated in 2 iteration(s)
23:55:30 INFO     [45/126] segment_id=2839  I.q4.a2.reply3 → translated (iter=1, cost=$0.0053, running needs_human=15.6%)
[PRECHECK] WARNING: no approved formula for 'respondeo' — skipping check
[PRECHECK] WARNING: no approved formula for 'sed_contra' — skipping check
[PRECHECK] WARNING: no approved formula for 'praeterea' — skipping check
[PRECHECK] WARNING: no approved formula for 'respondeo' — skipping check
[PRECHECK] WARNING: no approved formula for 'sed_contra' — skipping check
[PRECHECK] WARNING: no approved formula for 'praeterea' — skipping check
23:55:34 INFO     segment_id=3398 translated in 1 iteration(s)
23:55:34 INFO     [46/126] segment_id=3398  I.q5.a1.reply3 → translated (iter=1, cost=$0.0011, running needs_human=15.2%)
23:55:34 INFO     segment_id=3392 translated in 1 iteration(s)
23:55:34 INFO     [47/126] segment_id=3392  I.q5.a1.arg2 → translated (iter=1, cost=$0.0016, running needs_human=14.9%)
[PRECHECK] WARNING: no approved formula for 'respondeo' — skipping check
[PRECHECK] WARNING: no approved formula for 'sed_contra' — skipping check
[PRECHECK] WARNING: no approved formula for 'praeterea' — skipping check
[PRECHECK] WARNING: no approved formula for 'respondeo' — skipping check
[PRECHECK] WARNING: no approved formula for 'sed_contra' — skipping check
[PRECHECK] WARNING: no approved formula for 'praeterea' — skipping check
23:55:38 INFO     segment_id=3400 translated in 1 iteration(s)
23:55:38 INFO     [48/126] segment_id=3400  I.q5.a2.arg1 → translated (iter=1, cost=$0.0010, running needs_human=14.6%)
23:55:38 INFO     segment_id=3397 translated in 1 iteration(s)
23:55:38 INFO     [49/126] segment_id=3397  I.q5.a1.reply2 → translated (iter=1, cost=$0.0014, running needs_human=14.3%)
23:55:39 INFO     segment_id=3394 translated in 1 iteration(s)
23:55:39 INFO     [50/126] segment_id=3394  I.q5.a1.sed_contra → translated (iter=1, cost=$0.0012, running needs_human=14.0%)
23:55:39 INFO     segment_id=3401 translated in 1 iteration(s)
23:55:39 INFO     [51/126] segment_id=3401  I.q5.a2.arg2 → translated (iter=1, cost=$0.0011, running needs_human=13.7%)
23:55:40 INFO     segment_id=3395 translated in 1 iteration(s)
23:55:40 INFO     [52/126] segment_id=3395  I.q5.a1.respondeo → translated (iter=1, cost=$0.0020, running needs_human=13.5%)
[PRECHECK] WARNING: no approved formula for 'respondeo' — skipping check
[PRECHECK] WARNING: no approved formula for 'sed_contra' — skipping check
[PRECHECK] WARNING: no approved formula for 'praeterea' — skipping check
[PRECHECK] WARNING: no approved formula for 'respondeo' — skipping check
[PRECHECK] WARNING: no approved formula for 'sed_contra' — skipping check
[PRECHECK] WARNING: no approved formula for 'praeterea' — skipping check
[PRECHECK] WARNING: no approved formula for 'respondeo' — skipping check
[PRECHECK] WARNING: no approved formula for 'sed_contra' — skipping check
[PRECHECK] WARNING: no approved formula for 'praeterea' — skipping check
[PRECHECK] terminology FAIL: lemma 'o sebe' (for per se) not found in draft
[PRECHECK] WARNING: no approved formula for 'respondeo' — skipping check
[PRECHECK] WARNING: no approved formula for 'sed_contra' — skipping check
[PRECHECK] WARNING: no approved formula for 'praeterea' — skipping check
[PRECHECK] WARNING: no approved formula for 'respondeo' — skipping check
[PRECHECK] WARNING: no approved formula for 'sed_contra' — skipping check
[PRECHECK] WARNING: no approved formula for 'praeterea' — skipping check
[PRECHECK] WARNING: no approved formula for 'respondeo' — skipping check
[PRECHECK] WARNING: no approved formula for 'sed_contra' — skipping check
[PRECHECK] WARNING: no approved formula for 'praeterea' — skipping check
[PRECHECK] terminology FAIL: lemma 'o sebe' (for per se) not found in draft
[PRECHECK] WARNING: no approved formula for 'respondeo' — skipping check
[PRECHECK] WARNING: no approved formula for 'sed_contra' — skipping check
[PRECHECK] WARNING: no approved formula for 'praeterea' — skipping check
[PRECHECK] terminology FAIL: lemma 'o sebe' (for per se) not found in draft
23:55:46 WARNING  segment_id=3408 flagged needs_human after 3 iterations
23:55:46 INFO     [53/126] segment_id=3408  I.q5.a2.reply3 → needs_human (iter=3, cost=$0.0004, running needs_human=15.1%)
23:55:46 INFO     segment_id=3409 translated in 1 iteration(s)
23:55:46 INFO     [54/126] segment_id=3409  I.q5.a2.reply4 → translated (iter=1, cost=$0.0006, running needs_human=14.8%)
[PRECHECK] WARNING: no approved formula for 'respondeo' — skipping check
[PRECHECK] WARNING: no approved formula for 'sed_contra' — skipping check
[PRECHECK] WARNING: no approved formula for 'praeterea' — skipping check
[PRECHECK] WARNING: no approved formula for 'respondeo' — skipping check
[PRECHECK] WARNING: no approved formula for 'sed_contra' — skipping check
[PRECHECK] WARNING: no approved formula for 'praeterea' — skipping check
23:55:48 INFO     segment_id=3407 translated in 1 iteration(s)
23:55:48 INFO     [55/126] segment_id=3407  I.q5.a2.reply2 → translated (iter=1, cost=$0.0011, running needs_human=14.5%)
[PRECHECK] WARNING: no approved formula for 'respondeo' — skipping check
[PRECHECK] WARNING: no approved formula for 'sed_contra' — skipping check
[PRECHECK] WARNING: no approved formula for 'praeterea' — skipping check
23:55:53 INFO     segment_id=3396 translated in 1 iteration(s)
23:55:53 INFO     [56/126] segment_id=3396  I.q5.a1.reply1 → translated (iter=1, cost=$0.0038, running needs_human=14.3%)
[PRECHECK] WARNING: no approved formula for 'respondeo' — skipping check
[PRECHECK] WARNING: no approved formula for 'sed_contra' — skipping check
[PRECHECK] WARNING: no approved formula for 'praeterea' — skipping check
23:55:56 INFO     segment_id=3412 translated in 1 iteration(s)
23:55:56 INFO     [57/126] segment_id=3412  I.q5.a3.arg2 → translated (iter=1, cost=$0.0007, running needs_human=14.0%)
[PRECHECK] WARNING: no approved formula for 'respondeo' — skipping check
[PRECHECK] WARNING: no approved formula for 'sed_contra' — skipping check
[PRECHECK] WARNING: no approved formula for 'praeterea' — skipping check
23:55:59 INFO     segment_id=3404 translated in 1 iteration(s)
23:55:59 INFO     [58/126] segment_id=3404  I.q5.a2.sed_contra → translated (iter=1, cost=$0.0012, running needs_human=13.8%)
[PRECHECK] WARNING: no approved formula for 'respondeo' — skipping check
[PRECHECK] WARNING: no approved formula for 'sed_contra' — skipping check
[PRECHECK] WARNING: no approved formula for 'praeterea' — skipping check
[PRECHECK] WARNING: no approved formula for 'respondeo' — skipping check
[PRECHECK] WARNING: no approved formula for 'sed_contra' — skipping check
[PRECHECK] WARNING: no approved formula for 'praeterea' — skipping check
23:56:03 INFO     segment_id=3405 translated in 1 iteration(s)
23:56:03 INFO     [59/126] segment_id=3405  I.q5.a2.respondeo → translated (iter=1, cost=$0.0026, running needs_human=13.6%)
23:56:04 INFO     segment_id=3411 translated in 1 iteration(s)
23:56:04 INFO     [60/126] segment_id=3411  I.q5.a3.arg1 → translated (iter=1, cost=$0.0019, running needs_human=13.3%)
[PRECHECK] WARNING: no approved formula for 'respondeo' — skipping check
[PRECHECK] WARNING: no approved formula for 'sed_contra' — skipping check
[PRECHECK] WARNING: no approved formula for 'praeterea' — skipping check
[PRECHECK] WARNING: no approved formula for 'respondeo' — skipping check
[PRECHECK] WARNING: no approved formula for 'sed_contra' — skipping check
[PRECHECK] WARNING: no approved formula for 'praeterea' — skipping check
23:56:05 INFO     segment_id=3413 translated in 1 iteration(s)
23:56:05 INFO     [61/126] segment_id=3413  I.q5.a3.arg3 → translated (iter=1, cost=$0.0013, running needs_human=13.1%)
23:56:05 INFO     segment_id=3414 translated in 1 iteration(s)
23:56:05 INFO     [62/126] segment_id=3414  I.q5.a3.arg4 → translated (iter=1, cost=$0.0010, running needs_human=12.9%)
[PRECHECK] WARNING: no approved formula for 'respondeo' — skipping check
[PRECHECK] WARNING: no approved formula for 'sed_contra' — skipping check
[PRECHECK] WARNING: no approved formula for 'praeterea' — skipping check
[PRECHECK] WARNING: no approved formula for 'respondeo' — skipping check
[PRECHECK] WARNING: no approved formula for 'sed_contra' — skipping check
[PRECHECK] WARNING: no approved formula for 'praeterea' — skipping check
[PRECHECK] WARNING: no approved formula for 'respondeo' — skipping check
[PRECHECK] WARNING: no approved formula for 'sed_contra' — skipping check
[PRECHECK] WARNING: no approved formula for 'praeterea' — skipping check
23:56:09 INFO     segment_id=3418 translated in 1 iteration(s)
23:56:09 INFO     [63/126] segment_id=3418  I.q5.a3.reply2 → translated (iter=1, cost=$0.0006, running needs_human=12.7%)
23:56:11 INFO     segment_id=3406 translated in 1 iteration(s)
23:56:11 INFO     [64/126] segment_id=3406  I.q5.a2.reply1 → translated (iter=1, cost=$0.0044, running needs_human=12.5%)
[PRECHECK] WARNING: no approved formula for 'respondeo' — skipping check
[PRECHECK] WARNING: no approved formula for 'sed_contra' — skipping check
[PRECHECK] WARNING: no approved formula for 'praeterea' — skipping check
[PRECHECK] WARNING: no approved formula for 'respondeo' — skipping check
[PRECHECK] WARNING: no approved formula for 'sed_contra' — skipping check
[PRECHECK] WARNING: no approved formula for 'praeterea' — skipping check
23:56:17 INFO     segment_id=3415 translated in 1 iteration(s)
23:56:17 INFO     [65/126] segment_id=3415  I.q5.a3.sed_contra → translated (iter=1, cost=$0.0008, running needs_human=12.3%)
[PRECHECK] WARNING: no approved formula for 'respondeo' — skipping check
[PRECHECK] WARNING: no approved formula for 'sed_contra' — skipping check
[PRECHECK] WARNING: no approved formula for 'praeterea' — skipping check
23:56:21 INFO     segment_id=3417 translated in 1 iteration(s)
23:56:21 INFO     [66/126] segment_id=3417  I.q5.a3.reply1 → translated (iter=1, cost=$0.0022, running needs_human=12.1%)
[PRECHECK] WARNING: no approved formula for 'respondeo' — skipping check
[PRECHECK] WARNING: no approved formula for 'sed_contra' — skipping check
[PRECHECK] WARNING: no approved formula for 'praeterea' — skipping check
23:56:22 INFO     segment_id=3403 translated in 2 iteration(s)
23:56:22 INFO     [67/126] segment_id=3403  I.q5.a2.arg4 → translated (iter=2, cost=$0.0048, running needs_human=11.9%)
23:56:24 INFO     segment_id=3416 translated in 1 iteration(s)
23:56:24 INFO     [68/126] segment_id=3416  I.q5.a3.respondeo → translated (iter=1, cost=$0.0019, running needs_human=11.8%)
23:56:24 INFO     segment_id=3419 translated in 1 iteration(s)
23:56:24 INFO     [69/126] segment_id=3419  I.q5.a3.reply3 → translated (iter=1, cost=$0.0021, running needs_human=11.6%)
[PRECHECK] WARNING: no approved formula for 'respondeo' — skipping check
[PRECHECK] WARNING: no approved formula for 'sed_contra' — skipping check
[PRECHECK] WARNING: no approved formula for 'praeterea' — skipping check
[PRECHECK] WARNING: no approved formula for 'respondeo' — skipping check
[PRECHECK] WARNING: no approved formula for 'sed_contra' — skipping check
[PRECHECK] WARNING: no approved formula for 'praeterea' — skipping check
[PRECHECK] WARNING: no approved formula for 'respondeo' — skipping check
[PRECHECK] WARNING: no approved formula for 'sed_contra' — skipping check
[PRECHECK] WARNING: no approved formula for 'praeterea' — skipping check
23:56:26 INFO     segment_id=3422 translated in 1 iteration(s)
23:56:26 INFO     [70/126] segment_id=3422  I.q5.a4.arg1 → translated (iter=1, cost=$0.0015, running needs_human=11.4%)
[PRECHECK] WARNING: no approved formula for 'respondeo' — skipping check
[PRECHECK] WARNING: no approved formula for 'sed_contra' — skipping check
[PRECHECK] WARNING: no approved formula for 'praeterea' — skipping check
23:56:29 INFO     segment_id=3424 translated in 1 iteration(s)
23:56:29 INFO     [71/126] segment_id=3424  I.q5.a4.arg3 → translated (iter=1, cost=$0.0008, running needs_human=11.3%)
[PRECHECK] WARNING: no approved formula for 'respondeo' — skipping check
[PRECHECK] WARNING: no approved formula for 'sed_contra' — skipping check
[PRECHECK] WARNING: no approved formula for 'praeterea' — skipping check
[PRECHECK] terminology FAIL: lemma 'čnosť' (for virtus) not found in draft
[PRECHECK] WARNING: no approved formula for 'respondeo' — skipping check
[PRECHECK] WARNING: no approved formula for 'sed_contra' — skipping check
[PRECHECK] WARNING: no approved formula for 'praeterea' — skipping check
[PRECHECK] WARNING: no approved formula for 'respondeo' — skipping check
[PRECHECK] WARNING: no approved formula for 'sed_contra' — skipping check
[PRECHECK] WARNING: no approved formula for 'praeterea' — skipping check
23:56:41 INFO     segment_id=3428 translated in 1 iteration(s)
23:56:41 INFO     [72/126] segment_id=3428  I.q5.a4.reply2 → translated (iter=1, cost=$0.0016, running needs_human=11.1%)
23:56:42 WARNING  segment_id=3402 flagged needs_human after 3 iterations
23:56:42 INFO     [73/126] segment_id=3402  I.q5.a2.arg3 → needs_human (iter=3, cost=$0.0066, running needs_human=12.3%)
23:56:43 INFO     segment_id=3423 translated in 1 iteration(s)
23:56:43 INFO     [74/126] segment_id=3423  I.q5.a4.arg2 → translated (iter=1, cost=$0.0024, running needs_human=12.2%)
23:56:43 INFO     segment_id=3420 translated in 1 iteration(s)
23:56:44 INFO     [75/126] segment_id=3420  I.q5.a3.reply4 → translated (iter=1, cost=$0.0044, running needs_human=12.0%)
23:56:44 INFO     segment_id=3425 translated in 1 iteration(s)
23:56:44 INFO     [76/126] segment_id=3425  I.q5.a4.sed_contra → translated (iter=1, cost=$0.0013, running needs_human=11.8%)
[PRECHECK] WARNING: no approved formula for 'respondeo' — skipping check
[PRECHECK] WARNING: no approved formula for 'sed_contra' — skipping check
[PRECHECK] WARNING: no approved formula for 'praeterea' — skipping check
[PRECHECK] WARNING: no approved formula for 'respondeo' — skipping check
[PRECHECK] WARNING: no approved formula for 'sed_contra' — skipping check
[PRECHECK] WARNING: no approved formula for 'praeterea' — skipping check
[PRECHECK] terminology FAIL: lemma 'intencionálny obraz' (for species) not found in draft
[PRECHECK] WARNING: no approved formula for 'respondeo' — skipping check
[PRECHECK] WARNING: no approved formula for 'sed_contra' — skipping check
[PRECHECK] WARNING: no approved formula for 'praeterea' — skipping check
[PRECHECK] terminology FAIL: lemma 'intencionálny obraz' (for species) not found in draft
[PRECHECK] WARNING: no approved formula for 'respondeo' — skipping check
[PRECHECK] WARNING: no approved formula for 'sed_contra' — skipping check
[PRECHECK] WARNING: no approved formula for 'praeterea' — skipping check
[PRECHECK] terminology FAIL: lemma 'intencionálny obraz' (for species) not found in draft
[PRECHECK] WARNING: no approved formula for 'respondeo' — skipping check
[PRECHECK] WARNING: no approved formula for 'sed_contra' — skipping check
[PRECHECK] WARNING: no approved formula for 'praeterea' — skipping check
[PRECHECK] terminology FAIL: lemma 'intencionálny obraz' (for species) not found in draft
[PRECHECK] WARNING: no approved formula for 'respondeo' — skipping check
[PRECHECK] WARNING: no approved formula for 'sed_contra' — skipping check
[PRECHECK] WARNING: no approved formula for 'praeterea' — skipping check
[PRECHECK] terminology FAIL: lemma 'intencionálny obraz' (for species) not found in draft
[PRECHECK] WARNING: no approved formula for 'respondeo' — skipping check
[PRECHECK] WARNING: no approved formula for 'sed_contra' — skipping check
[PRECHECK] WARNING: no approved formula for 'praeterea' — skipping check
[PRECHECK] terminology FAIL: lemma 'intencionálny obraz' (for species) not found in draft
[PRECHECK] WARNING: no approved formula for 'respondeo' — skipping check
[PRECHECK] WARNING: no approved formula for 'sed_contra' — skipping check
[PRECHECK] WARNING: no approved formula for 'praeterea' — skipping check
[PRECHECK] terminology FAIL: lemma 'intencionálny obraz' (for species) not found in draft
23:56:51 INFO     segment_id=3427 translated in 1 iteration(s)
23:56:51 INFO     [77/126] segment_id=3427  I.q5.a4.reply1 → translated (iter=1, cost=$0.0034, running needs_human=11.7%)
[PRECHECK] WARNING: no approved formula for 'respondeo' — skipping check
[PRECHECK] WARNING: no approved formula for 'sed_contra' — skipping check
[PRECHECK] WARNING: no approved formula for 'praeterea' — skipping check
[PRECHECK] terminology FAIL: lemma 'intencionálny obraz' (for species) not found in draft
[PRECHECK] WARNING: no approved formula for 'respondeo' — skipping check
[PRECHECK] WARNING: no approved formula for 'sed_contra' — skipping check
[PRECHECK] WARNING: no approved formula for 'praeterea' — skipping check
[PRECHECK] terminology FAIL: lemma 'intencionálny obraz' (for species) not found in draft
[PRECHECK] WARNING: no approved formula for 'respondeo' — skipping check
[PRECHECK] WARNING: no approved formula for 'sed_contra' — skipping check
[PRECHECK] WARNING: no approved formula for 'praeterea' — skipping check
[PRECHECK] terminology FAIL: lemma 'intencionálny obraz' (for species) not found in draft
[PRECHECK] WARNING: no approved formula for 'respondeo' — skipping check
[PRECHECK] WARNING: no approved formula for 'sed_contra' — skipping check
[PRECHECK] WARNING: no approved formula for 'praeterea' — skipping check
[PRECHECK] terminology FAIL: lemma 'intencionálny obraz' (for species) not found in draft
23:56:52 WARNING  segment_id=3433 flagged needs_human after 3 iterations
23:56:52 INFO     [78/126] segment_id=3433  I.q5.a5.arg3 → needs_human (iter=3, cost=$0.0002, running needs_human=12.8%)
[PRECHECK] WARNING: no approved formula for 'respondeo' — skipping check
[PRECHECK] WARNING: no approved formula for 'sed_contra' — skipping check
[PRECHECK] WARNING: no approved formula for 'praeterea' — skipping check
[PRECHECK] WARNING: no approved formula for 'respondeo' — skipping check
[PRECHECK] WARNING: no approved formula for 'sed_contra' — skipping check
[PRECHECK] WARNING: no approved formula for 'praeterea' — skipping check
[PRECHECK] terminology FAIL: lemma 'intencionálny obraz' (for species) not found in draft
23:56:53 WARNING  segment_id=3434 flagged needs_human after 3 iterations
23:56:53 INFO     [79/126] segment_id=3434  I.q5.a5.arg4 → needs_human (iter=3, cost=$0.0002, running needs_human=13.9%)
[PRECHECK] WARNING: no approved formula for 'respondeo' — skipping check
[PRECHECK] WARNING: no approved formula for 'sed_contra' — skipping check
[PRECHECK] WARNING: no approved formula for 'praeterea' — skipping check
[PRECHECK] terminology FAIL: lemma 'intencionálny obraz' (for species) not found in draft
23:56:53 WARNING  segment_id=3432 flagged needs_human after 3 iterations
23:56:53 INFO     [80/126] segment_id=3432  I.q5.a5.arg2 → needs_human (iter=3, cost=$0.0004, running needs_human=15.0%)
[PRECHECK] WARNING: no approved formula for 'respondeo' — skipping check
[PRECHECK] WARNING: no approved formula for 'sed_contra' — skipping check
[PRECHECK] WARNING: no approved formula for 'praeterea' — skipping check
[PRECHECK] terminology FAIL: lemma 'intencionálny obraz' (for species) not found in draft
23:56:54 WARNING  segment_id=3435 flagged needs_human after 3 iterations
23:56:54 INFO     [81/126] segment_id=3435  I.q5.a5.arg5 → needs_human (iter=3, cost=$0.0004, running needs_human=16.0%)
[PRECHECK] WARNING: no approved formula for 'respondeo' — skipping check
[PRECHECK] WARNING: no approved formula for 'sed_contra' — skipping check
[PRECHECK] WARNING: no approved formula for 'praeterea' — skipping check
[PRECHECK] terminology FAIL: lemma 'intencionálny obraz' (for species) not found in draft
23:56:54 WARNING  segment_id=3431 flagged needs_human after 3 iterations
23:56:54 INFO     [82/126] segment_id=3431  I.q5.a5.arg1 → needs_human (iter=3, cost=$0.0005, running needs_human=17.1%)
[PRECHECK] WARNING: no approved formula for 'respondeo' — skipping check
[PRECHECK] WARNING: no approved formula for 'sed_contra' — skipping check
[PRECHECK] WARNING: no approved formula for 'praeterea' — skipping check
[PRECHECK] terminology FAIL: lemma 'intencionálny obraz' (for species) not found in draft
[PRECHECK] WARNING: no approved formula for 'respondeo' — skipping check
[PRECHECK] WARNING: no approved formula for 'sed_contra' — skipping check
[PRECHECK] WARNING: no approved formula for 'praeterea' — skipping check
[PRECHECK] terminology FAIL: lemma 'intencionálny obraz' (for species) not found in draft
[PRECHECK] WARNING: no approved formula for 'respondeo' — skipping check
[PRECHECK] WARNING: no approved formula for 'sed_contra' — skipping check
[PRECHECK] WARNING: no approved formula for 'praeterea' — skipping check
[PRECHECK] WARNING: no approved formula for 'respondeo' — skipping check
[PRECHECK] WARNING: no approved formula for 'sed_contra' — skipping check
[PRECHECK] WARNING: no approved formula for 'praeterea' — skipping check
[PRECHECK] terminology FAIL: lemma 'intencionálny obraz' (for species) not found in draft
[PRECHECK] WARNING: no approved formula for 'respondeo' — skipping check
[PRECHECK] WARNING: no approved formula for 'sed_contra' — skipping check
[PRECHECK] WARNING: no approved formula for 'praeterea' — skipping check
[PRECHECK] terminology FAIL: lemma 'intencionálny obraz' (for species) not found in draft
[PRECHECK] WARNING: no approved formula for 'respondeo' — skipping check
[PRECHECK] WARNING: no approved formula for 'sed_contra' — skipping check
[PRECHECK] WARNING: no approved formula for 'praeterea' — skipping check
[PRECHECK] terminology FAIL: lemma 'intencionálny obraz' (for species) not found in draft
[PRECHECK] WARNING: no approved formula for 'respondeo' — skipping check
[PRECHECK] WARNING: no approved formula for 'sed_contra' — skipping check
[PRECHECK] WARNING: no approved formula for 'praeterea' — skipping check
[PRECHECK] terminology FAIL: lemma 'intencionálny obraz' (for species) not found in draft
23:56:59 INFO     segment_id=3426 translated in 2 iteration(s)
23:56:59 INFO     [83/126] segment_id=3426  I.q5.a4.respondeo → translated (iter=1, cost=$0.0038, running needs_human=16.9%)
23:56:59 INFO     segment_id=3438 translated in 1 iteration(s)
23:56:59 INFO     [84/126] segment_id=3438  I.q5.a5.reply1 → translated (iter=1, cost=$0.0008, running needs_human=16.7%)
[PRECHECK] WARNING: no approved formula for 'respondeo' — skipping check
[PRECHECK] WARNING: no approved formula for 'sed_contra' — skipping check
[PRECHECK] WARNING: no approved formula for 'praeterea' — skipping check
[PRECHECK] terminology FAIL: lemma 'intencionálny obraz' (for species) not found in draft
23:57:00 WARNING  segment_id=3439 flagged needs_human after 3 iterations
23:57:00 INFO     [85/126] segment_id=3439  I.q5.a5.reply2 → needs_human (iter=3, cost=$0.0004, running needs_human=17.6%)
[PRECHECK] WARNING: no approved formula for 'respondeo' — skipping check
[PRECHECK] WARNING: no approved formula for 'sed_contra' — skipping check
[PRECHECK] WARNING: no approved formula for 'praeterea' — skipping check
[PRECHECK] terminology FAIL: lemma 'intencionálny obraz' (for species) not found in draft
[PRECHECK] WARNING: no approved formula for 'respondeo' — skipping check
[PRECHECK] WARNING: no approved formula for 'sed_contra' — skipping check
[PRECHECK] WARNING: no approved formula for 'praeterea' — skipping check
[PRECHECK] terminology FAIL: lemma 'intencionálny obraz' (for species) not found in draft
23:57:00 WARNING  segment_id=3441 flagged needs_human after 3 iterations
23:57:00 INFO     [86/126] segment_id=3441  I.q5.a5.reply4 → needs_human (iter=3, cost=$0.0004, running needs_human=18.6%)
[PRECHECK] WARNING: no approved formula for 'respondeo' — skipping check
[PRECHECK] WARNING: no approved formula for 'sed_contra' — skipping check
[PRECHECK] WARNING: no approved formula for 'praeterea' — skipping check
[PRECHECK] terminology FAIL: lemma 'intencionálny obraz' (for species) not found in draft
23:57:01 WARNING  segment_id=3440 flagged needs_human after 3 iterations
23:57:01 INFO     [87/126] segment_id=3440  I.q5.a5.reply3 → needs_human (iter=3, cost=$0.0004, running needs_human=19.5%)
[PRECHECK] WARNING: no approved formula for 'respondeo' — skipping check
[PRECHECK] WARNING: no approved formula for 'sed_contra' — skipping check
[PRECHECK] WARNING: no approved formula for 'praeterea' — skipping check
[PRECHECK] WARNING: no approved formula for 'respondeo' — skipping check
[PRECHECK] WARNING: no approved formula for 'sed_contra' — skipping check
[PRECHECK] WARNING: no approved formula for 'praeterea' — skipping check
[PRECHECK] terminology FAIL: lemma 'prirodzenosť' (for natura) not found in draft
[PRECHECK] terminology FAIL: lemma 'rozum' (for ratio) not found in draft
[PRECHECK] terminology FAIL: lemma 'intencionálny obraz' (for species) not found in draft
[PRECHECK] WARNING: no approved formula for 'respondeo' — skipping check
[PRECHECK] WARNING: no approved formula for 'sed_contra' — skipping check
[PRECHECK] WARNING: no approved formula for 'praeterea' — skipping check
[PRECHECK] WARNING: no approved formula for 'respondeo' — skipping check
[PRECHECK] WARNING: no approved formula for 'sed_contra' — skipping check
[PRECHECK] WARNING: no approved formula for 'praeterea' — skipping check
[PRECHECK] WARNING: no approved formula for 'respondeo' — skipping check
[PRECHECK] WARNING: no approved formula for 'sed_contra' — skipping check
[PRECHECK] WARNING: no approved formula for 'praeterea' — skipping check
[PRECHECK] WARNING: no approved formula for 'respondeo' — skipping check
[PRECHECK] WARNING: no approved formula for 'sed_contra' — skipping check
[PRECHECK] WARNING: no approved formula for 'praeterea' — skipping check
[PRECHECK] terminology FAIL: lemma 'prirodzenosť' (for natura) not found in draft
[PRECHECK] terminology FAIL: lemma 'intencionálny obraz' (for species) not found in draft
23:57:05 INFO     segment_id=3429 translated in 2 iteration(s)
23:57:05 INFO     [88/126] segment_id=3429  I.q5.a4.reply3 → translated (iter=2, cost=$0.0039, running needs_human=19.3%)
[PRECHECK] WARNING: no approved formula for 'respondeo' — skipping check
[PRECHECK] WARNING: no approved formula for 'sed_contra' — skipping check
[PRECHECK] WARNING: no approved formula for 'praeterea' — skipping check
[PRECHECK] terminology FAIL: lemma 'intencionálny obraz' (for species) not found in draft
[PRECHECK] WARNING: no approved formula for 'respondeo' — skipping check
[PRECHECK] WARNING: no approved formula for 'sed_contra' — skipping check
[PRECHECK] WARNING: no approved formula for 'praeterea' — skipping check
[PRECHECK] terminology FAIL: lemma 'prirodzenosť' (for natura) not found in draft
[PRECHECK] terminology FAIL: lemma 'intencionálny obraz' (for species) not found in draft
23:57:07 WARNING  segment_id=3436 flagged needs_human after 3 iterations
23:57:07 INFO     [89/126] segment_id=3436  I.q5.a5.sed_contra → needs_human (iter=3, cost=$0.0004, running needs_human=20.2%)
[PRECHECK] WARNING: no approved formula for 'respondeo' — skipping check
[PRECHECK] WARNING: no approved formula for 'sed_contra' — skipping check
[PRECHECK] WARNING: no approved formula for 'praeterea' — skipping check
[PRECHECK] WARNING: no approved formula for 'respondeo' — skipping check
[PRECHECK] WARNING: no approved formula for 'sed_contra' — skipping check
[PRECHECK] WARNING: no approved formula for 'praeterea' — skipping check
[PRECHECK] WARNING: no approved formula for 'respondeo' — skipping check
[PRECHECK] WARNING: no approved formula for 'sed_contra' — skipping check
[PRECHECK] WARNING: no approved formula for 'praeterea' — skipping check
[PRECHECK] terminology FAIL: lemma 'intencionálny obraz' (for species) not found in draft
23:57:09 WARNING  segment_id=3437 flagged needs_human after 3 iterations
23:57:09 INFO     [90/126] segment_id=3437  I.q5.a5.respondeo → needs_human (iter=3, cost=$0.0009, running needs_human=21.1%)
23:57:12 INFO     segment_id=3449 translated in 1 iteration(s)
23:57:12 INFO     [91/126] segment_id=3449  I.q5.a6.reply1 → translated (iter=1, cost=$0.0011, running needs_human=20.9%)
[PRECHECK] WARNING: no approved formula for 'respondeo' — skipping check
[PRECHECK] WARNING: no approved formula for 'sed_contra' — skipping check
[PRECHECK] WARNING: no approved formula for 'praeterea' — skipping check
[PRECHECK] WARNING: no approved formula for 'respondeo' — skipping check
[PRECHECK] WARNING: no approved formula for 'sed_contra' — skipping check
[PRECHECK] WARNING: no approved formula for 'praeterea' — skipping check
[PRECHECK] terminology FAIL: lemma 'o sebe' (for per se) not found in draft
23:57:14 INFO     segment_id=3446 translated in 1 iteration(s)
23:57:14 INFO     [92/126] segment_id=3446  I.q5.a6.arg3 → translated (iter=1, cost=$0.0014, running needs_human=20.7%)
23:57:15 INFO     segment_id=3442 translated in 1 iteration(s)
23:57:15 INFO     [93/126] segment_id=3442  I.q5.a5.reply5 → translated (iter=1, cost=$0.0021, running needs_human=20.4%)
[PRECHECK] WARNING: no approved formula for 'respondeo' — skipping check
[PRECHECK] WARNING: no approved formula for 'sed_contra' — skipping check
[PRECHECK] WARNING: no approved formula for 'praeterea' — skipping check
[PRECHECK] terminology FAIL: lemma 'intencionálny obraz' (for species) not found in draft
[PRECHECK] WARNING: no approved formula for 'respondeo' — skipping check
[PRECHECK] WARNING: no approved formula for 'sed_contra' — skipping check
[PRECHECK] WARNING: no approved formula for 'praeterea' — skipping check
[PRECHECK] WARNING: no approved formula for 'respondeo' — skipping check
[PRECHECK] WARNING: no approved formula for 'sed_contra' — skipping check
[PRECHECK] WARNING: no approved formula for 'praeterea' — skipping check
[PRECHECK] terminology FAIL: lemma 'o sebe' (for per se) not found in draft
23:57:18 INFO     segment_id=3445 translated in 1 iteration(s)
23:57:18 INFO     [94/126] segment_id=3445  I.q5.a6.arg2 → translated (iter=1, cost=$0.0019, running needs_human=20.2%)
[PRECHECK] WARNING: no approved formula for 'respondeo' — skipping check
[PRECHECK] WARNING: no approved formula for 'sed_contra' — skipping check
[PRECHECK] WARNING: no approved formula for 'praeterea' — skipping check
[PRECHECK] terminology FAIL: lemma 'intencionálny obraz' (for species) not found in draft
[PRECHECK] WARNING: no approved formula for 'respondeo' — skipping check
[PRECHECK] WARNING: no approved formula for 'sed_contra' — skipping check
[PRECHECK] WARNING: no approved formula for 'praeterea' — skipping check
[PRECHECK] terminology FAIL: lemma 'rozum' (for ratio) not found in draft
[PRECHECK] terminology FAIL: lemma 'intencionálny obraz' (for species) not found in draft
[PRECHECK] WARNING: no approved formula for 'respondeo' — skipping check
[PRECHECK] WARNING: no approved formula for 'sed_contra' — skipping check
[PRECHECK] WARNING: no approved formula for 'praeterea' — skipping check
[PRECHECK] terminology FAIL: lemma 'intencionálny obraz' (for species) not found in draft
23:57:21 WARNING  segment_id=3836 flagged needs_human after 3 iterations
23:57:21 INFO     [95/126] segment_id=3836  I.q6.a1.arg1 → needs_human (iter=3, cost=$0.0003, running needs_human=21.1%)
[PRECHECK] WARNING: no approved formula for 'respondeo' — skipping check
[PRECHECK] WARNING: no approved formula for 'sed_contra' — skipping check
[PRECHECK] WARNING: no approved formula for 'praeterea' — skipping check
[PRECHECK] terminology FAIL: lemma 'o sebe' (for per se) not found in draft
23:57:21 WARNING  segment_id=3448 flagged needs_human after 3 iterations
23:57:21 INFO     [96/126] segment_id=3448  I.q5.a6.respondeo → needs_human (iter=3, cost=$0.0008, running needs_human=21.9%)
23:57:22 INFO     segment_id=3451 translated in 1 iteration(s)
23:57:22 INFO     [97/126] segment_id=3451  I.q5.a6.reply3 → translated (iter=1, cost=$0.0015, running needs_human=21.6%)
[PRECHECK] WARNING: no approved formula for 'respondeo' — skipping check
[PRECHECK] WARNING: no approved formula for 'sed_contra' — skipping check
[PRECHECK] WARNING: no approved formula for 'praeterea' — skipping check
[PRECHECK] terminology FAIL: lemma 'rozum' (for ratio) not found in draft
[PRECHECK] terminology FAIL: lemma 'intencionálny obraz' (for species) not found in draft
23:57:23 INFO     segment_id=3444 translated in 1 iteration(s)
23:57:23 INFO     [98/126] segment_id=3444  I.q5.a6.arg1 → translated (iter=1, cost=$0.0024, running needs_human=21.4%)
[PRECHECK] WARNING: no approved formula for 'respondeo' — skipping check
[PRECHECK] WARNING: no approved formula for 'sed_contra' — skipping check
[PRECHECK] WARNING: no approved formula for 'praeterea' — skipping check
[PRECHECK] WARNING: no approved formula for 'respondeo' — skipping check
[PRECHECK] WARNING: no approved formula for 'sed_contra' — skipping check
[PRECHECK] WARNING: no approved formula for 'praeterea' — skipping check
[PRECHECK] WARNING: no approved formula for 'respondeo' — skipping check
[PRECHECK] WARNING: no approved formula for 'sed_contra' — skipping check
[PRECHECK] WARNING: no approved formula for 'praeterea' — skipping check
[PRECHECK] terminology FAIL: lemma 'intencionálny obraz' (for species) not found in draft
23:57:24 WARNING  segment_id=3840 flagged needs_human after 3 iterations
23:57:24 INFO     [99/126] segment_id=3840  I.q6.a1.reply1 → needs_human (iter=3, cost=$0.0002, running needs_human=22.2%)
23:57:24 INFO     segment_id=3447 translated in 1 iteration(s)
23:57:24 INFO     [100/126] segment_id=3447  I.q5.a6.sed_contra → translated (iter=1, cost=$0.0010, running needs_human=22.0%)
[PRECHECK] WARNING: no approved formula for 'respondeo' — skipping check
[PRECHECK] WARNING: no approved formula for 'sed_contra' — skipping check
[PRECHECK] WARNING: no approved formula for 'praeterea' — skipping check
[PRECHECK] WARNING: no approved formula for 'respondeo' — skipping check
[PRECHECK] WARNING: no approved formula for 'sed_contra' — skipping check
[PRECHECK] WARNING: no approved formula for 'praeterea' — skipping check
[PRECHECK] WARNING: no approved formula for 'respondeo' — skipping check
[PRECHECK] WARNING: no approved formula for 'sed_contra' — skipping check
[PRECHECK] WARNING: no approved formula for 'praeterea' — skipping check
[PRECHECK] WARNING: no approved formula for 'respondeo' — skipping check
[PRECHECK] WARNING: no approved formula for 'sed_contra' — skipping check
[PRECHECK] WARNING: no approved formula for 'praeterea' — skipping check
23:57:29 INFO     segment_id=3450 translated in 1 iteration(s)
23:57:29 INFO     [101/126] segment_id=3450  I.q5.a6.reply2 → translated (iter=1, cost=$0.0025, running needs_human=21.8%)
[PRECHECK] WARNING: no approved formula for 'respondeo' — skipping check
[PRECHECK] WARNING: no approved formula for 'sed_contra' — skipping check
[PRECHECK] WARNING: no approved formula for 'praeterea' — skipping check
23:57:34 INFO     segment_id=3841 translated in 1 iteration(s)
23:57:34 INFO     [102/126] segment_id=3841  I.q6.a1.reply2 → translated (iter=1, cost=$0.0015, running needs_human=21.6%)
23:57:35 INFO     segment_id=3839 translated in 1 iteration(s)
23:57:35 INFO     [103/126] segment_id=3839  I.q6.a1.respondeo → translated (iter=1, cost=$0.0014, running needs_human=21.4%)
23:57:36 INFO     segment_id=3838 translated in 1 iteration(s)
23:57:36 INFO     [104/126] segment_id=3838  I.q6.a1.sed_contra → translated (iter=1, cost=$0.0012, running needs_human=21.2%)
[PRECHECK] WARNING: no approved formula for 'respondeo' — skipping check
[PRECHECK] WARNING: no approved formula for 'sed_contra' — skipping check
[PRECHECK] WARNING: no approved formula for 'praeterea' — skipping check
[PRECHECK] WARNING: no approved formula for 'respondeo' — skipping check
[PRECHECK] WARNING: no approved formula for 'sed_contra' — skipping check
[PRECHECK] WARNING: no approved formula for 'praeterea' — skipping check
23:57:37 INFO     segment_id=3843 translated in 1 iteration(s)
23:57:37 INFO     [105/126] segment_id=3843  I.q6.a2.arg1 → translated (iter=1, cost=$0.0015, running needs_human=21.0%)
[PRECHECK] WARNING: no approved formula for 'respondeo' — skipping check
[PRECHECK] WARNING: no approved formula for 'sed_contra' — skipping check
[PRECHECK] WARNING: no approved formula for 'praeterea' — skipping check
23:57:39 INFO     segment_id=3837 translated in 1 iteration(s)
23:57:39 INFO     [106/126] segment_id=3837  I.q6.a1.arg2 → translated (iter=1, cost=$0.0022, running needs_human=20.8%)
[PRECHECK] WARNING: no approved formula for 'respondeo' — skipping check
[PRECHECK] WARNING: no approved formula for 'sed_contra' — skipping check
[PRECHECK] WARNING: no approved formula for 'praeterea' — skipping check
[PRECHECK] terminology FAIL: lemma 'rozum' (for ratio) not found in draft
[PRECHECK] terminology FAIL: lemma 'intencionálny obraz' (for species) not found in draft
23:57:41 INFO     segment_id=3845 translated in 1 iteration(s)
23:57:41 INFO     [107/126] segment_id=3845  I.q6.a2.arg3 → translated (iter=1, cost=$0.0016, running needs_human=20.6%)
[PRECHECK] WARNING: no approved formula for 'respondeo' — skipping check
[PRECHECK] WARNING: no approved formula for 'sed_contra' — skipping check
[PRECHECK] WARNING: no approved formula for 'praeterea' — skipping check
[PRECHECK] terminology FAIL: lemma 'habitus' (for habitus) not found in draft
[PRECHECK] WARNING: no approved formula for 'respondeo' — skipping check
[PRECHECK] WARNING: no approved formula for 'sed_contra' — skipping check
[PRECHECK] WARNING: no approved formula for 'praeterea' — skipping check
[PRECHECK] terminology FAIL: lemma 'habitus' (for habitus) not found in draft
[PRECHECK] WARNING: no approved formula for 'respondeo' — skipping check
[PRECHECK] WARNING: no approved formula for 'sed_contra' — skipping check
[PRECHECK] WARNING: no approved formula for 'praeterea' — skipping check
[PRECHECK] WARNING: no approved formula for 'respondeo' — skipping check
[PRECHECK] WARNING: no approved formula for 'sed_contra' — skipping check
[PRECHECK] WARNING: no approved formula for 'praeterea' — skipping check
[PRECHECK] terminology FAIL: lemma 'intencionálny obraz' (for species) not found in draft
[PRECHECK] WARNING: no approved formula for 'respondeo' — skipping check
[PRECHECK] WARNING: no approved formula for 'sed_contra' — skipping check
[PRECHECK] WARNING: no approved formula for 'praeterea' — skipping check
[PRECHECK] terminology FAIL: lemma 'habitus' (for habitus) not found in draft
23:57:46 WARNING  segment_id=3852 flagged needs_human after 3 iterations
23:57:46 INFO     [108/126] segment_id=3852  I.q6.a3.arg1 → needs_human (iter=3, cost=$0.0002, running needs_human=21.3%)
23:57:48 INFO     segment_id=3846 translated in 1 iteration(s)
23:57:48 INFO     [109/126] segment_id=3846  I.q6.a2.sed_contra → translated (iter=1, cost=$0.0011, running needs_human=21.1%)
[PRECHECK] WARNING: no approved formula for 'respondeo' — skipping check
[PRECHECK] WARNING: no approved formula for 'sed_contra' — skipping check
[PRECHECK] WARNING: no approved formula for 'praeterea' — skipping check
[PRECHECK] terminology FAIL: lemma 'intencionálny obraz' (for species) not found in draft
23:57:48 WARNING  segment_id=3847 flagged needs_human after 3 iterations
23:57:48 INFO     [110/126] segment_id=3847  I.q6.a2.respondeo → needs_human (iter=3, cost=$0.0008, running needs_human=21.8%)
[PRECHECK] WARNING: no approved formula for 'respondeo' — skipping check
[PRECHECK] WARNING: no approved formula for 'sed_contra' — skipping check
[PRECHECK] WARNING: no approved formula for 'praeterea' — skipping check
[PRECHECK] terminology FAIL: lemma 'súcno' (for ens) not found in draft
[PRECHECK] WARNING: no approved formula for 'respondeo' — skipping check
[PRECHECK] WARNING: no approved formula for 'sed_contra' — skipping check
[PRECHECK] WARNING: no approved formula for 'praeterea' — skipping check
[PRECHECK] WARNING: no approved formula for 'respondeo' — skipping check
[PRECHECK] WARNING: no approved formula for 'sed_contra' — skipping check
[PRECHECK] WARNING: no approved formula for 'praeterea' — skipping check
23:57:51 INFO     segment_id=3850 translated in 1 iteration(s)
23:57:51 INFO     [111/126] segment_id=3850  I.q6.a2.reply3 → translated (iter=1, cost=$0.0017, running needs_human=21.6%)
23:57:51 INFO     segment_id=3853 translated in 1 iteration(s)
23:57:51 INFO     [112/126] segment_id=3853  I.q6.a3.arg2 → translated (iter=1, cost=$0.0009, running needs_human=21.4%)
[PRECHECK] WARNING: no approved formula for 'respondeo' — skipping check
[PRECHECK] WARNING: no approved formula for 'sed_contra' — skipping check
[PRECHECK] WARNING: no approved formula for 'praeterea' — skipping check
23:57:53 INFO     segment_id=3848 translated in 1 iteration(s)
23:57:53 INFO     [113/126] segment_id=3848  I.q6.a2.reply1 → translated (iter=1, cost=$0.0025, running needs_human=21.2%)
[PRECHECK] WARNING: no approved formula for 'respondeo' — skipping check
[PRECHECK] WARNING: no approved formula for 'sed_contra' — skipping check
[PRECHECK] WARNING: no approved formula for 'praeterea' — skipping check
[PRECHECK] terminology FAIL: lemma 'rozum' (for ratio) not found in draft
[PRECHECK] WARNING: no approved formula for 'respondeo' — skipping check
[PRECHECK] WARNING: no approved formula for 'sed_contra' — skipping check
[PRECHECK] WARNING: no approved formula for 'praeterea' — skipping check
[PRECHECK] WARNING: no approved formula for 'respondeo' — skipping check
[PRECHECK] WARNING: no approved formula for 'sed_contra' — skipping check
[PRECHECK] WARNING: no approved formula for 'praeterea' — skipping check
[PRECHECK] WARNING: no approved formula for 'respondeo' — skipping check
[PRECHECK] WARNING: no approved formula for 'sed_contra' — skipping check
[PRECHECK] WARNING: no approved formula for 'praeterea' — skipping check
[PRECHECK] WARNING: no approved formula for 'respondeo' — skipping check
[PRECHECK] WARNING: no approved formula for 'sed_contra' — skipping check
[PRECHECK] WARNING: no approved formula for 'praeterea' — skipping check
23:57:57 INFO     segment_id=3858 translated in 1 iteration(s)
23:57:57 INFO     [114/126] segment_id=3858  I.q6.a3.reply2 → translated (iter=1, cost=$0.0008, running needs_human=21.1%)
[PRECHECK] WARNING: no approved formula for 'respondeo' — skipping check
[PRECHECK] WARNING: no approved formula for 'sed_contra' — skipping check
[PRECHECK] WARNING: no approved formula for 'praeterea' — skipping check
[PRECHECK] WARNING: no approved formula for 'respondeo' — skipping check
[PRECHECK] WARNING: no approved formula for 'sed_contra' — skipping check
[PRECHECK] WARNING: no approved formula for 'praeterea' — skipping check
23:58:02 INFO     segment_id=3857 translated in 1 iteration(s)
23:58:02 INFO     [115/126] segment_id=3857  I.q6.a3.reply1 → translated (iter=1, cost=$0.0014, running needs_human=20.9%)
[PRECHECK] WARNING: no approved formula for 'respondeo' — skipping check
[PRECHECK] WARNING: no approved formula for 'sed_contra' — skipping check
[PRECHECK] WARNING: no approved formula for 'praeterea' — skipping check
23:58:05 INFO     segment_id=3844 translated in 2 iteration(s)
23:58:05 INFO     [116/126] segment_id=3844  I.q6.a2.arg2 → translated (iter=1, cost=$0.0040, running needs_human=20.7%)
23:58:05 INFO     segment_id=3849 translated in 2 iteration(s)
23:58:05 INFO     [117/126] segment_id=3849  I.q6.a2.reply2 → translated (iter=1, cost=$0.0029, running needs_human=20.5%)
[PRECHECK] WARNING: no approved formula for 'respondeo' — skipping check
[PRECHECK] WARNING: no approved formula for 'sed_contra' — skipping check
[PRECHECK] WARNING: no approved formula for 'praeterea' — skipping check
23:58:08 INFO     segment_id=3855 translated in 1 iteration(s)
23:58:08 INFO     [118/126] segment_id=3855  I.q6.a3.sed_contra → translated (iter=1, cost=$0.0015, running needs_human=20.3%)
[PRECHECK] WARNING: no approved formula for 'respondeo' — skipping check
[PRECHECK] WARNING: no approved formula for 'sed_contra' — skipping check
[PRECHECK] WARNING: no approved formula for 'praeterea' — skipping check
23:58:10 INFO     segment_id=3865 translated in 1 iteration(s)
23:58:10 INFO     [119/126] segment_id=3865  I.q6.a4.reply0 → translated (iter=1, cost=$0.0005, running needs_human=20.2%)
23:58:12 INFO     segment_id=3854 translated in 2 iteration(s)
23:58:12 INFO     [120/126] segment_id=3854  I.q6.a3.arg3 → translated (iter=2, cost=$0.0026, running needs_human=20.0%)
[PRECHECK] WARNING: no approved formula for 'respondeo' — skipping check
[PRECHECK] WARNING: no approved formula for 'sed_contra' — skipping check
[PRECHECK] WARNING: no approved formula for 'praeterea' — skipping check
[PRECHECK] terminology FAIL: lemma 'o sebe' (for per se) not found in draft
[PRECHECK] terminology FAIL: lemma 'intencionálny obraz' (for species) not found in draft
[PRECHECK] WARNING: no approved formula for 'respondeo' — skipping check
[PRECHECK] WARNING: no approved formula for 'sed_contra' — skipping check
[PRECHECK] WARNING: no approved formula for 'praeterea' — skipping check
23:58:16 INFO     segment_id=3862 translated in 1 iteration(s)
23:58:16 INFO     [121/126] segment_id=3862  I.q6.a4.arg2 → translated (iter=1, cost=$0.0015, running needs_human=19.8%)
[PRECHECK] WARNING: no approved formula for 'respondeo' — skipping check
[PRECHECK] WARNING: no approved formula for 'sed_contra' — skipping check
[PRECHECK] WARNING: no approved formula for 'praeterea' — skipping check
[PRECHECK] terminology FAIL: lemma 'o sebe' (for per se) not found in draft
[PRECHECK] terminology FAIL: lemma 'intencionálny obraz' (for species) not found in draft
23:58:21 INFO     segment_id=3863 translated in 1 iteration(s)
23:58:21 INFO     [122/126] segment_id=3863  I.q6.a4.sed_contra → translated (iter=1, cost=$0.0013, running needs_human=19.7%)
[PRECHECK] WARNING: no approved formula for 'respondeo' — skipping check
[PRECHECK] WARNING: no approved formula for 'sed_contra' — skipping check
[PRECHECK] WARNING: no approved formula for 'praeterea' — skipping check
[PRECHECK] terminology FAIL: lemma 'o sebe' (for per se) not found in draft
[PRECHECK] terminology FAIL: lemma 'intencionálny obraz' (for species) not found in draft
23:58:23 WARNING  segment_id=3864 flagged needs_human after 3 iterations
23:58:23 INFO     [123/126] segment_id=3864  I.q6.a4.respondeo → needs_human (iter=3, cost=$0.0011, running needs_human=20.3%)
[PRECHECK] WARNING: no approved formula for 'respondeo' — skipping check
[PRECHECK] WARNING: no approved formula for 'sed_contra' — skipping check
[PRECHECK] WARNING: no approved formula for 'praeterea' — skipping check
[PRECHECK] WARNING: no approved formula for 'respondeo' — skipping check
[PRECHECK] WARNING: no approved formula for 'sed_contra' — skipping check
[PRECHECK] WARNING: no approved formula for 'praeterea' — skipping check
23:58:35 INFO     segment_id=3861 translated in 2 iteration(s)
23:58:35 INFO     [124/126] segment_id=3861  I.q6.a4.arg1 → translated (iter=2, cost=$0.0037, running needs_human=20.2%)
23:58:51 INFO     segment_id=3859 translated in 3 iteration(s)
23:58:51 INFO     [125/126] segment_id=3859  I.q6.a3.reply3 → translated (iter=3, cost=$0.0061, running needs_human=20.0%)
[PRECHECK] WARNING: no approved formula for 'respondeo' — skipping check
[PRECHECK] WARNING: no approved formula for 'sed_contra' — skipping check
[PRECHECK] WARNING: no approved formula for 'praeterea' — skipping check
23:59:18 WARNING  segment_id=3856 flagged needs_human after 3 iterations
23:59:18 INFO     [126/126] segment_id=3856  I.q6.a3.respondeo → needs_human (iter=3, cost=$0.0095, running needs_human=20.6%)
23:59:19 INFO     Report written: /Users/agalad/Workspace/python/aquinas-pipeline/reports/m4_pilot.txt
23:59:19 ERROR    ABORT: needs_human rate 20.6% > 20% — rubric too strict; adjust reviewer.py before proceeding
